
===========================================================================
report_checks -path_delay min (Hold)
============================================================================
Startpoint: _94961_ (rising edge-triggered flip-flop clocked by clk)
Endpoint: _94961_ (rising edge-triggered flip-flop clocked by clk)
Path Group: clk
Path Type: min

Fanout     Cap    Slew   Delay    Time   Description
-----------------------------------------------------------------------------
                  0.15    0.00    0.00   clock clk (rise edge)
                          0.00    0.00   clock network delay (ideal)
                  0.15    0.00    0.00 ^ _94961_/CLK (sky130_fd_sc_hd__dfxtp_1)
                  0.08    0.34    0.34 ^ _94961_/Q (sky130_fd_sc_hd__dfxtp_1)
     2    0.01                           l1dcache_u.counter[7] (net)
                  0.08    0.00    0.34 ^ _84493_/A (sky130_fd_sc_hd__xor2_1)
                  0.04    0.07    0.41 v _84493_/X (sky130_fd_sc_hd__xor2_1)
     1    0.00                           _08075_ (net)
                  0.04    0.00    0.41 v _94961_/D (sky130_fd_sc_hd__dfxtp_1)
                                  0.41   data arrival time

                  0.15    0.00    0.00   clock clk (rise edge)
                          0.00    0.00   clock network delay (ideal)
                          0.25    0.25   clock uncertainty
                          0.00    0.25   clock reconvergence pessimism
                                  0.25 ^ _94961_/CLK (sky130_fd_sc_hd__dfxtp_1)
                         -0.02    0.23   library hold time
                                  0.23   data required time
-----------------------------------------------------------------------------
                                  0.23   data required time
                                 -0.41   data arrival time
-----------------------------------------------------------------------------
                                  0.18   slack (MET)


Startpoint: _95261_ (rising edge-triggered flip-flop clocked by clk)
Endpoint: _95260_ (rising edge-triggered flip-flop clocked by clk)
Path Group: clk
Path Type: min

Fanout     Cap    Slew   Delay    Time   Description
-----------------------------------------------------------------------------
                  0.15    0.00    0.00   clock clk (rise edge)
                          0.00    0.00   clock network delay (ideal)
                  0.15    0.00    0.00 ^ _95261_/CLK (sky130_fd_sc_hd__dfxtp_1)
                  0.04    0.32    0.32 ^ _95261_/Q (sky130_fd_sc_hd__dfxtp_1)
     1    0.00                           l1dcache_u.S2_OPCODE_Q.dff_q (net)
                  0.04    0.00    0.32 ^ _46059_/A1 (sky130_fd_sc_hd__a21o_1)
                  0.05    0.11    0.43 ^ _46059_/X (sky130_fd_sc_hd__a21o_1)
     2    0.00                           l1dcache_u.S2_OPCODE.d (net)
                  0.05    0.00    0.43 ^ _95260_/D (sky130_fd_sc_hd__dfxtp_4)
                                  0.43   data arrival time

                  0.15    0.00    0.00   clock clk (rise edge)
                          0.00    0.00   clock network delay (ideal)
                          0.25    0.25   clock uncertainty
                          0.00    0.25   clock reconvergence pessimism
                                  0.25 ^ _95260_/CLK (sky130_fd_sc_hd__dfxtp_4)
                         -0.02    0.23   library hold time
                                  0.23   data required time
-----------------------------------------------------------------------------
                                  0.23   data required time
                                 -0.43   data arrival time
-----------------------------------------------------------------------------
                                  0.20   slack (MET)


Startpoint: _91897_ (rising edge-triggered flip-flop clocked by clk)
Endpoint: _91897_ (rising edge-triggered flip-flop clocked by clk)
Path Group: clk
Path Type: min

Fanout     Cap    Slew   Delay    Time   Description
-----------------------------------------------------------------------------
                  0.15    0.00    0.00   clock clk (rise edge)
                          0.00    0.00   clock network delay (ideal)
                  0.15    0.00    0.00 ^ _91897_/CLK (sky130_fd_sc_hd__dfxtp_1)
                  0.06    0.33    0.33 ^ _91897_/Q (sky130_fd_sc_hd__dfxtp_1)
     2    0.00                           core_u.hehe_backend.backend_rcu.rob_commited[1] (net)
                  0.06    0.00    0.33 ^ _47140_/A1 (sky130_fd_sc_hd__a21o_1)
                  0.04    0.10    0.43 ^ _47140_/X (sky130_fd_sc_hd__a21o_1)
     1    0.00                           _00181_ (net)
                  0.04    0.00    0.43 ^ _91897_/D (sky130_fd_sc_hd__dfxtp_1)
                                  0.43   data arrival time

                  0.15    0.00    0.00   clock clk (rise edge)
                          0.00    0.00   clock network delay (ideal)
                          0.25    0.25   clock uncertainty
                          0.00    0.25   clock reconvergence pessimism
                                  0.25 ^ _91897_/CLK (sky130_fd_sc_hd__dfxtp_1)
                         -0.02    0.23   library hold time
                                  0.23   data required time
-----------------------------------------------------------------------------
                                  0.23   data required time
                                 -0.43   data arrival time
-----------------------------------------------------------------------------
                                  0.20   slack (MET)


Startpoint: _95019_ (rising edge-triggered flip-flop clocked by clk)
Endpoint: _95181_ (rising edge-triggered flip-flop clocked by clk)
Path Group: clk
Path Type: min

Fanout     Cap    Slew   Delay    Time   Description
-----------------------------------------------------------------------------
                  0.15    0.00    0.00   clock clk (rise edge)
                          0.00    0.00   clock network delay (ideal)
                  0.15    0.00    0.00 ^ _95019_/CLK (sky130_fd_sc_hd__dfxtp_1)
                  0.04    0.32    0.32 ^ _95019_/Q (sky130_fd_sc_hd__dfxtp_1)
     1    0.00                           l1dcache_u.S2_VALID_Q.dff_q (net)
                  0.04    0.00    0.32 ^ _47868_/A1 (sky130_fd_sc_hd__a21o_1)
                  0.05    0.11    0.43 ^ _47868_/X (sky130_fd_sc_hd__a21o_1)
     2    0.00                           l1dcache_u.S2_VALID.d (net)
                  0.05    0.00    0.43 ^ _95181_/D (sky130_fd_sc_hd__dfxtp_2)
                                  0.43   data arrival time

                  0.15    0.00    0.00   clock clk (rise edge)
                          0.00    0.00   clock network delay (ideal)
                          0.25    0.25   clock uncertainty
                          0.00    0.25   clock reconvergence pessimism
                                  0.25 ^ _95181_/CLK (sky130_fd_sc_hd__dfxtp_2)
                         -0.02    0.23   library hold time
                                  0.23   data required time
-----------------------------------------------------------------------------
                                  0.23   data required time
                                 -0.43   data arrival time
-----------------------------------------------------------------------------
                                  0.20   slack (MET)


Startpoint: _96079_ (rising edge-triggered flip-flop clocked by clk)
Endpoint: _96079_ (rising edge-triggered flip-flop clocked by clk)
Path Group: clk
Path Type: min

Fanout     Cap    Slew   Delay    Time   Description
-----------------------------------------------------------------------------
                  0.15    0.00    0.00   clock clk (rise edge)
                          0.00    0.00   clock network delay (ideal)
                  0.15    0.00    0.00 ^ _96079_/CLK (sky130_fd_sc_hd__dfxtp_1)
                  0.07    0.34    0.34 ^ _96079_/Q (sky130_fd_sc_hd__dfxtp_1)
     2    0.01                           l1dcache_u.data_save[55] (net)
                  0.07    0.00    0.34 ^ _86378_/A1 (sky130_fd_sc_hd__a21o_1)
                  0.03    0.10    0.44 ^ _86378_/X (sky130_fd_sc_hd__a21o_1)
     1    0.00                           _09006_ (net)
                  0.03    0.00    0.44 ^ _96079_/D (sky130_fd_sc_hd__dfxtp_1)
                                  0.44   data arrival time

                  0.15    0.00    0.00   clock clk (rise edge)
                          0.00    0.00   clock network delay (ideal)
                          0.25    0.25   clock uncertainty
                          0.00    0.25   clock reconvergence pessimism
                                  0.25 ^ _96079_/CLK (sky130_fd_sc_hd__dfxtp_1)
                         -0.02    0.23   library hold time
                                  0.23   data required time
-----------------------------------------------------------------------------
                                  0.23   data required time
                                 -0.44   data arrival time
-----------------------------------------------------------------------------
                                  0.21   slack (MET)


