
===========================================================================
report_checks -path_delay max (Setup)
============================================================================
Startpoint: m2_wbd_ack_i (input port clocked by clk)
Endpoint: m2_wbd_cyc_o (output port clocked by clk)
Path Group: clk
Path Type: max

Fanout     Cap    Slew   Delay    Time   Description
-----------------------------------------------------------------------------
                  0.15    0.00    0.00   clock clk (rise edge)
                          0.00    0.00   clock network delay (ideal)
                         10.00   10.00 v input external delay
                  0.39    0.37   10.37 v m2_wbd_ack_i (in)
     7    0.16                           m2_wbd_ack_i (net)
                  0.47    0.00   10.37 v _44824_/A (sky130_fd_sc_hd__nand2_2)
                  0.32    0.41   10.78 ^ _44824_/Y (sky130_fd_sc_hd__nand2_2)
     6    0.06                           _10518_ (net)
                  0.32    0.00   10.78 ^ _44825_/A (sky130_fd_sc_hd__or3b_2)
                  0.07    0.22   11.00 ^ _44825_/X (sky130_fd_sc_hd__or3b_2)
     1    0.01                           _10519_ (net)
                  0.07    0.00   11.00 ^ _44826_/A (sky130_fd_sc_hd__buf_1)
                  0.45    0.39   11.39 ^ _44826_/X (sky130_fd_sc_hd__buf_1)
     8    0.04                           _10520_ (net)
                  0.45    0.00   11.39 ^ _44827_/A (sky130_fd_sc_hd__buf_1)
                  0.47    0.45   11.84 ^ _44827_/X (sky130_fd_sc_hd__buf_1)
    10    0.04                           _10521_ (net)
                  0.47    0.00   11.84 ^ _44828_/A (sky130_fd_sc_hd__buf_1)
                  0.82    0.69   12.53 ^ _44828_/X (sky130_fd_sc_hd__buf_1)
    10    0.07                           _10522_ (net)
                  0.82    0.01   12.54 ^ _44829_/A (sky130_fd_sc_hd__buf_1)
                  0.87    0.75   13.29 ^ _44829_/X (sky130_fd_sc_hd__buf_1)
    10    0.08                           _10523_ (net)
                  0.87    0.00   13.29 ^ _44978_/A (sky130_fd_sc_hd__buf_1)
                  0.69    0.62   13.91 ^ _44978_/X (sky130_fd_sc_hd__buf_1)
    10    0.06                           _10672_ (net)
                  0.69    0.00   13.91 ^ _44979_/A (sky130_fd_sc_hd__buf_1)
                  0.66    0.60   14.51 ^ _44979_/X (sky130_fd_sc_hd__buf_1)
    10    0.06                           _10673_ (net)
                  0.66    0.00   14.51 ^ _44980_/A (sky130_fd_sc_hd__buf_1)
                  0.76    0.67   15.18 ^ _44980_/X (sky130_fd_sc_hd__buf_1)
    10    0.07                           _10674_ (net)
                  0.76    0.01   15.19 ^ _44994_/A (sky130_fd_sc_hd__buf_1)
                  0.83    0.72   15.91 ^ _44994_/X (sky130_fd_sc_hd__buf_1)
    10    0.07                           _10688_ (net)
                  0.83    0.00   15.91 ^ _45297_/A (sky130_fd_sc_hd__buf_1)
                  1.01    0.85   16.76 ^ _45297_/X (sky130_fd_sc_hd__buf_1)
    10    0.09                           _10973_ (net)
                  1.01    0.00   16.76 ^ _45599_/A (sky130_fd_sc_hd__buf_1)
                  1.07    0.89   17.66 ^ _45599_/X (sky130_fd_sc_hd__buf_1)
    10    0.09                           _11254_ (net)
                  1.07    0.01   17.67 ^ _46397_/A (sky130_fd_sc_hd__buf_1)
                  0.36    0.39   18.05 ^ _46397_/X (sky130_fd_sc_hd__buf_1)
    10    0.03                           _11865_ (net)
                  0.36    0.00   18.05 ^ _47870_/A (sky130_fd_sc_hd__buf_1)
                  0.57    0.52   18.57 ^ _47870_/X (sky130_fd_sc_hd__buf_1)
    10    0.05                           _13137_ (net)
                  0.57    0.00   18.57 ^ _47871_/B (sky130_fd_sc_hd__and2_2)
                  0.65    0.67   19.24 ^ _47871_/X (sky130_fd_sc_hd__and2_2)
     1    0.14                           _13138_ (net)
                  0.68    0.10   19.35 ^ _47872_/A (sky130_fd_sc_hd__buf_1)
                  0.40    0.41   19.76 ^ _47872_/X (sky130_fd_sc_hd__buf_1)
     1    0.03                           m2_wbd_cyc_o (net)
                  0.40    0.00   19.76 ^ m2_wbd_cyc_o (out)
                                 19.76   data arrival time

                  0.15   50.00   50.00   clock clk (rise edge)
                          0.00   50.00   clock network delay (ideal)
                         -0.25   49.75   clock uncertainty
                          0.00   49.75   clock reconvergence pessimism
                        -10.00   39.75   output external delay
                                 39.75   data required time
-----------------------------------------------------------------------------
                                 39.75   data required time
                                -19.76   data arrival time
-----------------------------------------------------------------------------
                                 19.99   slack (MET)


Startpoint: m2_wbd_ack_i (input port clocked by clk)
Endpoint: m2_wbd_dat_o[24] (output port clocked by clk)
Path Group: clk
Path Type: max

Fanout     Cap    Slew   Delay    Time   Description
-----------------------------------------------------------------------------
                  0.15    0.00    0.00   clock clk (rise edge)
                          0.00    0.00   clock network delay (ideal)
                         10.00   10.00 ^ input external delay
                  0.70    0.58   10.58 ^ m2_wbd_ack_i (in)
     7    0.16                           m2_wbd_ack_i (net)
                  0.74    0.00   10.58 ^ _44824_/A (sky130_fd_sc_hd__nand2_2)
                  0.36    0.41   10.99 v _44824_/Y (sky130_fd_sc_hd__nand2_2)
     6    0.06                           _10518_ (net)
                  0.36    0.01   11.01 v _44967_/B (sky130_fd_sc_hd__nor2_2)
                  0.21    0.26   11.27 ^ _44967_/Y (sky130_fd_sc_hd__nor2_2)
     4    0.02                           _10661_ (net)
                  0.21    0.00   11.27 ^ _45018_/A (sky130_fd_sc_hd__buf_1)
                  0.51    0.45   11.72 ^ _45018_/X (sky130_fd_sc_hd__buf_1)
    10    0.04                           _10711_ (net)
                  0.51    0.00   11.73 ^ _45019_/A (sky130_fd_sc_hd__buf_1)
                  0.45    0.44   12.16 ^ _45019_/X (sky130_fd_sc_hd__buf_1)
    10    0.04                           _10712_ (net)
                  0.45    0.00   12.16 ^ _45047_/A (sky130_fd_sc_hd__buf_1)
                  0.87    0.74   12.90 ^ _45047_/X (sky130_fd_sc_hd__buf_1)
    10    0.08                           _10738_ (net)
                  0.87    0.01   12.91 ^ _46643_/A (sky130_fd_sc_hd__nor2_2)
                  0.25    0.28   13.19 v _46643_/Y (sky130_fd_sc_hd__nor2_2)
     4    0.04                           _12060_ (net)
                  0.25    0.00   13.19 v _46761_/B (sky130_fd_sc_hd__nor2_2)
                  0.20    0.25   13.43 ^ _46761_/Y (sky130_fd_sc_hd__nor2_2)
     5    0.02                           _12148_ (net)
                  0.20    0.00   13.43 ^ _46942_/A (sky130_fd_sc_hd__buf_1)
                  0.39    0.37   13.80 ^ _46942_/X (sky130_fd_sc_hd__buf_1)
    10    0.03                           _12309_ (net)
                  0.39    0.00   13.80 ^ _46975_/B2 (sky130_fd_sc_hd__a221o_2)
                  0.09    0.27   14.07 ^ _46975_/X (sky130_fd_sc_hd__a221o_2)
     1    0.01                           _12338_ (net)
                  0.09    0.00   14.07 ^ _46976_/B1 (sky130_fd_sc_hd__o21a_2)
                  1.02    0.77   14.84 ^ _46976_/X (sky130_fd_sc_hd__o21a_2)
     1    0.03                           m2_wbd_dat_o[24] (net)
                  1.11    0.24   15.08 ^ m2_wbd_dat_o[24] (out)
                                 15.08   data arrival time

                  0.15   50.00   50.00   clock clk (rise edge)
                          0.00   50.00   clock network delay (ideal)
                         -0.25   49.75   clock uncertainty
                          0.00   49.75   clock reconvergence pessimism
                        -10.00   39.75   output external delay
                                 39.75   data required time
-----------------------------------------------------------------------------
                                 39.75   data required time
                                -15.08   data arrival time
-----------------------------------------------------------------------------
                                 24.67   slack (MET)


Startpoint: m2_wbd_ack_i (input port clocked by clk)
Endpoint: m2_wbd_dat_o[4] (output port clocked by clk)
Path Group: clk
Path Type: max

Fanout     Cap    Slew   Delay    Time   Description
-----------------------------------------------------------------------------
                  0.15    0.00    0.00   clock clk (rise edge)
                          0.00    0.00   clock network delay (ideal)
                         10.00   10.00 ^ input external delay
                  0.70    0.58   10.58 ^ m2_wbd_ack_i (in)
     7    0.16                           m2_wbd_ack_i (net)
                  0.74    0.00   10.58 ^ _44824_/A (sky130_fd_sc_hd__nand2_2)
                  0.36    0.41   10.99 v _44824_/Y (sky130_fd_sc_hd__nand2_2)
     6    0.06                           _10518_ (net)
                  0.36    0.01   11.01 v _44967_/B (sky130_fd_sc_hd__nor2_2)
                  0.21    0.26   11.27 ^ _44967_/Y (sky130_fd_sc_hd__nor2_2)
     4    0.02                           _10661_ (net)
                  0.21    0.00   11.27 ^ _45018_/A (sky130_fd_sc_hd__buf_1)
                  0.51    0.45   11.72 ^ _45018_/X (sky130_fd_sc_hd__buf_1)
    10    0.04                           _10711_ (net)
                  0.51    0.00   11.73 ^ _45019_/A (sky130_fd_sc_hd__buf_1)
                  0.45    0.44   12.16 ^ _45019_/X (sky130_fd_sc_hd__buf_1)
    10    0.04                           _10712_ (net)
                  0.45    0.00   12.16 ^ _45047_/A (sky130_fd_sc_hd__buf_1)
                  0.87    0.74   12.90 ^ _45047_/X (sky130_fd_sc_hd__buf_1)
    10    0.08                           _10738_ (net)
                  0.87    0.01   12.91 ^ _46643_/A (sky130_fd_sc_hd__nor2_2)
                  0.25    0.28   13.19 v _46643_/Y (sky130_fd_sc_hd__nor2_2)
     4    0.04                           _12060_ (net)
                  0.25    0.00   13.19 v _46761_/B (sky130_fd_sc_hd__nor2_2)
                  0.20    0.25   13.43 ^ _46761_/Y (sky130_fd_sc_hd__nor2_2)
     5    0.02                           _12148_ (net)
                  0.20    0.00   13.43 ^ _46762_/A (sky130_fd_sc_hd__buf_1)
                  0.46    0.42   13.85 ^ _46762_/X (sky130_fd_sc_hd__buf_1)
    10    0.04                           _12149_ (net)
                  0.46    0.00   13.85 ^ _46799_/B2 (sky130_fd_sc_hd__a221o_2)
                  0.09    0.28   14.13 ^ _46799_/X (sky130_fd_sc_hd__a221o_2)
     1    0.01                           _12182_ (net)
                  0.09    0.00   14.13 ^ _46800_/B1 (sky130_fd_sc_hd__o21a_2)
                  0.92    0.71   14.85 ^ _46800_/X (sky130_fd_sc_hd__o21a_2)
     1    0.03                           m2_wbd_dat_o[4] (net)
                  0.98    0.19   15.04 ^ m2_wbd_dat_o[4] (out)
                                 15.04   data arrival time

                  0.15   50.00   50.00   clock clk (rise edge)
                          0.00   50.00   clock network delay (ideal)
                         -0.25   49.75   clock uncertainty
                          0.00   49.75   clock reconvergence pessimism
                        -10.00   39.75   output external delay
                                 39.75   data required time
-----------------------------------------------------------------------------
                                 39.75   data required time
                                -15.04   data arrival time
-----------------------------------------------------------------------------
                                 24.71   slack (MET)


Startpoint: m2_wbd_ack_i (input port clocked by clk)
Endpoint: m2_wbd_dat_o[2] (output port clocked by clk)
Path Group: clk
Path Type: max

Fanout     Cap    Slew   Delay    Time   Description
-----------------------------------------------------------------------------
                  0.15    0.00    0.00   clock clk (rise edge)
                          0.00    0.00   clock network delay (ideal)
                         10.00   10.00 ^ input external delay
                  0.70    0.58   10.58 ^ m2_wbd_ack_i (in)
     7    0.16                           m2_wbd_ack_i (net)
                  0.74    0.00   10.58 ^ _44824_/A (sky130_fd_sc_hd__nand2_2)
                  0.36    0.41   10.99 v _44824_/Y (sky130_fd_sc_hd__nand2_2)
     6    0.06                           _10518_ (net)
                  0.36    0.01   11.01 v _44967_/B (sky130_fd_sc_hd__nor2_2)
                  0.21    0.26   11.27 ^ _44967_/Y (sky130_fd_sc_hd__nor2_2)
     4    0.02                           _10661_ (net)
                  0.21    0.00   11.27 ^ _45018_/A (sky130_fd_sc_hd__buf_1)
                  0.51    0.45   11.72 ^ _45018_/X (sky130_fd_sc_hd__buf_1)
    10    0.04                           _10711_ (net)
                  0.51    0.00   11.73 ^ _45019_/A (sky130_fd_sc_hd__buf_1)
                  0.45    0.44   12.16 ^ _45019_/X (sky130_fd_sc_hd__buf_1)
    10    0.04                           _10712_ (net)
                  0.45    0.00   12.16 ^ _45047_/A (sky130_fd_sc_hd__buf_1)
                  0.87    0.74   12.90 ^ _45047_/X (sky130_fd_sc_hd__buf_1)
    10    0.08                           _10738_ (net)
                  0.87    0.01   12.91 ^ _46643_/A (sky130_fd_sc_hd__nor2_2)
                  0.25    0.28   13.19 v _46643_/Y (sky130_fd_sc_hd__nor2_2)
     4    0.04                           _12060_ (net)
                  0.25    0.00   13.19 v _46761_/B (sky130_fd_sc_hd__nor2_2)
                  0.20    0.25   13.43 ^ _46761_/Y (sky130_fd_sc_hd__nor2_2)
     5    0.02                           _12148_ (net)
                  0.20    0.00   13.43 ^ _46762_/A (sky130_fd_sc_hd__buf_1)
                  0.46    0.42   13.85 ^ _46762_/X (sky130_fd_sc_hd__buf_1)
    10    0.04                           _12149_ (net)
                  0.46    0.00   13.85 ^ _46783_/B2 (sky130_fd_sc_hd__a221o_2)
                  0.09    0.28   14.13 ^ _46783_/X (sky130_fd_sc_hd__a221o_2)
     1    0.01                           _12168_ (net)
                  0.09    0.00   14.13 ^ _46784_/B1 (sky130_fd_sc_hd__o21a_2)
                  0.90    0.70   14.83 ^ _46784_/X (sky130_fd_sc_hd__o21a_2)
     1    0.03                           m2_wbd_dat_o[2] (net)
                  0.95    0.18   15.02 ^ m2_wbd_dat_o[2] (out)
                                 15.02   data arrival time

                  0.15   50.00   50.00   clock clk (rise edge)
                          0.00   50.00   clock network delay (ideal)
                         -0.25   49.75   clock uncertainty
                          0.00   49.75   clock reconvergence pessimism
                        -10.00   39.75   output external delay
                                 39.75   data required time
-----------------------------------------------------------------------------
                                 39.75   data required time
                                -15.02   data arrival time
-----------------------------------------------------------------------------
                                 24.73   slack (MET)


Startpoint: m2_wbd_ack_i (input port clocked by clk)
Endpoint: m2_wbd_dat_o[26] (output port clocked by clk)
Path Group: clk
Path Type: max

Fanout     Cap    Slew   Delay    Time   Description
-----------------------------------------------------------------------------
                  0.15    0.00    0.00   clock clk (rise edge)
                          0.00    0.00   clock network delay (ideal)
                         10.00   10.00 ^ input external delay
                  0.70    0.58   10.58 ^ m2_wbd_ack_i (in)
     7    0.16                           m2_wbd_ack_i (net)
                  0.74    0.00   10.58 ^ _44824_/A (sky130_fd_sc_hd__nand2_2)
                  0.36    0.41   10.99 v _44824_/Y (sky130_fd_sc_hd__nand2_2)
     6    0.06                           _10518_ (net)
                  0.36    0.01   11.01 v _44967_/B (sky130_fd_sc_hd__nor2_2)
                  0.21    0.26   11.27 ^ _44967_/Y (sky130_fd_sc_hd__nor2_2)
     4    0.02                           _10661_ (net)
                  0.21    0.00   11.27 ^ _45018_/A (sky130_fd_sc_hd__buf_1)
                  0.51    0.45   11.72 ^ _45018_/X (sky130_fd_sc_hd__buf_1)
    10    0.04                           _10711_ (net)
                  0.51    0.00   11.73 ^ _45019_/A (sky130_fd_sc_hd__buf_1)
                  0.45    0.44   12.16 ^ _45019_/X (sky130_fd_sc_hd__buf_1)
    10    0.04                           _10712_ (net)
                  0.45    0.00   12.16 ^ _45047_/A (sky130_fd_sc_hd__buf_1)
                  0.87    0.74   12.90 ^ _45047_/X (sky130_fd_sc_hd__buf_1)
    10    0.08                           _10738_ (net)
                  0.87    0.01   12.91 ^ _46643_/A (sky130_fd_sc_hd__nor2_2)
                  0.25    0.28   13.19 v _46643_/Y (sky130_fd_sc_hd__nor2_2)
     4    0.04                           _12060_ (net)
                  0.25    0.00   13.19 v _46761_/B (sky130_fd_sc_hd__nor2_2)
                  0.20    0.25   13.43 ^ _46761_/Y (sky130_fd_sc_hd__nor2_2)
     5    0.02                           _12148_ (net)
                  0.20    0.00   13.43 ^ _46942_/A (sky130_fd_sc_hd__buf_1)
                  0.39    0.37   13.80 ^ _46942_/X (sky130_fd_sc_hd__buf_1)
    10    0.03                           _12309_ (net)
                  0.39    0.00   13.80 ^ _46991_/B2 (sky130_fd_sc_hd__a221o_2)
                  0.11    0.29   14.09 ^ _46991_/X (sky130_fd_sc_hd__a221o_2)
     1    0.02                           _12352_ (net)
                  0.11    0.00   14.09 ^ _46992_/B1 (sky130_fd_sc_hd__o21a_2)
                  0.91    0.72   14.81 ^ _46992_/X (sky130_fd_sc_hd__o21a_2)
     1    0.03                           m2_wbd_dat_o[26] (net)
                  0.97    0.19   15.00 ^ m2_wbd_dat_o[26] (out)
                                 15.00   data arrival time

                  0.15   50.00   50.00   clock clk (rise edge)
                          0.00   50.00   clock network delay (ideal)
                         -0.25   49.75   clock uncertainty
                          0.00   49.75   clock reconvergence pessimism
                        -10.00   39.75   output external delay
                                 39.75   data required time
-----------------------------------------------------------------------------
                                 39.75   data required time
                                -15.00   data arrival time
-----------------------------------------------------------------------------
                                 24.75   slack (MET)


