#######################################################################################
# log primitive debug message of FSDB dumping                                         #
# This is for R&D to analyze when there are issues happening when FSDB dump           #
#######################################################################################
ANF: vcsd_get_serial_mode_status('./simv: undefined symbol: vcsd_get_serial_mode_status')
ANF: vcsd_enable_sva_success_callback('./simv: undefined symbol: vcsd_enable_sva_success_callback')
ANF: vcsd_disable_sva_success_callback('./simv: undefined symbol: vcsd_disable_sva_success_callback')
ANF: vcsd_get_power_scope_name('./simv: undefined symbol: vcsd_get_power_scope_name')
ANF: vcsd_begin_no_value_var_info('./simv: undefined symbol: vcsd_begin_no_value_var_info')
ANF: vcsd_end_no_value_var_info('./simv: undefined symbol: vcsd_end_no_value_var_info')
ANF: vcsd_remove_xprop_merge_mode_callback('./simv: undefined symbol: vcsd_remove_xprop_merge_mode_callback')
ANF: vhpi_get_cb_info('./simv: undefined symbol: vhpi_get_cb_info')
ANF: vhpi_free_handle('./simv: undefined symbol: vhpi_free_handle')
ANF: vhpi_fetch_vcsd_handle('./simv: undefined symbol: vhpi_fetch_vcsd_handle')
ANF: vhpi_fetch_vpi_handle('./simv: undefined symbol: vhpi_fetch_vpi_handle')
ANF: vhpi_has_verilog_parent('./simv: undefined symbol: vhpi_has_verilog_parent')
ANF: vhpi_is_verilog_scope('./simv: undefined symbol: vhpi_is_verilog_scope')
ANF: scsd_xprop_is_enabled('./simv: undefined symbol: scsd_xprop_is_enabled')
ANF: scsd_xprop_sig_is_promoted('./simv: undefined symbol: scsd_xprop_sig_is_promoted')
ANF: scsd_xprop_int_xvalue('./simv: undefined symbol: scsd_xprop_int_xvalue')
ANF: scsd_xprop_bool_xvalue('./simv: undefined symbol: scsd_xprop_bool_xvalue')
ANF: scsd_xprop_enum_xvalue('./simv: undefined symbol: scsd_xprop_enum_xvalue')
ANF: scsd_xprop_register_merge_mode_cb('./simv: undefined symbol: scsd_xprop_register_merge_mode_cb')
ANF: scsd_xprop_delete_merge_mode_cb('./simv: undefined symbol: scsd_xprop_delete_merge_mode_cb')
ANF: scsd_xprop_get_merge_mode('./simv: undefined symbol: scsd_xprop_get_merge_mode')
ANF: scsd_thread_get_info('./simv: undefined symbol: scsd_thread_get_info')
ANF: scsd_thread_vc_init('./simv: undefined symbol: scsd_thread_vc_init')
ANF: scsd_master_set_delta_sync_cbk('./simv: undefined symbol: scsd_master_set_delta_sync_cbk')
ANF: scsd_fgp_get_fsdb_cores('./simv: undefined symbol: scsd_fgp_get_fsdb_cores')
ANF: vhdi_dt_get_type('./simv: undefined symbol: vhdi_dt_get_type')
ANF: vhdi_dt_get_key('./simv: undefined symbol: vhdi_dt_get_key')
ANF: vhdi_dt_get_vhdl_enum_info('./simv: undefined symbol: vhdi_dt_get_vhdl_enum_info')
ANF: vhdi_dt_get_vhdl_physical_info('./simv: undefined symbol: vhdi_dt_get_vhdl_physical_info')
ANF: vhdi_dt_get_vhdl_array_info('./simv: undefined symbol: vhdi_dt_get_vhdl_array_info')
ANF: vhdi_dt_get_vhdl_record_info('./simv: undefined symbol: vhdi_dt_get_vhdl_record_info')
ANF: vhdi_def_traverse_module('./simv: undefined symbol: vhdi_def_traverse_module')
ANF: vhdi_def_traverse_scope('./simv: undefined symbol: vhdi_def_traverse_scope')
ANF: vhdi_def_traverse_variable('./simv: undefined symbol: vhdi_def_traverse_variable')
ANF: vhdi_def_get_module_id_by_vhpi('./simv: undefined symbol: vhdi_def_get_module_id_by_vhpi')
ANF: vhdi_def_get_handle_by_module_id('./simv: undefined symbol: vhdi_def_get_handle_by_module_id')
ANF: vhdi_def_get_variable_info_by_vhpi('./simv: undefined symbol: vhdi_def_get_variable_info_by_vhpi')
ANF: vhdi_def_free('./simv: undefined symbol: vhdi_def_free')
ANF: vhdi_ist_traverse_scope('./simv: undefined symbol: vhdi_ist_traverse_scope')
ANF: vhdi_ist_traverse_variable('./simv: undefined symbol: vhdi_ist_traverse_variable')
ANF: vhdi_ist_convert_by_vhpi('./simv: undefined symbol: vhdi_ist_convert_by_vhpi')
ANF: vhdi_ist_clone('./simv: undefined symbol: vhdi_ist_clone')
ANF: vhdi_ist_free('./simv: undefined symbol: vhdi_ist_free')
ANF: vhdi_ist_hash_key('./simv: undefined symbol: vhdi_ist_hash_key')
ANF: vhdi_ist_compare('./simv: undefined symbol: vhdi_ist_compare')
ANF: vhdi_ist_get_value_addr('./simv: undefined symbol: vhdi_ist_get_value_addr')
ANF: vhdi_set_scsd_callback('./simv: undefined symbol: vhdi_set_scsd_callback')
ANF: vhdi_cbk_set_force_callback('./simv: undefined symbol: vhdi_cbk_set_force_callback')
ANF: vhdi_trigger_init_force('./simv: undefined symbol: vhdi_trigger_init_force')
ANF: vhdi_ist_check_scsd_callback('./simv: undefined symbol: vhdi_ist_check_scsd_callback')
ANF: vhdi_ist_add_scsd_callback('./simv: undefined symbol: vhdi_ist_add_scsd_callback')
ANF: vhdi_ist_remove_scsd_callback('./simv: undefined symbol: vhdi_ist_remove_scsd_callback')
ANF: vhdi_ist_get_scsd_user_data('./simv: undefined symbol: vhdi_ist_get_scsd_user_data')
ANF: vhdi_add_time_change_callback('./simv: undefined symbol: vhdi_add_time_change_callback')
ANF: vhdi_get_real_value_by_value_addr('./simv: undefined symbol: vhdi_get_real_value_by_value_addr')
ANF: vhdi_get_64_value_by_value_addr('./simv: undefined symbol: vhdi_get_64_value_by_value_addr')
ANF: vhdi_xprop_inst_is_promoted('./simv: undefined symbol: vhdi_xprop_inst_is_promoted')
ANF: vdi_ist_convert_by_vhdi('./simv: undefined symbol: vdi_ist_convert_by_vhdi')
ANF: vhdi_ist_get_module_id('./simv: undefined symbol: vhdi_ist_get_module_id')
ANF: vhdi_refine_foreign_scope_type('./simv: undefined symbol: vhdi_refine_foreign_scope_type')
ANF: vhdi_flush_callback('./simv: undefined symbol: vhdi_flush_callback')
ANF: vhdi_set_orig_name('./simv: undefined symbol: vhdi_set_orig_name')
ANF: vhdi_set_dump_pt('./simv: undefined symbol: vhdi_set_dump_pt')
ANF: vhdi_get_fsdb_option('./simv: undefined symbol: vhdi_get_fsdb_option')
ANF: vhdi_fgp_get_mode('./simv: undefined symbol: vhdi_fgp_get_mode')
ANF: vhdi_node_register_composite_var('./simv: undefined symbol: vhdi_node_register_composite_var')
ANF: vhdi_node_analysis('./simv: undefined symbol: vhdi_node_analysis')
ANF: vhdi_node_id('./simv: undefined symbol: vhdi_node_id')
ANF: vhdi_node_ist_check_scsd_callback('./simv: undefined symbol: vhdi_node_ist_check_scsd_callback')
ANF: vhdi_node_ist_add_scsd_callback('./simv: undefined symbol: vhdi_node_ist_add_scsd_callback')
ANF: vhdi_node_ist_get_value_addr('./simv: undefined symbol: vhdi_node_ist_get_value_addr')
ANF: vhdi_enc_def_traverse_module('./simv: undefined symbol: vhdi_enc_def_traverse_module')
ANF: vhdi_enc_def_traverse_scope('./simv: undefined symbol: vhdi_enc_def_traverse_scope')
ANF: vhdi_enc_def_traverse_variable('./simv: undefined symbol: vhdi_enc_def_traverse_variable')
ANF: vhdi_enc_ist_traverse_scope('./simv: undefined symbol: vhdi_enc_ist_traverse_scope')
ANF: vhdi_enc_ist_traverse_variable('./simv: undefined symbol: vhdi_enc_ist_traverse_variable')
ANF: vhdi_enc_ist_get_module_id('./simv: undefined symbol: vhdi_enc_ist_get_module_id')
ANF: vhdi_enc_def_get_handle_by_module_id('./simv: undefined symbol: vhdi_enc_def_get_handle_by_module_id')
VCS compile option:
 option[0]: ./simv
 option[1]: +dump
 option[2]: /opt/cad/synopsys/installs/vcs/Q-2020.03-SP2/linux64/bin/vcs1
 option[3]: -Mcc=gcc
 option[4]: -Mcplusplus=g++
 option[5]: -Masflags=
 option[6]: -Mcfl= -pipe -fPIC -O -I/opt/cad/synopsys/installs/vcs/Q-2020.03-SP2/include 
 option[7]: -Mxllcflags=
 option[8]: -Mxcflags= -pipe -fPIC -I/opt/cad/synopsys/installs/vcs/Q-2020.03-SP2/include
 option[9]: -Mldflags= -rdynamic 
 option[10]: -Mout=simv
 option[11]: -Mamsrun=
 option[12]: -Mvcsaceobjs=
 option[13]: -Mobjects= /opt/cad/synopsys/installs/vcs/Q-2020.03-SP2/linux64/lib/libvirsim.so /opt/cad/synopsys/installs/vcs/Q-2020.03-SP2/linux64/lib/liberrorinf.so /opt/cad/synopsys/installs/vcs/Q-2020.03-SP2/linux64/lib/libsnpsmalloc.so /opt/cad/synopsys/installs/vcs/Q-2020.03-SP2/linux64/lib/libvfs.so 
 option[14]: -Mexternalobj=
 option[15]: -Msaverestoreobj=/opt/cad/synopsys/installs/vcs/Q-2020.03-SP2/linux64/lib/vcs_save_restore_new.o
 option[16]: -Mcrt0=
 option[17]: -Mcrtn=
 option[18]: -Mcsrc=
 option[19]: -Msyslibs=/opt/cad/synopsys/installs/verdi/Q-2020.03-SP2/share/PLI/VCS/LINUX64/pli.a -ldl 
 option[20]: +vcs+lic+wait
 option[21]: -kdb
 option[22]: -Xufe=2steps
 option[23]: +vc+list
 option[24]: +error+20
 option[25]: +lint=TFIPC-L
 option[26]: +lint=IIMW-L
 option[27]: +lint=GCWM-L
 option[28]: +lint=CAWM-L
 option[29]: +lint=PCWM-L
 option[30]: -full64
 option[31]: -top
 option[32]: hehe_tb
 option[33]: -timescale=1ns/1ps
 option[34]: -v2k_generate
 option[35]: -debug_access+all
 option[36]: +vpi
 option[37]: +vcsd1
 option[38]: +itf+/opt/cad/synopsys/installs/vcs/Q-2020.03-SP2/linux64/lib/vcsdp_lite.tab
 option[39]: -picarchive
 option[40]: -P
 option[41]: /opt/cad/synopsys/installs/verdi/Q-2020.03-SP2/share/PLI/VCS/LINUX64/verdi.tab
 option[42]: -fsdb
 option[43]: -sverilog
 option[44]: +vpi
 option[45]: -gen_obj
 option[46]: -F
 option[47]: flist.f
 option[48]: -load
 option[49]: /opt/cad/synopsys/installs/verdi/Q-2020.03-SP2/share/PLI/VCS/LINUX64/libnovas.so:FSDBDumpCmd
 option[50]: timescale=1ns/1ps
Chronologic Simulation VCS Release Q-2020.03-SP2_Full64
Linux 3.10.0-1160.71.1.el7.x86_64 #1 SMP Tue Jun 28 15:37:28 UTC 2022 x86_64
CPU cores: 48
Limit information:
======================================
cputime		unlimited
filesize		unlimited
datasize		unlimited
stacksize		8192 kbytes
coredumpsize		0 kbytes
memoryuse		unlimited
vmemoryuse		unlimited
descriptors		4096
memorylocked		64 kbytes
maxproc		4096
======================================
(Special)Runtime environment variables:

Runtime environment variables:
SYNOPSYS_HOME=/opt/cad/synopsys/installs
CAML_LD_LIBRARY_PATH=/work/home/zxluan/.opam/ocaml-base-compiler.4.06.1/lib/stublibs:/work/home/zxluan/.opam/ocaml-base-compiler.4.06.1/lib/ocaml/stublibs:/work/home/zxluan/.opam/ocaml-base-compiler.4.06.1/lib/ocaml
MANPATH=:/work/home/zxluan/.opam/ocaml-base-compiler.4.06.1/man
XDG_SESSION_ID=17827
QRC_HOME=/opt/cad/cadence/installs/QUANTUS201
TERM_PROGRAM=vscode
HOSTNAME=server1
TERM=xterm-256color
SHELL=/bin/bash
OA_LINK_DIR=/work/tools/cadence/installs/ICADVM201/oa_v22.60.043
HISTSIZE=1000
MAKEFLAGS=
SSH_CLIENT=10.8.14.25 56915 22
TERM_PROGRAM_VERSION=1.72.2
QTDIR=/usr/lib64/qt-3.3
OPAM_SWITCH_PREFIX=/work/home/zxluan/.opam/ocaml-base-compiler.4.06.1
QTINC=/usr/lib64/qt-3.3/include
QT_GRAPHICSSYSTEM_CHECKED=1
OCAML_TOPLEVEL_PATH=/work/home/zxluan/.opam/ocaml-base-compiler.4.06.1/lib/toplevel
JRE_HOME=/etc/alternatives/java_sdk_11_openjdk
USER=zxluan
LS_COLORS=rs=0:di=38;5;27:ln=38;5;51:mh=44;38;5;15:pi=40;38;5;11:so=38;5;13:do=38;5;5:bd=48;5;232;38;5;11:cd=48;5;232;38;5;3:or=48;5;232;38;5;9:mi=05;48;5;232;38;5;15:su=48;5;196;38;5;15:sg=48;5;11;38;5;16:ca=48;5;196;38;5;226:tw=48;5;10;38;5;16:ow=48;5;10;38;5;21:st=48;5;21;38;5;15:ex=38;5;34:*.tar=38;5;9:*.tgz=38;5;9:*.arc=38;5;9:*.arj=38;5;9:*.taz=38;5;9:*.lha=38;5;9:*.lz4=38;5;9:*.lzh=38;5;9:*.lzma=38;5;9:*.tlz=38;5;9:*.txz=38;5;9:*.tzo=38;5;9:*.t7z=38;5;9:*.zip=38;5;9:*.z=38;5;9:*.Z=38;5;9:*.dz=38;5;9:*.gz=38;5;9:*.lrz=38;5;9:*.lz=38;5;9:*.lzo=38;5;9:*.xz=38;5;9:*.bz2=38;5;9:*.bz=38;5;9:*.tbz=38;5;9:*.tbz2=38;5;9:*.tz=38;5;9:*.deb=38;5;9:*.rpm=38;5;9:*.jar=38;5;9:*.war=38;5;9:*.ear=38;5;9:*.sar=38;5;9:*.rar=38;5;9:*.alz=38;5;9:*.ace=38;5;9:*.zoo=38;5;9:*.cpio=38;5;9:*.7z=38;5;9:*.rz=38;5;9:*.cab=38;5;9:*.jpg=38;5;13:*.jpeg=38;5;13:*.gif=38;5;13:*.bmp=38;5;13:*.pbm=38;5;13:*.pgm=38;5;13:*.ppm=38;5;13:*.tga=38;5;13:*.xbm=38;5;13:*.xpm=38;5;13:*.tif=38;5;13:*.tiff=38;5;13:*.png=38;5;13:*.svg=38;5;13:*.svgz=38;5;13:*.mng=38;5;13:*.pcx=38;5;13:*.mov=38;5;13:*.mpg=38;5;13:*.mpeg=38;5;13:*.m2v=38;5;13:*.mkv=38;5;13:*.webm=38;5;13:*.ogm=38;5;13:*.mp4=38;5;13:*.m4v=38;5;13:*.mp4v=38;5;13:*.vob=38;5;13:*.qt=38;5;13:*.nuv=38;5;13:*.wmv=38;5;13:*.asf=38;5;13:*.rm=38;5;13:*.rmvb=38;5;13:*.flc=38;5;13:*.avi=38;5;13:*.fli=38;5;13:*.flv=38;5;13:*.gl=38;5;13:*.dl=38;5;13:*.xcf=38;5;13:*.xwd=38;5;13:*.yuv=38;5;13:*.cgm=38;5;13:*.emf=38;5;13:*.axv=38;5;13:*.anx=38;5;13:*.ogv=38;5;13:*.ogx=38;5;13:*.aac=38;5;45:*.au=38;5;45:*.flac=38;5;45:*.mid=38;5;45:*.midi=38;5;45:*.mka=38;5;45:*.mp3=38;5;45:*.mpc=38;5;45:*.ogg=38;5;45:*.ra=38;5;45:*.wav=38;5;45:*.axa=38;5;45:*.oga=38;5;45:*.spx=38;5;45:*.xspf=38;5;45:
CLASS_PATH=.:/etc/alternatives/java_sdk_11_openjdk/lib
LD_LIBRARY_PATH=/work/stu/zxluan/.gmp/lib:/work/stu/zxluan/.gmp/lib:/work/stu/zxluan/.gmp/lib:/work/stu/zxluan/.gmp/lib:
OPENSOURCE_HOME=/opt/cad/opensource/installs
MAKE_TERMOUT=/dev/pts/28
ANSYS_HOME=/opt/cad/ansys
MAKELEVEL=1
MFLAGS=
PATH=/work/stu/zxluan/numactl/bin:/work/stu/zxluan/ccache_file/bin:/work/stu/zxluan/.opam/4.08.0/bin:/work/stu/zxluan/riscv32/bin:/work/stu/zxluan/bin:/opt/cad/synopsys/installs/vcs/Q-2020.03-SP2/bin:/work/stu/zxluan/.z3/bin:/opt/cad/synopsys/installs/installer:/opt/cad/synopsys/installs/vcs/Q-2020.03-SP2/bin:/opt/cad/synopsys/installs/syn/P-2019.12-SP-3/syn/Q-2019.12-SP3/bin:/opt/cad/synopsys/installs/verdi/Q-2020.03-SP2/bin:/opt/cad/synopsys/installs/hspice_2hspice/P-2019.06-SP2-3/hspice/bin:/opt/cad/synopsys/installs/spyglass/P-2019.06-SP2-8/SPYGLASS_HOME/bin:/etc/alternatives/java_sdk_11_openjdk/bin:/work/stu/zxluan/numactl/bin:/work/stu/zxluan/ccache_file/bin:/work/stu/zxluan/.opam/4.08.0/bin:/work/stu/zxluan/riscv32/bin:/work/stu/zxluan/bin:/opt/cad/synopsys/installs/vcs/Q-2020.03-SP2/bin:/work/stu/zxluan/.z3/bin:/opt/cad/synopsys/installs/installer:/opt/cad/synopsys/installs/vcs/Q-2020.03-SP2/bin:/opt/cad/synopsys/installs/syn/P-2019.12-SP-3/syn/Q-2019.12-SP3/bin:/opt/cad/synopsys/installs/verdi/Q-2020.03-SP2/bin:/opt/cad/synopsys/installs/hspice_2hspice/P-2019.06-SP2-3/hspice/bin:/opt/cad/synopsys/installs/spyglass/P-2019.06-SP2-8/SPYGLASS_HOME/bin:/etc/alternatives/java_sdk_11_openjdk/bin:/work/stu/zxluan/.vscode-server/bin/d045a5eda657f4d7b676dedbfa7aab8207f8a075/bin/remote-cli:/work/home/zxluan/.opam/ocaml-base-compiler.4.06.1/bin:/work/stu/zxluan/numactl/bin:/work/stu/zxluan/ccache_file/bin:/work/stu/zxluan/.opam/4.08.0/bin:/work/stu/zxluan/riscv32/bin:/work/stu/zxluan/bin:/opt/cad/synopsys/installs/vcs/Q-2020.03-SP2/bin:/work/stu/zxluan/.z3/bin:/opt/cad/synopsys/installs/installer:/opt/cad/synopsys/installs/vcs/Q-2020.03-SP2/bin:/opt/cad/synopsys/installs/syn/P-2019.12-SP-3/syn/Q-2019.12-SP3/bin:/opt/cad/synopsys/installs/verdi/Q-2020.03-SP2/bin:/opt/cad/synopsys/installs/hspice_2hspice/P-2019.06-SP2-3/hspice/bin:/opt/cad/synopsys/installs/spyglass/P-2019.06-SP2-8/SPYGLASS_HOME/bin:/etc/alternatives/java_sdk_11_openjdk/bin:/work/stu/zxluan/numactl/bin:/work/stu/zxluan/ccache_file/bin:/work/stu/zxluan/.opam/4.08.0/bin:/work/stu/zxluan/riscv32/bin:/work/stu/zxluan/bin:/opt/cad/synopsys/installs/vcs/Q-2020.03-SP2/bin:/work/stu/zxluan/.z3/bin:/opt/cad/synopsys/installs/installer:/opt/cad/synopsys/installs/vcs/Q-2020.03-SP2/bin:/opt/cad/synopsys/installs/syn/P-2019.12-SP-3/syn/Q-2019.12-SP3/bin:/opt/cad/synopsys/installs/verdi/Q-2020.03-SP2/bin:/opt/cad/synopsys/installs/hspice_2hspice/P-2019.06-SP2-3/hspice/bin:/opt/cad/synopsys/installs/spyglass/P-2019.06-SP2-8/SPYGLASS_HOME/bin:/usr/lib64/qt-3.3/bin:/etc/alternatives/java_sdk_11_openjdk/bin:/usr/local/bin:/usr/bin:/opt/riscv-toolchain-bin-imac-9.2.0/bin:/work/tools/cadence/installs/ICADVM201/bin:/work/tools/cadence/installs/GENUS201/tools.lnx86/bin:/work/tools/synopsys/vcs_2017_12/vcs-mx/N-2017.12-SP2-9/bin:/work/tools/cadence/installs/INNOVUS201/bin:/opt/riscv-toolchain-bin-imac-9.2.0/bin:/opt/cad/synopsys/installs/installer:/opt/cad/xilinx/installs/Vivado/2018.3/bin:/opt/cad/synopsys/installs/syn/P-2019.03/bin:/opt/cad/synopsys/installs/vcs/Q-2020.03-SP2/bin:/opt/cad/synopsys/installs/fpga/P-2019.09-SP1-1/bin:/opt/aclocal-1.15/bin:/opt/cad/synopsys/installs/scl/2018.06-SP1/linux64/bin/:/opt/cad/cadence/installs/QUANTUS201/bin:/opt/cad/cadence/installs/INCISIVE152/bin:/opt/cad/cadence/installs/XCELIUM2009.019/bin:/opt/cad/cadence/installs/XCELIUM2009.019/tools/bin:/opt/cad/cadence/installs/SIGRITY2019/binons:/usr/local/sbin:/usr/sbin:/opt/riscv-toolchain-bin-imac-9.2.0/bin:/work/tools/cadence/installs/ICADVM201/bin:/work/tools/cadence/installs/GENUS201/tools.lnx86/bin:/work/tools/synopsys/vcs_2017_12/vcs-mx/N-2017.12-SP2-9/bin:/work/tools/cadence/installs/INNOVUS201/bin:/opt/riscv-toolchain-bin-imac-9.2.0/bin:/opt/cad/synopsys/installs/installer:/opt/cad/xilinx/installs/Vivado/2018.3/bin:/opt/cad/synopsys/installs/syn/P-2019.03/bin:/opt/cad/synopsys/installs/vcs/Q-2020.03-SP2/bin:/opt/cad/synopsys/installs/fpga/P-2019.09-SP1-1/bin:/opt/aclocal-1.15/bin:/opt/cad/synopsys/installs/scl/2018.06-SP1/linux64/bin/:/opt/cad/cadence/installs/QUANTUS201/bin:/opt/cad/cadence/installs/INCISIVE152/bin:/opt/cad/cadence/installs/XCELIUM2009.019/bin:/opt/cad/cadence/installs/XCELIUM2009.019/tools/bin:/opt/cad/cadence/installs/SIGRITY2019/binons:/work/stu/zxluan/.local/bin:/work/stu/zxluan/bin:/opt/riscv-toolchain-bin-imac-9.2.0/bin:/work/tools/cadence/installs/ICADVM201/bin:/work/tools/cadence/installs/GENUS201/tools.lnx86/bin:/work/tools/synopsys/vcs_2017_12/vcs-mx/N-2017.12-SP2-9/bin:/work/tools/cadence/installs/INNOVUS201/bin:/opt/riscv-toolchain-bin-imac-9.2.0/bin:/opt/cad/synopsys/installs/installer:/opt/cad/xilinx/installs/Vivado/2018.3/bin:/opt/cad/synopsys/installs/syn/P-2019.03/bin:/opt/cad/synopsys/installs/vcs/Q-2020.03-SP2/bin:/opt/cad/synopsys/installs/fpga/P-2019.09-SP1-1/bin:/opt/aclocal-1.15/bin:/opt/cad/synopsys/installs/scl/2018.06-SP1/linux64/bin/:/opt/cad/cadence/installs/QUANTUS201/bin:/opt/cad/cadence/installs/INCISIVE152/bin:/opt/cad/cadence/installs/XCELIUM2009.019/bin:/opt/cad/cadence/installs/XCELIUM2009.019/tools/bin:/opt/cad/cadence/installs/SIGRITY2019/binons:/opt/riscv-toolchain-bin-imac-9.2.0/bin:/work/tools/cadence/installs/ICADVM201/bin:/work/tools/cadence/installs/GENUS201/tools.lnx86/bin:/work/tools/synopsys/vcs_2017_12/vcs-mx/N-2017.12-SP2-9/bin:/work/tools/cadence/installs/INNOVUS201/bin:/opt/riscv-toolchain-bin-imac-9.2.0/bin:/opt/cad/synopsys/installs/installer:/opt/cad/xilinx/installs/Vivado/2018.3/bin:/opt/cad/synopsys/installs/syn/P-2019.03/bin:/opt/cad/synopsys/installs/vcs/Q-2020.03-SP2/bin:/opt/cad/synopsys/installs/fpga/P-2019.09-SP1-1/bin:/opt/aclocal-1.15/bin:/opt/cad/synopsys/installs/scl/2018.06-SP1/linux64/bin/:/opt/cad/cadence/installs/QUANTUS201/bin:/opt/cad/cadence/installs/INCISIVE152/bin:/opt/cad/cadence/installs/XCELIUM2009.019/bin:/opt/cad/cadence/installs/XCELIUM2009.019/tools/bin:/opt/cad/cadence/installs/SIGRITY2019/bin:/opt/cad/synopsys/installs/lib_compiler/lc/P-2019.03-SP2/linux64/lc/bin
MAIL=/var/spool/mail/zxluan
_=./simv
PTAH=/work/stu/zxluan/.python3.9.10/bin:/opt/cad/synopsys/installs/installer:/opt/cad/synopsys/installs/vcs/Q-2020.03-SP2/bin:/opt/cad/synopsys/installs/syn/P-2019.12-SP-3/syn/Q-2019.12-SP3/bin:/opt/cad/synopsys/installs/verdi/Q-2020.03-SP2/bin:/opt/cad/synopsys/installs/hspice_2hspice/P-2019.06-SP2-3/hspice/bin:/opt/cad/synopsys/installs/spyglass/P-2019.06-SP2-8/SPYGLASS_HOME/bin:/etc/alternatives/java_sdk_11_openjdk/bin:/work/stu/zxluan/numactl/bin:/work/stu/zxluan/ccache_file/bin:/work/stu/zxluan/.opam/4.08.0/bin:/work/stu/zxluan/riscv32/bin:/work/stu/zxluan/bin:/opt/cad/synopsys/installs/vcs/Q-2020.03-SP2/bin:/work/stu/zxluan/.z3/bin:/opt/cad/synopsys/installs/installer:/opt/cad/synopsys/installs/vcs/Q-2020.03-SP2/bin:/opt/cad/synopsys/installs/syn/P-2019.12-SP-3/syn/Q-2019.12-SP3/bin:/opt/cad/synopsys/installs/verdi/Q-2020.03-SP2/bin:/opt/cad/synopsys/installs/hspice_2hspice/P-2019.06-SP2-3/hspice/bin:/opt/cad/synopsys/installs/spyglass/P-2019.06-SP2-8/SPYGLASS_HOME/bin:/etc/alternatives/java_sdk_11_openjdk/bin:/work/stu/zxluan/.vscode-server/bin/d045a5eda657f4d7b676dedbfa7aab8207f8a075/bin/remote-cli:/work/home/zxluan/.opam/ocaml-base-compiler.4.06.1/bin:/work/stu/zxluan/numactl/bin:/work/stu/zxluan/ccache_file/bin:/work/stu/zxluan/.opam/4.08.0/bin:/work/stu/zxluan/riscv32/bin:/work/stu/zxluan/bin:/opt/cad/synopsys/installs/vcs/Q-2020.03-SP2/bin:/work/stu/zxluan/.z3/bin:/opt/cad/synopsys/installs/installer:/opt/cad/synopsys/installs/vcs/Q-2020.03-SP2/bin:/opt/cad/synopsys/installs/syn/P-2019.12-SP-3/syn/Q-2019.12-SP3/bin:/opt/cad/synopsys/installs/verdi/Q-2020.03-SP2/bin:/opt/cad/synopsys/installs/hspice_2hspice/P-2019.06-SP2-3/hspice/bin:/opt/cad/synopsys/installs/spyglass/P-2019.06-SP2-8/SPYGLASS_HOME/bin:/etc/alternatives/java_sdk_11_openjdk/bin:/work/stu/zxluan/numactl/bin:/work/stu/zxluan/ccache_file/bin:/work/stu/zxluan/.opam/4.08.0/bin:/work/stu/zxluan/riscv32/bin:/work/stu/zxluan/bin:/opt/cad/synopsys/installs/vcs/Q-2020.03-SP2/bin:/work/stu/zxluan/.z3/bin:/opt/cad/synopsys/installs/installer:/opt/cad/synopsys/installs/vcs/Q-2020.03-SP2/bin:/opt/cad/synopsys/installs/syn/P-2019.12-SP-3/syn/Q-2019.12-SP3/bin:/opt/cad/synopsys/installs/verdi/Q-2020.03-SP2/bin:/opt/cad/synopsys/installs/hspice_2hspice/P-2019.06-SP2-3/hspice/bin:/opt/cad/synopsys/installs/spyglass/P-2019.06-SP2-8/SPYGLASS_HOME/bin:/usr/lib64/qt-3.3/bin:/etc/alternatives/java_sdk_11_openjdk/bin:/usr/local/bin:/usr/bin:/opt/riscv-toolchain-bin-imac-9.2.0/bin:/work/tools/cadence/installs/ICADVM201/bin:/work/tools/cadence/installs/GENUS201/tools.lnx86/bin:/work/tools/synopsys/vcs_2017_12/vcs-mx/N-2017.12-SP2-9/bin:/work/tools/cadence/installs/INNOVUS201/bin:/opt/riscv-toolchain-bin-imac-9.2.0/bin:/opt/cad/synopsys/installs/installer:/opt/cad/xilinx/installs/Vivado/2018.3/bin:/opt/cad/synopsys/installs/syn/P-2019.03/bin:/opt/cad/synopsys/installs/vcs/Q-2020.03-SP2/bin:/opt/cad/synopsys/installs/fpga/P-2019.09-SP1-1/bin:/opt/aclocal-1.15/bin:/opt/cad/synopsys/installs/scl/2018.06-SP1/linux64/bin/:/opt/cad/cadence/installs/QUANTUS201/bin:/opt/cad/cadence/installs/INCISIVE152/bin:/opt/cad/cadence/installs/XCELIUM2009.019/bin:/opt/cad/cadence/installs/XCELIUM2009.019/tools/bin:/opt/cad/cadence/installs/SIGRITY2019/binons:/usr/local/sbin:/usr/sbin:/opt/riscv-toolchain-bin-imac-9.2.0/bin:/work/tools/cadence/installs/ICADVM201/bin:/work/tools/cadence/installs/GENUS201/tools.lnx86/bin:/work/tools/synopsys/vcs_2017_12/vcs-mx/N-2017.12-SP2-9/bin:/work/tools/cadence/installs/INNOVUS201/bin:/opt/riscv-toolchain-bin-imac-9.2.0/bin:/opt/cad/synopsys/installs/installer:/opt/cad/xilinx/installs/Vivado/2018.3/bin:/opt/cad/synopsys/installs/syn/P-2019.03/bin:/opt/cad/synopsys/installs/vcs/Q-2020.03-SP2/bin:/opt/cad/synopsys/installs/fpga/P-2019.09-SP1-1/bin:/opt/aclocal-1.15/bin:/opt/cad/synopsys/installs/scl/2018.06-SP1/linux64/bin/:/opt/cad/cadence/installs/QUANTUS201/bin:/opt/cad/cadence/installs/INCISIVE152/bin:/opt/cad/cadence/installs/XCELIUM2009.019/bin:/opt/cad/cadence/installs/XCELIUM2009.019/tools/bin:/opt/cad/cadence/installs/SIGRITY2019/binons:/work/stu/zxluan/.local/bin:/work/stu/zxluan/bin:/opt/riscv-toolchain-bin-imac-9.2.0/bin:/work/tools/cadence/installs/ICADVM201/bin:/work/tools/cadence/installs/GENUS201/tools.lnx86/bin:/work/tools/synopsys/vcs_2017_12/vcs-mx/N-2017.12-SP2-9/bin:/work/tools/cadence/installs/INNOVUS201/bin:/opt/riscv-toolchain-bin-imac-9.2.0/bin:/opt/cad/synopsys/installs/installer:/opt/cad/xilinx/installs/Vivado/2018.3/bin:/opt/cad/synopsys/installs/syn/P-2019.03/bin:/opt/cad/synopsys/installs/vcs/Q-2020.03-SP2/bin:/opt/cad/synopsys/installs/fpga/P-2019.09-SP1-1/bin:/opt/aclocal-1.15/bin:/opt/cad/synopsys/installs/scl/2018.06-SP1/linux64/bin/:/opt/cad/cadence/installs/QUANTUS201/bin:/opt/cad/cadence/installs/INCISIVE152/bin:/opt/cad/cadence/installs/XCELIUM2009.019/bin:/opt/cad/cadence/installs/XCELIUM2009.019/tools/bin:/opt/cad/cadence/installs/SIGRITY2019/binons:/opt/riscv-toolchain-bin-imac-9.2.0/bin:/work/tools/cadence/installs/ICADVM201/bin:/work/tools/cadence/installs/GENUS201/tools.lnx86/bin:/work/tools/synopsys/vcs_2017_12/vcs-mx/N-2017.12-SP2-9/bin:/work/tools/cadence/installs/INNOVUS201/bin:/opt/riscv-toolchain-bin-imac-9.2.0/bin:/opt/cad/synopsys/installs/installer:/opt/cad/xilinx/installs/Vivado/2018.3/bin:/opt/cad/synopsys/installs/syn/P-2019.03/bin:/opt/cad/synopsys/installs/vcs/Q-2020.03-SP2/bin:/opt/cad/synopsys/installs/fpga/P-2019.09-SP1-1/bin:/opt/aclocal-1.15/bin:/opt/cad/synopsys/installs/scl/2018.06-SP1/linux64/bin/:/opt/cad/cadence/installs/QUANTUS201/bin:/opt/cad/cadence/installs/INCISIVE152/bin:/opt/cad/cadence/installs/XCELIUM2009.019/bin:/opt/cad/cadence/installs/XCELIUM2009.019/tools/bin:/opt/cad/cadence/installs/SIGRITY2019/bin:/opt/cad/synopsys/installs/lib_compiler/lc/P-2019.03-SP2/linux64/lc/bin
VERDI_HOME=/opt/cad/synopsys/installs/verdi/Q-2020.03-SP2
PWD=/work/stu/zxluan/riosclass_template/verilog/dv
VCS_HOME=/opt/cad/synopsys/installs/vcs/Q-2020.03-SP2
JAVA_HOME=/etc/alternatives/java_sdk_11_openjdk
LANG=en_US.UTF-8
VRST_HOME=/opt/cadence/INCISIVE151
VSCODE_GIT_ASKPASS_EXTRA_ARGS=
CADENCE_HOME=/opt/cad/cadence/installs
LM_LICENSE_FILE=1701@166.111.76.15:1701@166.111.77.2:27020@10.8.6.1
HISTCONTROL=ignoredups
SPECMAN_HOME=/opt/cadence/INCISIVE151/components/sn
HOME=/work/stu/zxluan
SHLVL=7
VSCODE_GIT_ASKPASS_MAIN=/work/stu/zxluan/.vscode-server/bin/d045a5eda657f4d7b676dedbfa7aab8207f8a075/extensions/git/dist/askpass-main.js
LOGNAME=zxluan
MAKE_TERMERR=/dev/pts/28
QTLIB=/usr/lib64/qt-3.3/lib
SSH_CONNECTION=10.8.14.25 56915 10.8.6.2 22
VSCODE_GIT_IPC_HANDLE=/run/user/10201/vscode-git-27694f08db.sock
XDG_DATA_DIRS=/work/stu/zxluan/.local/share/flatpak/exports/share:/var/lib/flatpak/exports/share:/usr/local/share:/usr/share
CAD_HOME=/opt/cad
VSCODE_IPC_HOOK_CLI=/run/user/10201/vscode-ipc-97c7a56d-188c-4e5a-878b-97ccfc176785.sock
LESSOPEN=||/usr/bin/lesspipe.sh %s
SPECMAN_DIR=/opt/cadence/INCISIVE151/components/sn/
PKG_CONFIG_PATH=/work/stu/zxluan/.gmp/lib/pkgconfig:/work/stu/zxluan/.gmp/lib/pkgconfig:/work/home/zxluan/.opam/ocaml-base-compiler.4.06.1/lib/pkgconfig:/work/stu/zxluan/.gmp/lib/pkgconfig:/work/stu/zxluan/.gmp/lib/pkgconfig:
BROWSER=/work/stu/zxluan/.vscode-server/bin/d045a5eda657f4d7b676dedbfa7aab8207f8a075/bin/helpers/browser.sh
VSCODE_GIT_ASKPASS_NODE=/work/stu/zxluan/.vscode-server/bin/d045a5eda657f4d7b676dedbfa7aab8207f8a075/node
GIT_ASKPASS=/work/stu/zxluan/.vscode-server/bin/d045a5eda657f4d7b676dedbfa7aab8207f8a075/extensions/git/dist/askpass.sh
XDG_RUNTIME_DIR=/run/user/10201
XILINX_HOME=/opt/cad/xilinx/installs
INCISIVDIR=/opt/cadence/INCISIVE151
COLORTERM=truecolor
VCS_HEAP_EXEC=true
VCS_PATHMAP_PRELOAD_DONE=1
VCS_STACK_EXEC=true
VCS_EXEC_DONE=1
LC_ALL=C
DVE=/opt/cad/synopsys/installs/vcs/Q-2020.03-SP2/gui/dve
SPECMAN_OUTPUT_TO_TTY=1
FLEXLM_BORROWFILE=/work/stu/zxluan/.server1-borrow.txt
Runtime command line arguments:
argv[0]=./simv
argv[1]=+dump
229 profile - 100
          CPU/Mem usage: 0.120 sys,  0.390 user,  281.22M mem
230 Elapsed time:    0:00:01    Tue Oct 25 13:40:22 2022
231 pliAppInit
232 FSDB_GATE is set.
233 FSDB_RTL is set.
234 FSDB_RTL is set.
235 FSDB_FIELDTYPE is set.
236 Enable Parallel Dumping.
237 pliAppMiscSet: New Sim Round
238 pliEntryInit
239 LIBSSCORE=found /opt/cad/synopsys/installs/verdi/Q-2020.03-SP2/share/PLI/lib/LINUXAMD64/libsscore_vcs202003.so through $NOVAS_HOME setting.
240 FSDB Dumper for VCS, Release Verdi_Q-2020.03-SP2, Linux x86_64/64bit, 08/31/2020
241 (C) 1996 - 2020 by Synopsys, Inc.
242 sps_call_fsdbDumpfile_main at 0 : ./hehe_tb.sv(22)
243 argv[0]: (./logs/waves.fsdb)
244 *Verdi* : Create FSDB file './logs/waves.fsdb'
245 compile option from '/work/stu/zxluan/riosclass_template/verilog/dv/simv.daidir/vcs_rebuild'.
246   "vcs '+vcs+lic+wait' '-sverilog' '-kdb' '+vc+list' '+vpi' '+error+20' '+lint=TFIPC-L' '+lint=IIMW-L' '+lint=GCWM-L' '+lint=CAWM-L' '+lint=PCWM-L' '-full64' '-F' 'flist.f' '-top' 'hehe_tb' '-timescale=1ns/1ps' '-v2k_generate' '-debug_access+all' 2>&1"
247 DVDI_is_vir_unload_enabled is enable
248 FSDB_VCS_ENABLE_NATIVE_VC is enable
249 sps_call_fsdbDumpvars_vd_main at 0 : ./hehe_tb.sv(23)
250 argv[0]: (0)
251 argv[1]: (handle) hehe_tb
252 [spi_vcs_vd_ppi_create_root]: no upf option
253 FSDB dumper cannot dump UPF related power signal ($power_tree): no ppiPowerNetwork.
254 Power dumping is enabled and VIR_REDUCTION may not work.
255 *Verdi* : Begin traversing the scope (hehe_tb), layer (0).
256 *Verdi* : End of traversing.
257 pliAppHDL_DumpVarComplete traverse var: profile - 
          CPU/Mem usage: 0.130 sys,  0.420 user,  398.30M mem
                   incr: 0.000 sys,  0.020 user,  24.81M mem
                   accu: 0.000 sys,  0.020 user,  24.81M mem
              accu incr: 0.000 sys,  0.020 user,  24.81M mem

          Count usage: 1979 var,  1080 idcode,  431 callback
                 incr: 1979 var,  1080 idcode,  431 callback
                 accu: 1979 var,  1080 idcode,  431 callback
            accu incr: 1979 var,  1080 idcode,  431 callback
258 Elapsed time:    0:00:01    Tue Oct 25 13:40:22 2022
259 pliAppHDL_DumpVarComplete: profile - 
          CPU/Mem usage: 0.130 sys,  0.420 user,  399.36M mem
                   incr: 0.000 sys,  0.000 user,  1.05M mem
                   accu: 0.000 sys,  0.020 user,  25.87M mem
              accu incr: 0.000 sys,  0.000 user,  1.05M mem

          Count usage: 1979 var,  1080 idcode,  431 callback
                 incr: 0 var,  0 idcode,  0 callback
                 accu: 1979 var,  1080 idcode,  431 callback
            accu incr: 0 var,  0 idcode,  0 callback
260 Elapsed time:    0:00:01    Tue Oct 25 13:40:22 2022
261 sps_call_fsdbDumpvars_vd_main at 0 : ./hehe_tb.sv(24)
262 argv[0]: (+struct)
263 *Verdi* : Begin traversing the scopes, layer (0).
264 *Verdi* : Enable +struct dumping.
265 *Verdi* : End of traversing.
266 pliAppHDL_DumpVarComplete traverse var: profile - 
          CPU/Mem usage: 0.130 sys,  0.420 user,  399.36M mem
                   incr: 0.000 sys,  0.000 user,  0.00M mem
                   accu: 0.000 sys,  0.000 user,  0.00M mem
              accu incr: 0.000 sys,  0.000 user,  0.00M mem

          Count usage: 3997 var,  1119 idcode,  437 callback
                 incr: 2018 var,  39 idcode,  6 callback
                 accu: 2018 var,  39 idcode,  6 callback
            accu incr: 2018 var,  39 idcode,  6 callback
267 Elapsed time:    0:00:01    Tue Oct 25 13:40:22 2022
268 pliAppHDL_DumpVarComplete: profile - 
          CPU/Mem usage: 0.130 sys,  0.420 user,  399.36M mem
                   incr: 0.000 sys,  0.000 user,  0.00M mem
                   accu: 0.000 sys,  0.000 user,  0.00M mem
              accu incr: 0.000 sys,  0.000 user,  0.00M mem

          Count usage: 3997 var,  1119 idcode,  437 callback
                 incr: 0 var,  0 idcode,  0 callback
                 accu: 2018 var,  39 idcode,  6 callback
            accu incr: 0 var,  0 idcode,  0 callback
269 Elapsed time:    0:00:01    Tue Oct 25 13:40:22 2022
270 sps_call_fsdbDumpvars_vd_main at 0 : ./hehe_tb.sv(25)
271 argv[0]: (+mda)
272 *Verdi* : Begin traversing the scopes, layer (0).
273 *Verdi* : Enable +mda dumping.
274 *Verdi* : End of traversing.
275 pliAppHDL_DumpVarComplete traverse var: profile - 
          CPU/Mem usage: 0.130 sys,  0.430 user,  399.54M mem
                   incr: 0.000 sys,  0.010 user,  0.18M mem
                   accu: 0.000 sys,  0.010 user,  0.18M mem
              accu incr: 0.000 sys,  0.010 user,  0.18M mem

          Count usage: 15725 var,  10868 idcode,  472 callback
                 incr: 11728 var,  9749 idcode,  35 callback
                 accu: 11728 var,  9749 idcode,  35 callback
            accu incr: 11728 var,  9749 idcode,  35 callback
276 Elapsed time:    0:00:01    Tue Oct 25 13:40:22 2022
277 pliAppHDL_DumpVarComplete: profile - 
          CPU/Mem usage: 0.130 sys,  0.430 user,  399.95M mem
                   incr: 0.000 sys,  0.000 user,  0.42M mem
                   accu: 0.000 sys,  0.010 user,  0.60M mem
              accu incr: 0.000 sys,  0.000 user,  0.42M mem

          Count usage: 15725 var,  10868 idcode,  472 callback
                 incr: 0 var,  0 idcode,  0 callback
                 accu: 11728 var,  9749 idcode,  35 callback
            accu incr: 0 var,  0 idcode,  0 callback
278 Elapsed time:    0:00:01    Tue Oct 25 13:40:22 2022
279 sps_call_fsdbDumpvars_vd_main at 0 : ./hehe_tb.sv(26)
280 argv[0]: (+all)
281 *Verdi* : Begin traversing the scopes, layer (0).
282 *Verdi* : Enable +all dumping.
283 *Verdi* : End of traversing.
284 pliAppHDL_DumpVarComplete traverse var: profile - 
          CPU/Mem usage: 0.130 sys,  0.440 user,  399.95M mem
                   incr: 0.000 sys,  0.010 user,  0.00M mem
                   accu: 0.000 sys,  0.010 user,  0.00M mem
              accu incr: 0.000 sys,  0.010 user,  0.00M mem

          Count usage: 27492 var,  10868 idcode,  472 callback
                 incr: 11767 var,  0 idcode,  0 callback
                 accu: 11767 var,  0 idcode,  0 callback
            accu incr: 11767 var,  0 idcode,  0 callback
285 Elapsed time:    0:00:01    Tue Oct 25 13:40:22 2022
286 pliAppHDL_DumpVarComplete: profile - 
          CPU/Mem usage: 0.130 sys,  0.440 user,  399.95M mem
                   incr: 0.000 sys,  0.000 user,  0.00M mem
                   accu: 0.000 sys,  0.010 user,  0.00M mem
              accu incr: 0.000 sys,  0.000 user,  0.00M mem

          Count usage: 27492 var,  10868 idcode,  472 callback
                 incr: 0 var,  0 idcode,  0 callback
                 accu: 11767 var,  0 idcode,  0 callback
            accu incr: 0 var,  0 idcode,  0 callback
287 Elapsed time:    0:00:01    Tue Oct 25 13:40:22 2022
288 sps_call_fsdbDumpon_vd_main at 0 : ./hehe_tb.sv(27)
289 *Verdi* : fsdbDumpon - All FSDB files at 0 ps.
290 End of simulation at 59930000
291 Elapsed time:    0:00:01    Tue Oct 25 13:40:22 2022
292 Begin FSDB profile info:
293 FSDB Writer : bc1(54188) bcn(139161) mtf/stf(0/0)
FSDB Writer elapsed time : flush(0.024213) io wait(0.000000) theadpool wait(0.000000)
FSDB Writer cpu time : MT Compression : 0
294 End FSDB profile info
295 Parallel profile     - ProducerThread:1 ConsumerThread:1 Buffer:64MB
296                      - BlockUsed:3 Acquire:151831 BufferUsed:2519829
297                      - Flush:7 Expand:0 ProducerWait:0 ConsumerWait:0
298                      - MainProducerTime:0.681867876 TotalConsumerTime:0.024132278
299                      - ElapsedTime:0.204733000
300 Producer   0 profile - BlockUsed:3 Acquire:151831 BufferUsed:2519829
301 Consumer   0 profile - Affinity:-1 CPUTime:0.024132278 LifeTime:0.024114575 (1.00%)
302                      - BlockUsed:3 Acquire:151831 BufferUsed:2519829
303 SimExit
304 Elapsed time:    0:00:02    Tue Oct 25 13:40:23 2022
305 Sim process exit
