Chronologic VCS simulator copyright 1991-2020
Contains Synopsys proprietary information.
Compiler version Q-2020.03-SP2_Full64; Runtime version Q-2020.03-SP2_Full64;  Oct 25 18:38 2022
Preloading hehe_tb.magicmemory from isa/build/hex/rv64ui/add.hex
VCD+ Writer Q-2020.03-SP2_Full64 Copyright (c) 1991-2020 by Synopsys Inc.
*Verdi* Loading libsscore_vcs202003.so
FSDB Dumper for VCS, Release Verdi_Q-2020.03-SP2, Linux x86_64/64bit, 08/31/2020
(C) 1996 - 2020 by Synopsys, Inc.
*Verdi* : Create FSDB file './logs/waves.fsdb'
*Verdi* : Begin traversing the scope (hehe_tb), layer (0).
*Verdi* : End of traversing.
*Verdi* : Begin traversing the scopes, layer (0).
*Verdi* : Enable +struct dumping.
*Verdi* : End of traversing.
*Verdi* : Begin traversing the scopes, layer (0).
*Verdi* : Enable +mda dumping.
*Verdi* : End of traversing.
*Verdi* : Begin traversing the scopes, layer (0).
*Verdi* : Enable +all dumping.
*Verdi* : End of traversing.
*Verdi* : fsdbDumpon - All FSDB files at 0 ps.
pass test
$finish called from file "./hehe_tb.sv", line 51.
$finish at simulation time             59930000
           V C S   S i m u l a t i o n   R e p o r t 
Time: 59930000 ps
CPU Time:      0.610 seconds;       Data structure size:   0.1Mb
Tue Oct 25 18:39:00 2022
