OpenROAD 4174c3ad802d2ac1d04d387d2c4b883903f6647e 
This program is licensed under the BSD-3 license. See the LICENSE file for details.
Components of this program may be licensed under more restrictive licenses which must be honored.
Placement Analysis
---------------------------------
total displacement          0.0 u
average displacement        0.0 u
max displacement            0.0 u
original HPWL         4524706.2 u
legalized HPWL        4575144.0 u
delta HPWL                    1 %

[INFO DPL-0020] Mirrored 22154 instances
[INFO DPL-0021] HPWL before          4575144.0 u
[INFO DPL-0022] HPWL after           4524706.2 u
[INFO DPL-0023] HPWL delta               -1.1 %
Setting global connections for newly added cells...
Writing OpenROAD database to /openlane/designs/lab1/runs/RUN_2022.10.25_06.07.34/results/placement/lab1.odb...
Writing netlist to /openlane/designs/lab1/runs/RUN_2022.10.25_06.07.34/results/placement/lab1.nl.v...
Writing powered netlist to /openlane/designs/lab1/runs/RUN_2022.10.25_06.07.34/results/placement/lab1.pnl.v...
Writing layout to /openlane/designs/lab1/runs/RUN_2022.10.25_06.07.34/results/placement/lab1.def...
