Tue Oct 25 06:07:34 UTC 2022 - Executing "openroad -python /openlane/scripts/odbpy/lefutil.py get_metal_layers -o /openlane/designs/lab1/runs/RUN_2022.10.25_06.07.34/tmp/layers.list /work/stu/zxluan/riosclass_template/OpenLane/pdks/sky130A/libs.ref/sky130_fd_sc_hd/techlef/sky130_fd_sc_hd__nom.tlef"

Tue Oct 25 06:07:34 UTC 2022 - Executing "/openlane/scripts/mergeLef.py -o /openlane/designs/lab1/runs/RUN_2022.10.25_06.07.34/tmp/merged.nom.lef -i /work/stu/zxluan/riosclass_template/OpenLane/pdks/sky130A/libs.ref/sky130_fd_sc_hd/techlef/sky130_fd_sc_hd__nom.tlef {/work/stu/zxluan/riosclass_template/OpenLane/pdks/sky130A/libs.ref/sky130_fd_sc_hd/lef/sky130_ef_sc_hd.lef /work/stu/zxluan/riosclass_template/OpenLane/pdks/sky130A/libs.ref/sky130_fd_sc_hd/lef/sky130_fd_sc_hd.lef} |& tee /dev/null"

Tue Oct 25 06:07:35 UTC 2022 - Executing "/openlane/scripts/mergeLef.py -o /openlane/designs/lab1/runs/RUN_2022.10.25_06.07.34/tmp/merged.nom.lef -i /openlane/designs/lab1/runs/RUN_2022.10.25_06.07.34/tmp/merged.nom.lef /openlane/designs/lab1/src/macros/lef/sky130_sram_1kbyte_1rw1r_32x256_8.lef |& tee /dev/null"

Tue Oct 25 06:07:35 UTC 2022 - Executing "/openlane/scripts/mergeLef.py -o /openlane/designs/lab1/runs/RUN_2022.10.25_06.07.34/tmp/merged.min.lef -i /work/stu/zxluan/riosclass_template/OpenLane/pdks/sky130A/libs.ref/sky130_fd_sc_hd/techlef/sky130_fd_sc_hd__min.tlef {/work/stu/zxluan/riosclass_template/OpenLane/pdks/sky130A/libs.ref/sky130_fd_sc_hd/lef/sky130_ef_sc_hd.lef /work/stu/zxluan/riosclass_template/OpenLane/pdks/sky130A/libs.ref/sky130_fd_sc_hd/lef/sky130_fd_sc_hd.lef} |& tee /dev/null"

Tue Oct 25 06:07:35 UTC 2022 - Executing "/openlane/scripts/mergeLef.py -o /openlane/designs/lab1/runs/RUN_2022.10.25_06.07.34/tmp/merged.min.lef -i /openlane/designs/lab1/runs/RUN_2022.10.25_06.07.34/tmp/merged.min.lef /openlane/designs/lab1/src/macros/lef/sky130_sram_1kbyte_1rw1r_32x256_8.lef |& tee /dev/null"

Tue Oct 25 06:07:35 UTC 2022 - Executing "/openlane/scripts/mergeLef.py -o /openlane/designs/lab1/runs/RUN_2022.10.25_06.07.34/tmp/merged.max.lef -i /work/stu/zxluan/riosclass_template/OpenLane/pdks/sky130A/libs.ref/sky130_fd_sc_hd/techlef/sky130_fd_sc_hd__max.tlef {/work/stu/zxluan/riosclass_template/OpenLane/pdks/sky130A/libs.ref/sky130_fd_sc_hd/lef/sky130_ef_sc_hd.lef /work/stu/zxluan/riosclass_template/OpenLane/pdks/sky130A/libs.ref/sky130_fd_sc_hd/lef/sky130_fd_sc_hd.lef} |& tee /dev/null"

Tue Oct 25 06:07:35 UTC 2022 - Executing "/openlane/scripts/mergeLef.py -o /openlane/designs/lab1/runs/RUN_2022.10.25_06.07.34/tmp/merged.max.lef -i /openlane/designs/lab1/runs/RUN_2022.10.25_06.07.34/tmp/merged.max.lef /openlane/designs/lab1/src/macros/lef/sky130_sram_1kbyte_1rw1r_32x256_8.lef |& tee /dev/null"

Tue Oct 25 06:07:35 UTC 2022 - Executing "python3 /openlane/scripts/mergeLib.py --output /openlane/designs/lab1/runs/RUN_2022.10.25_06.07.34/tmp/synthesis/merged.lib --name sky130A_merged /work/stu/zxluan/riosclass_template/OpenLane/pdks/sky130A/libs.ref/sky130_fd_sc_hd/lib/sky130_fd_sc_hd__tt_100C_1v80.lib"

Tue Oct 25 06:07:36 UTC 2022 - Executing "python3 /openlane/scripts/libtrim.py --cell-file /openlane/designs/lab1/runs/RUN_2022.10.25_06.07.34/tmp/synthesis/trimmed.lib.exclude.list --output /openlane/designs/lab1/runs/RUN_2022.10.25_06.07.34/tmp/synthesis/trimmed.lib /openlane/designs/lab1/runs/RUN_2022.10.25_06.07.34/tmp/synthesis/merged.lib"

Tue Oct 25 06:07:36 UTC 2022 - Executing "python3 /openlane/scripts/libtrim.py --cell-file /openlane/designs/lab1/runs/RUN_2022.10.25_06.07.34/tmp/cts/cts.lib.exclude.list --output /openlane/designs/lab1/runs/RUN_2022.10.25_06.07.34/tmp/cts/cts.lib /work/stu/zxluan/riosclass_template/OpenLane/pdks/sky130A/libs.ref/sky130_fd_sc_hd/lib/sky130_fd_sc_hd__tt_100C_1v80.lib"

Tue Oct 25 06:07:36 UTC 2022 - Executing "python3 /openlane/scripts/new_tracks.py -i /work/stu/zxluan/riosclass_template/OpenLane/pdks/sky130A/libs.tech/openlane/sky130_fd_sc_hd/tracks.info -o /openlane/designs/lab1/runs/RUN_2022.10.25_06.07.34/tmp/routing/config.tracks"

Tue Oct 25 06:07:36 UTC 2022 - Executing "echo {OpenLane e3a5189a1b0fc4290686fcf2ae46cd6d7947cf9f} > /openlane/designs/lab1/runs/RUN_2022.10.25_06.07.34/OPENLANE_VERSION"

Tue Oct 25 06:07:37 UTC 2022 - Executing "sed -E {s/^([[:space:]]+)pg_pin(.*)/\1pin\2\n\1    direction : "inout";/g} /work/stu/zxluan/riosclass_template/OpenLane/pdks/sky130A/libs.ref/sky130_fd_sc_hd/lib/sky130_fd_sc_hd__tt_100C_1v80.lib > /openlane/designs/lab1/runs/RUN_2022.10.25_06.07.34/tmp/synthesis/1-sky130_fd_sc_hd__tt_100C_1v80.no_pg.lib"

Tue Oct 25 06:07:37 UTC 2022 - Executing "sed -E {s/^([[:space:]]+)pg_pin(.*)/\1pin\2\n\1    direction : "inout";/g} /openlane/designs/lab1/runs/RUN_2022.10.25_06.07.34/tmp/synthesis/trimmed.lib > /openlane/designs/lab1/runs/RUN_2022.10.25_06.07.34/tmp/synthesis/1-trimmed.no_pg.lib"

Tue Oct 25 06:07:37 UTC 2022 - Executing "yosys -c /openlane/scripts/yosys/synth.tcl -l /openlane/designs/lab1/runs/RUN_2022.10.25_06.07.34/logs/synthesis/1-synthesis.log |& tee /dev/null"

Tue Oct 25 06:13:53 UTC 2022 - Executing "sed -i -e {s/\(set ::env(CURRENT_NETLIST)\).*/\1 \/openlane\/designs\/lab1\/runs\/RUN_2022.10.25_06.07.34\/results\/synthesis\/lab1.v/} /openlane/designs/lab1/runs/RUN_2022.10.25_06.07.34/config.tcl"

Tue Oct 25 06:13:53 UTC 2022 - Executing "sed -i /defparam/d /openlane/designs/lab1/runs/RUN_2022.10.25_06.07.34/results/synthesis/lab1.v"

Tue Oct 25 06:13:53 UTC 2022 - Executing "openroad -exit /openlane/scripts/openroad/sta.tcl |& tee /dev/null /openlane/designs/lab1/runs/RUN_2022.10.25_06.07.34/logs/synthesis/2-sta.log"

Tue Oct 25 06:14:14 UTC 2022 - Executing "openroad -exit /openlane/scripts/openroad/floorplan.tcl |& tee /dev/null /openlane/designs/lab1/runs/RUN_2022.10.25_06.07.34/logs/floorplan/3-initial_fp.log"

Tue Oct 25 06:14:16 UTC 2022 - Executing "openroad -exit /openlane/scripts/openroad/floorplan.tcl |& tee /dev/null /openlane/designs/lab1/runs/RUN_2022.10.25_06.07.34/logs/floorplan/3-initial_fp.log"

Tue Oct 25 06:14:18 UTC 2022 - Executing "openroad -python /openlane/scripts/odbpy/defutil.py extract_core_dims --output-data /openlane/designs/lab1/runs/RUN_2022.10.25_06.07.34/tmp/dimensions.txt --input-lef /openlane/designs/lab1/runs/RUN_2022.10.25_06.07.34/tmp/merged.nom.lef /openlane/designs/lab1/runs/RUN_2022.10.25_06.07.34/tmp/floorplan/3-initial_fp.def"

Tue Oct 25 06:14:19 UTC 2022 - Executing "openroad -exit /openlane/scripts/openroad/ioplacer.tcl |& tee /dev/null /openlane/designs/lab1/runs/RUN_2022.10.25_06.07.34/logs/floorplan/4-io.log"

Tue Oct 25 06:14:21 UTC 2022 - Executing "openroad -exit /openlane/scripts/openroad/gpl.tcl |& tee /dev/null /openlane/designs/lab1/runs/RUN_2022.10.25_06.07.34/logs/placement/5-global.log"

Tue Oct 25 06:20:36 UTC 2022 - Executing "openroad -exit /openlane/scripts/openroad/basic_mp.tcl |& tee /dev/null /openlane/designs/lab1/runs/RUN_2022.10.25_06.07.34/logs/placement/6-basic_mp.log"

Tue Oct 25 06:20:38 UTC 2022 - Executing "openroad -exit /openlane/scripts/openroad/tapcell.tcl |& tee /dev/null /openlane/designs/lab1/runs/RUN_2022.10.25_06.07.34/logs/floorplan/7-tap.log"

Tue Oct 25 06:20:41 UTC 2022 - Executing "openroad -exit /openlane/scripts/openroad/pdn.tcl |& tee /dev/null /openlane/designs/lab1/runs/RUN_2022.10.25_06.07.34/logs/floorplan/8-pdn.log"

Tue Oct 25 06:20:50 UTC 2022 - Executing "openroad -exit /openlane/scripts/openroad/gpl.tcl |& tee /dev/null /openlane/designs/lab1/runs/RUN_2022.10.25_06.07.34/logs/placement/9-global.log"

Tue Oct 25 06:27:19 UTC 2022 - Executing "openroad -exit /openlane/scripts/openroad/resizer.tcl |& tee /dev/null /openlane/designs/lab1/runs/RUN_2022.10.25_06.07.34/logs/placement/10-resizer.log"

Tue Oct 25 06:28:15 UTC 2022 - Executing "sed -i -e {s/\(set ::env(CURRENT_NETLIST)\).*/\1 \/openlane\/designs\/lab1\/runs\/RUN_2022.10.25_06.07.34\/tmp\/placement\/10-resizer.nl.v/} /openlane/designs/lab1/runs/RUN_2022.10.25_06.07.34/config.tcl"

Tue Oct 25 06:28:15 UTC 2022 - Executing "openroad -exit /openlane/scripts/openroad/dpl.tcl |& tee /dev/null /openlane/designs/lab1/runs/RUN_2022.10.25_06.07.34/logs/placement/11-detailed.log"

Tue Oct 25 06:28:20 UTC 2022 - Executing "sed -i -e {s/\(set ::env(CURRENT_NETLIST)\).*/\1 \/openlane\/designs\/lab1\/runs\/RUN_2022.10.25_06.07.34\/results\/placement\/lab1.nl.v/} /openlane/designs/lab1/runs/RUN_2022.10.25_06.07.34/config.tcl"

Tue Oct 25 06:28:20 UTC 2022 - Executing "openroad -exit /openlane/scripts/openroad/cts.tcl |& tee /dev/null /openlane/designs/lab1/runs/RUN_2022.10.25_06.07.34/logs/cts/12-cts.log"

Tue Oct 25 06:30:11 UTC 2022 - Executing "openroad -exit /openlane/scripts/openroad/resizer_timing.tcl |& tee /dev/null /openlane/designs/lab1/runs/RUN_2022.10.25_06.07.34/logs/cts/13-resizer.log"

Tue Oct 25 06:31:08 UTC 2022 - Executing "sed -i -e {s/\(set ::env(CURRENT_NETLIST)\).*/\1 \/openlane\/designs\/lab1\/runs\/RUN_2022.10.25_06.07.34\/tmp\/cts\/13-lab1.resized.nl.v/} /openlane/designs/lab1/runs/RUN_2022.10.25_06.07.34/config.tcl"

Tue Oct 25 06:31:08 UTC 2022 - Executing "openroad -exit /openlane/scripts/openroad/resizer_routing_timing.tcl |& tee /dev/null /openlane/designs/lab1/runs/RUN_2022.10.25_06.07.34/logs/routing/14-resizer.log"

Tue Oct 25 06:39:39 UTC 2022 - Executing "python3 /openlane/scripts/generate_reports.py -d /openlane/designs/lab1 --design_name lab1 --tag RUN_2022.10.25_06.07.34 --output_file /openlane/designs/lab1/runs/RUN_2022.10.25_06.07.34/reports/metrics.csv --man_report /openlane/designs/lab1/runs/RUN_2022.10.25_06.07.34/reports/manufacturability.rpt --run_path /openlane/designs/lab1/runs/RUN_2022.10.25_06.07.34"

