[INFO]: Run Directory: /openlane/designs/lab1/runs/RUN_2022.10.25_06.07.34
[INFO]: Preparing LEF files for the nom corner...
[INFO]: Preparing LEF files for the min corner...
[INFO]: Preparing LEF files for the max corner...
[INFO]: Running Synthesis (log: designs/lab1/runs/RUN_2022.10.25_06.07.34/logs/synthesis/1-synthesis.log)...
[INFO]: Running Single-Corner Static Timing Analysis (log: designs/lab1/runs/RUN_2022.10.25_06.07.34/logs/synthesis/2-sta.log)...
[INFO]: Running Initial Floorplanning (log: designs/lab1/runs/RUN_2022.10.25_06.07.34/logs/floorplan/3-initial_fp.log)...
[INFO]: Extracting core dimensions...
[INFO]: Set CORE_WIDTH to 1745.7, CORE_HEIGHT to 1743.52.
[INFO]: Running IO Placement...
[INFO]: Running Global Placement (log: designs/lab1/runs/RUN_2022.10.25_06.07.34/logs/placement/5-global.log)...
[INFO]: Running basic macro placement (log: designs/lab1/runs/RUN_2022.10.25_06.07.34/logs/placement/6-basic_mp.log)...
[INFO]: Running Tap/Decap Insertion (log: designs/lab1/runs/RUN_2022.10.25_06.07.34/logs/floorplan/7-tap.log)...
[INFO]: Power planning with power {VPWR} and ground {VGND}...
[INFO]: Generating PDN (log: designs/lab1/runs/RUN_2022.10.25_06.07.34/logs/floorplan/8-pdn.log)...
[INFO]: Running Global Placement (log: designs/lab1/runs/RUN_2022.10.25_06.07.34/logs/placement/9-global.log)...
[INFO]: Running Placement Resizer Design Optimizations (log: designs/lab1/runs/RUN_2022.10.25_06.07.34/logs/placement/10-resizer.log)...
[INFO]: Running Detailed Placement (log: designs/lab1/runs/RUN_2022.10.25_06.07.34/logs/placement/11-detailed.log)...
[INFO]: Running Clock Tree Synthesis (log: designs/lab1/runs/RUN_2022.10.25_06.07.34/logs/cts/12-cts.log)...
[INFO]: Running Placement Resizer Timing Optimizations (log: designs/lab1/runs/RUN_2022.10.25_06.07.34/logs/cts/13-resizer.log)...
[INFO]: Running Global Routing Resizer Timing Optimizations (log: designs/lab1/runs/RUN_2022.10.25_06.07.34/logs/routing/14-resizer.log)...
[ERROR]: during executing openroad script /openlane/scripts/openroad/resizer_routing_timing.tcl
[ERROR]: Log: designs/lab1/runs/RUN_2022.10.25_06.07.34/logs/routing/14-resizer.log
[ERROR]: Last 10 lines:
[INFO GRT-0101] Running extra iterations to remove overflow.
[WARNING GRT-0227] Reached 20 congestion iterations with less than 15% of reduction between iterations.
[INFO GRT-0197] Via related to pin nodes: 304637
[INFO GRT-0198] Via related Steiner nodes: 17505
[INFO GRT-0199] Via filling finished.
[INFO GRT-0111] Final number of vias: 473909
[INFO GRT-0112] Final usage 3D: 2461169
[ERROR GRT-0118] Routing congestion too high. Check the congestion heatmap in the GUI.
Error: resizer_routing_timing.tcl, 39 GRT-0118
child process exited abnormally

[ERROR]: Creating issue reproducible...
[INFO]: Saving runtime environment...
[INFO]: Reproducible packaged: Please tarball and upload 'designs/lab1/runs/RUN_2022.10.25_06.07.34/issue_reproducible' if you're going to submit an issue.
[INFO]: Saving current set of views in 'designs/lab1/runs/RUN_2022.10.25_06.07.34/results/final'...
[INFO]: Generating final set of reports...
[INFO]: Created manufacturability report at 'designs/lab1/runs/RUN_2022.10.25_06.07.34/reports/manufacturability.rpt'.
[INFO]: Created metrics report at 'designs/lab1/runs/RUN_2022.10.25_06.07.34/reports/metrics.csv'.
[INFO]: Saving runtime environment...
[ERROR]: Flow failed.
