
===========================================================================
report_checks -unconstrained
============================================================================
Startpoint: m2_wbd_ack_i (input port clocked by clk)
Endpoint: m2_wbd_cyc_o (output port clocked by clk)
Path Group: clk
Path Type: max

Fanout     Cap    Slew   Delay    Time   Description
-----------------------------------------------------------------------------
                  0.15    0.00    0.00   clock clk (rise edge)
                          0.00    0.00   clock network delay (ideal)
                         10.00   10.00 v input external delay
                  0.35    0.35   10.35 v m2_wbd_ack_i (in)
     7    0.17                           m2_wbd_ack_i (net)
                  0.44    0.00   10.35 v _44817_/A (sky130_fd_sc_hd__nand2_2)
                  0.33    0.43   10.78 ^ _44817_/Y (sky130_fd_sc_hd__nand2_2)
     6    0.06                           _10509_ (net)
                  0.33    0.00   10.78 ^ _44818_/A (sky130_fd_sc_hd__or3b_2)
                  0.11    0.25   11.04 ^ _44818_/X (sky130_fd_sc_hd__or3b_2)
     1    0.02                           _10510_ (net)
                  0.11    0.00   11.04 ^ _44819_/A (sky130_fd_sc_hd__buf_1)
                  0.54    0.46   11.50 ^ _44819_/X (sky130_fd_sc_hd__buf_1)
     8    0.05                           _10511_ (net)
                  0.54    0.00   11.50 ^ _44820_/A (sky130_fd_sc_hd__buf_1)
                  0.47    0.46   11.96 ^ _44820_/X (sky130_fd_sc_hd__buf_1)
    10    0.04                           _10512_ (net)
                  0.47    0.00   11.96 ^ _44821_/A (sky130_fd_sc_hd__buf_1)
                  1.08    0.89   12.85 ^ _44821_/X (sky130_fd_sc_hd__buf_1)
    10    0.09                           _10513_ (net)
                  1.08    0.02   12.87 ^ _44822_/A (sky130_fd_sc_hd__buf_1)
                  1.12    0.94   13.81 ^ _44822_/X (sky130_fd_sc_hd__buf_1)
    10    0.10                           _10514_ (net)
                  1.12    0.00   13.81 ^ _44972_/A (sky130_fd_sc_hd__buf_1)
                  1.15    0.96   14.77 ^ _44972_/X (sky130_fd_sc_hd__buf_1)
    10    0.10                           _10664_ (net)
                  1.15    0.03   14.79 ^ _44973_/A (sky130_fd_sc_hd__buf_1)
                  1.12    0.94   15.74 ^ _44973_/X (sky130_fd_sc_hd__buf_1)
    10    0.10                           _10665_ (net)
                  1.12    0.02   15.76 ^ _44974_/A (sky130_fd_sc_hd__buf_1)
                  1.17    0.97   16.73 ^ _44974_/X (sky130_fd_sc_hd__buf_1)
    10    0.10                           _10666_ (net)
                  1.17    0.03   16.76 ^ _44988_/A (sky130_fd_sc_hd__buf_1)
                  0.67    0.62   17.38 ^ _44988_/X (sky130_fd_sc_hd__buf_1)
    10    0.06                           _10680_ (net)
                  0.67    0.00   17.38 ^ _44989_/A (sky130_fd_sc_hd__buf_1)
                  0.73    0.66   18.04 ^ _44989_/X (sky130_fd_sc_hd__buf_1)
    10    0.06                           _10681_ (net)
                  0.73    0.00   18.04 ^ _45593_/A (sky130_fd_sc_hd__buf_1)
                  1.13    0.95   18.99 ^ _45593_/X (sky130_fd_sc_hd__buf_1)
    10    0.10                           _11246_ (net)
                  1.13    0.01   19.00 ^ _46390_/A (sky130_fd_sc_hd__buf_1)
                  0.51    0.51   19.51 ^ _46390_/X (sky130_fd_sc_hd__buf_1)
    10    0.04                           _11856_ (net)
                  0.51    0.00   19.51 ^ _47867_/A (sky130_fd_sc_hd__buf_1)
                  0.61    0.56   20.07 ^ _47867_/X (sky130_fd_sc_hd__buf_1)
    10    0.05                           _13132_ (net)
                  0.61    0.00   20.08 ^ _47868_/B (sky130_fd_sc_hd__and2_2)
                  0.66    0.70   20.77 ^ _47868_/X (sky130_fd_sc_hd__and2_2)
     1    0.13                           _13133_ (net)
                  0.68    0.09   20.87 ^ _47869_/A (sky130_fd_sc_hd__buf_1)
                  0.40    0.42   21.29 ^ _47869_/X (sky130_fd_sc_hd__buf_1)
     1    0.03                           m2_wbd_cyc_o (net)
                  0.40    0.00   21.29 ^ m2_wbd_cyc_o (out)
                                 21.29   data arrival time

                  0.15   50.00   50.00   clock clk (rise edge)
                          0.00   50.00   clock network delay (ideal)
                         -0.25   49.75   clock uncertainty
                          0.00   49.75   clock reconvergence pessimism
                        -10.00   39.75   output external delay
                                 39.75   data required time
-----------------------------------------------------------------------------
                                 39.75   data required time
                                -21.29   data arrival time
-----------------------------------------------------------------------------
                                 18.46   slack (MET)



===========================================================================
report_checks --slack_max -0.01
============================================================================
No paths found.
