
===========================================================================
report_checks -path_delay max (Setup)
============================================================================
Startpoint: m2_wbd_ack_i (input port clocked by clk)
Endpoint: m2_wbd_cyc_o (output port clocked by clk)
Path Group: clk
Path Type: max

Fanout     Cap    Slew   Delay    Time   Description
-----------------------------------------------------------------------------
                  0.15    0.00    0.00   clock clk (rise edge)
                          0.00    0.00   clock network delay (ideal)
                         10.00   10.00 v input external delay
                  0.35    0.35   10.35 v m2_wbd_ack_i (in)
     7    0.17                           m2_wbd_ack_i (net)
                  0.44    0.00   10.35 v _44817_/A (sky130_fd_sc_hd__nand2_2)
                  0.33    0.43   10.78 ^ _44817_/Y (sky130_fd_sc_hd__nand2_2)
     6    0.06                           _10509_ (net)
                  0.33    0.00   10.78 ^ _44818_/A (sky130_fd_sc_hd__or3b_2)
                  0.11    0.25   11.04 ^ _44818_/X (sky130_fd_sc_hd__or3b_2)
     1    0.02                           _10510_ (net)
                  0.11    0.00   11.04 ^ _44819_/A (sky130_fd_sc_hd__buf_1)
                  0.54    0.46   11.50 ^ _44819_/X (sky130_fd_sc_hd__buf_1)
     8    0.05                           _10511_ (net)
                  0.54    0.00   11.50 ^ _44820_/A (sky130_fd_sc_hd__buf_1)
                  0.47    0.46   11.96 ^ _44820_/X (sky130_fd_sc_hd__buf_1)
    10    0.04                           _10512_ (net)
                  0.47    0.00   11.96 ^ _44821_/A (sky130_fd_sc_hd__buf_1)
                  1.08    0.89   12.85 ^ _44821_/X (sky130_fd_sc_hd__buf_1)
    10    0.09                           _10513_ (net)
                  1.08    0.02   12.87 ^ _44822_/A (sky130_fd_sc_hd__buf_1)
                  1.12    0.94   13.81 ^ _44822_/X (sky130_fd_sc_hd__buf_1)
    10    0.10                           _10514_ (net)
                  1.12    0.00   13.81 ^ _44972_/A (sky130_fd_sc_hd__buf_1)
                  1.15    0.96   14.77 ^ _44972_/X (sky130_fd_sc_hd__buf_1)
    10    0.10                           _10664_ (net)
                  1.15    0.03   14.79 ^ _44973_/A (sky130_fd_sc_hd__buf_1)
                  1.12    0.94   15.74 ^ _44973_/X (sky130_fd_sc_hd__buf_1)
    10    0.10                           _10665_ (net)
                  1.12    0.02   15.76 ^ _44974_/A (sky130_fd_sc_hd__buf_1)
                  1.17    0.97   16.73 ^ _44974_/X (sky130_fd_sc_hd__buf_1)
    10    0.10                           _10666_ (net)
                  1.17    0.03   16.76 ^ _44988_/A (sky130_fd_sc_hd__buf_1)
                  0.67    0.62   17.38 ^ _44988_/X (sky130_fd_sc_hd__buf_1)
    10    0.06                           _10680_ (net)
                  0.67    0.00   17.38 ^ _44989_/A (sky130_fd_sc_hd__buf_1)
                  0.73    0.66   18.04 ^ _44989_/X (sky130_fd_sc_hd__buf_1)
    10    0.06                           _10681_ (net)
                  0.73    0.00   18.04 ^ _45593_/A (sky130_fd_sc_hd__buf_1)
                  1.13    0.95   18.99 ^ _45593_/X (sky130_fd_sc_hd__buf_1)
    10    0.10                           _11246_ (net)
                  1.13    0.01   19.00 ^ _46390_/A (sky130_fd_sc_hd__buf_1)
                  0.51    0.51   19.51 ^ _46390_/X (sky130_fd_sc_hd__buf_1)
    10    0.04                           _11856_ (net)
                  0.51    0.00   19.51 ^ _47867_/A (sky130_fd_sc_hd__buf_1)
                  0.61    0.56   20.07 ^ _47867_/X (sky130_fd_sc_hd__buf_1)
    10    0.05                           _13132_ (net)
                  0.61    0.00   20.08 ^ _47868_/B (sky130_fd_sc_hd__and2_2)
                  0.66    0.70   20.77 ^ _47868_/X (sky130_fd_sc_hd__and2_2)
     1    0.13                           _13133_ (net)
                  0.68    0.09   20.87 ^ _47869_/A (sky130_fd_sc_hd__buf_1)
                  0.40    0.42   21.29 ^ _47869_/X (sky130_fd_sc_hd__buf_1)
     1    0.03                           m2_wbd_cyc_o (net)
                  0.40    0.00   21.29 ^ m2_wbd_cyc_o (out)
                                 21.29   data arrival time

                  0.15   50.00   50.00   clock clk (rise edge)
                          0.00   50.00   clock network delay (ideal)
                         -0.25   49.75   clock uncertainty
                          0.00   49.75   clock reconvergence pessimism
                        -10.00   39.75   output external delay
                                 39.75   data required time
-----------------------------------------------------------------------------
                                 39.75   data required time
                                -21.29   data arrival time
-----------------------------------------------------------------------------
                                 18.46   slack (MET)


Startpoint: m2_wbd_ack_i (input port clocked by clk)
Endpoint: m2_wbd_dat_o[24] (output port clocked by clk)
Path Group: clk
Path Type: max

Fanout     Cap    Slew   Delay    Time   Description
-----------------------------------------------------------------------------
                  0.15    0.00    0.00   clock clk (rise edge)
                          0.00    0.00   clock network delay (ideal)
                         10.00   10.00 ^ input external delay
                  0.75    0.62   10.62 ^ m2_wbd_ack_i (in)
     7    0.17                           m2_wbd_ack_i (net)
                  0.79    0.00   10.62 ^ _44817_/A (sky130_fd_sc_hd__nand2_2)
                  0.33    0.40   11.02 v _44817_/Y (sky130_fd_sc_hd__nand2_2)
     6    0.06                           _10509_ (net)
                  0.33    0.01   11.04 v _44961_/B (sky130_fd_sc_hd__nor2_2)
                  0.20    0.28   11.32 ^ _44961_/Y (sky130_fd_sc_hd__nor2_2)
     4    0.01                           _10653_ (net)
                  0.20    0.00   11.32 ^ _45013_/A (sky130_fd_sc_hd__buf_1)
                  0.44    0.41   11.73 ^ _45013_/X (sky130_fd_sc_hd__buf_1)
    10    0.04                           _10704_ (net)
                  0.44    0.00   11.73 ^ _45014_/A (sky130_fd_sc_hd__buf_1)
                  0.56    0.52   12.25 ^ _45014_/X (sky130_fd_sc_hd__buf_1)
    10    0.05                           _10705_ (net)
                  0.56    0.00   12.25 ^ _45042_/A (sky130_fd_sc_hd__buf_1)
                  0.80    0.70   12.96 ^ _45042_/X (sky130_fd_sc_hd__buf_1)
    10    0.07                           _10731_ (net)
                  0.80    0.00   12.96 ^ _46637_/A (sky130_fd_sc_hd__nor2_2)
                  0.21    0.25   13.21 v _46637_/Y (sky130_fd_sc_hd__nor2_2)
     4    0.03                           _12052_ (net)
                  0.21    0.00   13.21 v _46755_/B (sky130_fd_sc_hd__nor2_2)
                  0.18    0.23   13.44 ^ _46755_/Y (sky130_fd_sc_hd__nor2_2)
     5    0.01                           _12140_ (net)
                  0.18    0.00   13.44 ^ _46936_/A (sky130_fd_sc_hd__buf_1)
                  0.43    0.39   13.83 ^ _46936_/X (sky130_fd_sc_hd__buf_1)
    10    0.04                           _12301_ (net)
                  0.43    0.00   13.83 ^ _46969_/B2 (sky130_fd_sc_hd__a221o_2)
                  0.06    0.25   14.08 ^ _46969_/X (sky130_fd_sc_hd__a221o_2)
     1    0.01                           _12330_ (net)
                  0.06    0.00   14.08 ^ _46970_/B1 (sky130_fd_sc_hd__o21a_2)
                  1.11    0.82   14.90 ^ _46970_/X (sky130_fd_sc_hd__o21a_2)
     1    0.03                           m2_wbd_dat_o[24] (net)
                  1.20    0.25   15.15 ^ m2_wbd_dat_o[24] (out)
                                 15.15   data arrival time

                  0.15   50.00   50.00   clock clk (rise edge)
                          0.00   50.00   clock network delay (ideal)
                         -0.25   49.75   clock uncertainty
                          0.00   49.75   clock reconvergence pessimism
                        -10.00   39.75   output external delay
                                 39.75   data required time
-----------------------------------------------------------------------------
                                 39.75   data required time
                                -15.15   data arrival time
-----------------------------------------------------------------------------
                                 24.60   slack (MET)


Startpoint: m2_wbd_ack_i (input port clocked by clk)
Endpoint: m2_wbd_dat_o[4] (output port clocked by clk)
Path Group: clk
Path Type: max

Fanout     Cap    Slew   Delay    Time   Description
-----------------------------------------------------------------------------
                  0.15    0.00    0.00   clock clk (rise edge)
                          0.00    0.00   clock network delay (ideal)
                         10.00   10.00 ^ input external delay
                  0.75    0.62   10.62 ^ m2_wbd_ack_i (in)
     7    0.17                           m2_wbd_ack_i (net)
                  0.79    0.00   10.62 ^ _44817_/A (sky130_fd_sc_hd__nand2_2)
                  0.33    0.40   11.02 v _44817_/Y (sky130_fd_sc_hd__nand2_2)
     6    0.06                           _10509_ (net)
                  0.33    0.01   11.04 v _44961_/B (sky130_fd_sc_hd__nor2_2)
                  0.20    0.28   11.32 ^ _44961_/Y (sky130_fd_sc_hd__nor2_2)
     4    0.01                           _10653_ (net)
                  0.20    0.00   11.32 ^ _45013_/A (sky130_fd_sc_hd__buf_1)
                  0.44    0.41   11.73 ^ _45013_/X (sky130_fd_sc_hd__buf_1)
    10    0.04                           _10704_ (net)
                  0.44    0.00   11.73 ^ _45014_/A (sky130_fd_sc_hd__buf_1)
                  0.56    0.52   12.25 ^ _45014_/X (sky130_fd_sc_hd__buf_1)
    10    0.05                           _10705_ (net)
                  0.56    0.00   12.25 ^ _45042_/A (sky130_fd_sc_hd__buf_1)
                  0.80    0.70   12.96 ^ _45042_/X (sky130_fd_sc_hd__buf_1)
    10    0.07                           _10731_ (net)
                  0.80    0.00   12.96 ^ _46637_/A (sky130_fd_sc_hd__nor2_2)
                  0.21    0.25   13.21 v _46637_/Y (sky130_fd_sc_hd__nor2_2)
     4    0.03                           _12052_ (net)
                  0.21    0.00   13.21 v _46755_/B (sky130_fd_sc_hd__nor2_2)
                  0.18    0.23   13.44 ^ _46755_/Y (sky130_fd_sc_hd__nor2_2)
     5    0.01                           _12140_ (net)
                  0.18    0.00   13.44 ^ _46756_/A (sky130_fd_sc_hd__buf_1)
                  0.47    0.43   13.87 ^ _46756_/X (sky130_fd_sc_hd__buf_1)
    10    0.04                           _12141_ (net)
                  0.47    0.00   13.87 ^ _46793_/B2 (sky130_fd_sc_hd__a221o_2)
                  0.07    0.27   14.13 ^ _46793_/X (sky130_fd_sc_hd__a221o_2)
     1    0.01                           _12174_ (net)
                  0.07    0.00   14.13 ^ _46794_/B1 (sky130_fd_sc_hd__o21a_2)
                  0.98    0.75   14.89 ^ _46794_/X (sky130_fd_sc_hd__o21a_2)
     1    0.03                           m2_wbd_dat_o[4] (net)
                  1.04    0.19   15.08 ^ m2_wbd_dat_o[4] (out)
                                 15.08   data arrival time

                  0.15   50.00   50.00   clock clk (rise edge)
                          0.00   50.00   clock network delay (ideal)
                         -0.25   49.75   clock uncertainty
                          0.00   49.75   clock reconvergence pessimism
                        -10.00   39.75   output external delay
                                 39.75   data required time
-----------------------------------------------------------------------------
                                 39.75   data required time
                                -15.08   data arrival time
-----------------------------------------------------------------------------
                                 24.67   slack (MET)


Startpoint: m2_wbd_ack_i (input port clocked by clk)
Endpoint: m2_wbd_dat_o[2] (output port clocked by clk)
Path Group: clk
Path Type: max

Fanout     Cap    Slew   Delay    Time   Description
-----------------------------------------------------------------------------
                  0.15    0.00    0.00   clock clk (rise edge)
                          0.00    0.00   clock network delay (ideal)
                         10.00   10.00 ^ input external delay
                  0.75    0.62   10.62 ^ m2_wbd_ack_i (in)
     7    0.17                           m2_wbd_ack_i (net)
                  0.79    0.00   10.62 ^ _44817_/A (sky130_fd_sc_hd__nand2_2)
                  0.33    0.40   11.02 v _44817_/Y (sky130_fd_sc_hd__nand2_2)
     6    0.06                           _10509_ (net)
                  0.33    0.01   11.04 v _44961_/B (sky130_fd_sc_hd__nor2_2)
                  0.20    0.28   11.32 ^ _44961_/Y (sky130_fd_sc_hd__nor2_2)
     4    0.01                           _10653_ (net)
                  0.20    0.00   11.32 ^ _45013_/A (sky130_fd_sc_hd__buf_1)
                  0.44    0.41   11.73 ^ _45013_/X (sky130_fd_sc_hd__buf_1)
    10    0.04                           _10704_ (net)
                  0.44    0.00   11.73 ^ _45014_/A (sky130_fd_sc_hd__buf_1)
                  0.56    0.52   12.25 ^ _45014_/X (sky130_fd_sc_hd__buf_1)
    10    0.05                           _10705_ (net)
                  0.56    0.00   12.25 ^ _45042_/A (sky130_fd_sc_hd__buf_1)
                  0.80    0.70   12.96 ^ _45042_/X (sky130_fd_sc_hd__buf_1)
    10    0.07                           _10731_ (net)
                  0.80    0.00   12.96 ^ _46637_/A (sky130_fd_sc_hd__nor2_2)
                  0.21    0.25   13.21 v _46637_/Y (sky130_fd_sc_hd__nor2_2)
     4    0.03                           _12052_ (net)
                  0.21    0.00   13.21 v _46755_/B (sky130_fd_sc_hd__nor2_2)
                  0.18    0.23   13.44 ^ _46755_/Y (sky130_fd_sc_hd__nor2_2)
     5    0.01                           _12140_ (net)
                  0.18    0.00   13.44 ^ _46756_/A (sky130_fd_sc_hd__buf_1)
                  0.47    0.43   13.87 ^ _46756_/X (sky130_fd_sc_hd__buf_1)
    10    0.04                           _12141_ (net)
                  0.47    0.00   13.87 ^ _46777_/B2 (sky130_fd_sc_hd__a221o_2)
                  0.06    0.26   14.13 ^ _46777_/X (sky130_fd_sc_hd__a221o_2)
     1    0.01                           _12160_ (net)
                  0.06    0.00   14.13 ^ _46778_/B1 (sky130_fd_sc_hd__o21a_2)
                  0.98    0.75   14.88 ^ _46778_/X (sky130_fd_sc_hd__o21a_2)
     1    0.03                           m2_wbd_dat_o[2] (net)
                  1.04    0.19   15.07 ^ m2_wbd_dat_o[2] (out)
                                 15.07   data arrival time

                  0.15   50.00   50.00   clock clk (rise edge)
                          0.00   50.00   clock network delay (ideal)
                         -0.25   49.75   clock uncertainty
                          0.00   49.75   clock reconvergence pessimism
                        -10.00   39.75   output external delay
                                 39.75   data required time
-----------------------------------------------------------------------------
                                 39.75   data required time
                                -15.07   data arrival time
-----------------------------------------------------------------------------
                                 24.68   slack (MET)


Startpoint: m2_wbd_ack_i (input port clocked by clk)
Endpoint: m2_wbd_dat_o[26] (output port clocked by clk)
Path Group: clk
Path Type: max

Fanout     Cap    Slew   Delay    Time   Description
-----------------------------------------------------------------------------
                  0.15    0.00    0.00   clock clk (rise edge)
                          0.00    0.00   clock network delay (ideal)
                         10.00   10.00 ^ input external delay
                  0.75    0.62   10.62 ^ m2_wbd_ack_i (in)
     7    0.17                           m2_wbd_ack_i (net)
                  0.79    0.00   10.62 ^ _44817_/A (sky130_fd_sc_hd__nand2_2)
                  0.33    0.40   11.02 v _44817_/Y (sky130_fd_sc_hd__nand2_2)
     6    0.06                           _10509_ (net)
                  0.33    0.01   11.04 v _44961_/B (sky130_fd_sc_hd__nor2_2)
                  0.20    0.28   11.32 ^ _44961_/Y (sky130_fd_sc_hd__nor2_2)
     4    0.01                           _10653_ (net)
                  0.20    0.00   11.32 ^ _45013_/A (sky130_fd_sc_hd__buf_1)
                  0.44    0.41   11.73 ^ _45013_/X (sky130_fd_sc_hd__buf_1)
    10    0.04                           _10704_ (net)
                  0.44    0.00   11.73 ^ _45014_/A (sky130_fd_sc_hd__buf_1)
                  0.56    0.52   12.25 ^ _45014_/X (sky130_fd_sc_hd__buf_1)
    10    0.05                           _10705_ (net)
                  0.56    0.00   12.25 ^ _45042_/A (sky130_fd_sc_hd__buf_1)
                  0.80    0.70   12.96 ^ _45042_/X (sky130_fd_sc_hd__buf_1)
    10    0.07                           _10731_ (net)
                  0.80    0.00   12.96 ^ _46637_/A (sky130_fd_sc_hd__nor2_2)
                  0.21    0.25   13.21 v _46637_/Y (sky130_fd_sc_hd__nor2_2)
     4    0.03                           _12052_ (net)
                  0.21    0.00   13.21 v _46755_/B (sky130_fd_sc_hd__nor2_2)
                  0.18    0.23   13.44 ^ _46755_/Y (sky130_fd_sc_hd__nor2_2)
     5    0.01                           _12140_ (net)
                  0.18    0.00   13.44 ^ _46936_/A (sky130_fd_sc_hd__buf_1)
                  0.43    0.39   13.83 ^ _46936_/X (sky130_fd_sc_hd__buf_1)
    10    0.04                           _12301_ (net)
                  0.43    0.00   13.83 ^ _46985_/B2 (sky130_fd_sc_hd__a221o_2)
                  0.07    0.26   14.09 ^ _46985_/X (sky130_fd_sc_hd__a221o_2)
     1    0.01                           _12344_ (net)
                  0.07    0.00   14.09 ^ _46986_/B1 (sky130_fd_sc_hd__o21a_2)
                  1.00    0.76   14.85 ^ _46986_/X (sky130_fd_sc_hd__o21a_2)
     1    0.03                           m2_wbd_dat_o[26] (net)
                  1.06    0.20   15.05 ^ m2_wbd_dat_o[26] (out)
                                 15.05   data arrival time

                  0.15   50.00   50.00   clock clk (rise edge)
                          0.00   50.00   clock network delay (ideal)
                         -0.25   49.75   clock uncertainty
                          0.00   49.75   clock reconvergence pessimism
                        -10.00   39.75   output external delay
                                 39.75   data required time
-----------------------------------------------------------------------------
                                 39.75   data required time
                                -15.05   data arrival time
-----------------------------------------------------------------------------
                                 24.70   slack (MET)


