
===========================================================================
report_checks -path_delay min (Hold)
============================================================================
Startpoint: _94691_ (rising edge-triggered flip-flop clocked by clk)
Endpoint: _89387_ (rising edge-triggered flip-flop clocked by clk)
Path Group: clk
Path Type: min

Fanout     Cap    Slew   Delay    Time   Description
-----------------------------------------------------------------------------
                          0.00    0.00   clock clk (rise edge)
                          0.00    0.00   clock source latency
                  0.41    0.30    0.30 ^ clk (in)
     1    0.10                           clk (net)
                  0.42    0.00    0.30 ^ clkbuf_0_clk/A (sky130_fd_sc_hd__clkbuf_16)
                  0.05    0.21    0.50 ^ clkbuf_0_clk/X (sky130_fd_sc_hd__clkbuf_16)
     2    0.02                           clknet_0_clk (net)
                  0.05    0.00    0.50 ^ clkbuf_1_1_0_clk/A (sky130_fd_sc_hd__clkbuf_8)
                  0.04    0.12    0.62 ^ clkbuf_1_1_0_clk/X (sky130_fd_sc_hd__clkbuf_8)
     1    0.01                           clknet_1_1_0_clk (net)
                  0.04    0.00    0.62 ^ clkbuf_1_1_1_clk/A (sky130_fd_sc_hd__clkbuf_8)
                  0.04    0.11    0.73 ^ clkbuf_1_1_1_clk/X (sky130_fd_sc_hd__clkbuf_8)
     1    0.01                           clknet_1_1_1_clk (net)
                  0.04    0.00    0.73 ^ clkbuf_1_1_2_clk/A (sky130_fd_sc_hd__clkbuf_8)
                  0.04    0.11    0.84 ^ clkbuf_1_1_2_clk/X (sky130_fd_sc_hd__clkbuf_8)
     1    0.01                           clknet_1_1_2_clk (net)
                  0.04    0.00    0.85 ^ clkbuf_1_1_3_clk/A (sky130_fd_sc_hd__clkbuf_8)
                  0.03    0.11    0.95 ^ clkbuf_1_1_3_clk/X (sky130_fd_sc_hd__clkbuf_8)
     1    0.01                           clknet_1_1_3_clk (net)
                  0.03    0.00    0.95 ^ clkbuf_1_1_4_clk/A (sky130_fd_sc_hd__clkbuf_8)
                  0.08    0.14    1.10 ^ clkbuf_1_1_4_clk/X (sky130_fd_sc_hd__clkbuf_8)
     2    0.04                           clknet_1_1_4_clk (net)
                  0.08    0.00    1.10 ^ clkbuf_2_3_0_clk/A (sky130_fd_sc_hd__clkbuf_8)
                  0.04    0.13    1.22 ^ clkbuf_2_3_0_clk/X (sky130_fd_sc_hd__clkbuf_8)
     1    0.01                           clknet_2_3_0_clk (net)
                  0.04    0.00    1.22 ^ clkbuf_2_3_1_clk/A (sky130_fd_sc_hd__clkbuf_8)
                  0.04    0.11    1.34 ^ clkbuf_2_3_1_clk/X (sky130_fd_sc_hd__clkbuf_8)
     1    0.01                           clknet_2_3_1_clk (net)
                  0.04    0.00    1.34 ^ clkbuf_2_3_2_clk/A (sky130_fd_sc_hd__clkbuf_8)
                  0.04    0.11    1.45 ^ clkbuf_2_3_2_clk/X (sky130_fd_sc_hd__clkbuf_8)
     1    0.01                           clknet_2_3_2_clk (net)
                  0.04    0.00    1.45 ^ clkbuf_2_3_3_clk/A (sky130_fd_sc_hd__clkbuf_8)
                  0.05    0.13    1.58 ^ clkbuf_2_3_3_clk/X (sky130_fd_sc_hd__clkbuf_8)
     2    0.02                           clknet_2_3_3_clk (net)
                  0.05    0.00    1.58 ^ clkbuf_3_7_0_clk/A (sky130_fd_sc_hd__clkbuf_8)
                  0.04    0.12    1.69 ^ clkbuf_3_7_0_clk/X (sky130_fd_sc_hd__clkbuf_8)
     1    0.01                           clknet_3_7_0_clk (net)
                  0.04    0.00    1.69 ^ clkbuf_3_7_1_clk/A (sky130_fd_sc_hd__clkbuf_8)
                  0.07    0.14    1.83 ^ clkbuf_3_7_1_clk/X (sky130_fd_sc_hd__clkbuf_8)
     2    0.03                           clknet_3_7_1_clk (net)
                  0.07    0.00    1.83 ^ clkbuf_4_15_0_clk/A (sky130_fd_sc_hd__clkbuf_8)
                  0.04    0.12    1.95 ^ clkbuf_4_15_0_clk/X (sky130_fd_sc_hd__clkbuf_8)
     1    0.01                           clknet_4_15_0_clk (net)
                  0.04    0.00    1.95 ^ clkbuf_4_15_1_clk/A (sky130_fd_sc_hd__clkbuf_8)
                  0.05    0.13    2.08 ^ clkbuf_4_15_1_clk/X (sky130_fd_sc_hd__clkbuf_8)
     2    0.02                           clknet_4_15_1_clk (net)
                  0.05    0.00    2.08 ^ clkbuf_5_30_0_clk/A (sky130_fd_sc_hd__clkbuf_8)
                  0.06    0.14    2.22 ^ clkbuf_5_30_0_clk/X (sky130_fd_sc_hd__clkbuf_8)
     2    0.03                           clknet_5_30_0_clk (net)
                  0.06    0.00    2.22 ^ clkbuf_6_60_0_clk/A (sky130_fd_sc_hd__clkbuf_8)
                  0.04    0.12    2.34 ^ clkbuf_6_60_0_clk/X (sky130_fd_sc_hd__clkbuf_8)
     2    0.01                           clknet_6_60_0_clk (net)
                  0.04    0.00    2.34 ^ clkbuf_7_120_0_clk/A (sky130_fd_sc_hd__clkbuf_8)
                  0.19    0.22    2.56 ^ clkbuf_7_120_0_clk/X (sky130_fd_sc_hd__clkbuf_8)
    10    0.11                           clknet_7_120_0_clk (net)
                  0.19    0.00    2.56 ^ clkbuf_leaf_854_clk/A (sky130_fd_sc_hd__clkbuf_16)
                  0.08    0.19    2.76 ^ clkbuf_leaf_854_clk/X (sky130_fd_sc_hd__clkbuf_16)
    25    0.06                           clknet_leaf_854_clk (net)
                  0.08    0.00    2.76 ^ _94691_/CLK (sky130_fd_sc_hd__dfxtp_2)
                  0.13    0.38    3.13 ^ _94691_/Q (sky130_fd_sc_hd__dfxtp_2)
     5    0.03                           core_u.front2back_next_pc[0] (net)
                  0.13    0.00    3.14 ^ _56582_/B2 (sky130_fd_sc_hd__a22o_1)
                  0.04    0.13    3.26 ^ _56582_/X (sky130_fd_sc_hd__a22o_1)
     1    0.00                           _02654_ (net)
                  0.04    0.00    3.26 ^ _89387_/D (sky130_fd_sc_hd__dfxtp_1)
                                  3.26   data arrival time

                          0.00    0.00   clock clk (rise edge)
                          0.00    0.00   clock source latency
                  0.41    0.33    0.33 ^ clk (in)
     1    0.10                           clk (net)
                  0.42    0.00    0.33 ^ clkbuf_0_clk/A (sky130_fd_sc_hd__clkbuf_16)
                  0.05    0.23    0.56 ^ clkbuf_0_clk/X (sky130_fd_sc_hd__clkbuf_16)
     2    0.02                           clknet_0_clk (net)
                  0.05    0.00    0.56 ^ clkbuf_1_1_0_clk/A (sky130_fd_sc_hd__clkbuf_8)
                  0.04    0.13    0.69 ^ clkbuf_1_1_0_clk/X (sky130_fd_sc_hd__clkbuf_8)
     1    0.01                           clknet_1_1_0_clk (net)
                  0.04    0.00    0.69 ^ clkbuf_1_1_1_clk/A (sky130_fd_sc_hd__clkbuf_8)
                  0.04    0.12    0.81 ^ clkbuf_1_1_1_clk/X (sky130_fd_sc_hd__clkbuf_8)
     1    0.01                           clknet_1_1_1_clk (net)
                  0.04    0.00    0.81 ^ clkbuf_1_1_2_clk/A (sky130_fd_sc_hd__clkbuf_8)
                  0.04    0.12    0.93 ^ clkbuf_1_1_2_clk/X (sky130_fd_sc_hd__clkbuf_8)
     1    0.01                           clknet_1_1_2_clk (net)
                  0.04    0.00    0.93 ^ clkbuf_1_1_3_clk/A (sky130_fd_sc_hd__clkbuf_8)
                  0.03    0.12    1.05 ^ clkbuf_1_1_3_clk/X (sky130_fd_sc_hd__clkbuf_8)
     1    0.01                           clknet_1_1_3_clk (net)
                  0.03    0.00    1.05 ^ clkbuf_1_1_4_clk/A (sky130_fd_sc_hd__clkbuf_8)
                  0.08    0.16    1.21 ^ clkbuf_1_1_4_clk/X (sky130_fd_sc_hd__clkbuf_8)
     2    0.04                           clknet_1_1_4_clk (net)
                  0.08    0.00    1.21 ^ clkbuf_2_3_0_clk/A (sky130_fd_sc_hd__clkbuf_8)
                  0.04    0.14    1.35 ^ clkbuf_2_3_0_clk/X (sky130_fd_sc_hd__clkbuf_8)
     1    0.01                           clknet_2_3_0_clk (net)
                  0.04    0.00    1.35 ^ clkbuf_2_3_1_clk/A (sky130_fd_sc_hd__clkbuf_8)
                  0.04    0.12    1.48 ^ clkbuf_2_3_1_clk/X (sky130_fd_sc_hd__clkbuf_8)
     1    0.01                           clknet_2_3_1_clk (net)
                  0.04    0.00    1.48 ^ clkbuf_2_3_2_clk/A (sky130_fd_sc_hd__clkbuf_8)
                  0.04    0.12    1.60 ^ clkbuf_2_3_2_clk/X (sky130_fd_sc_hd__clkbuf_8)
     1    0.01                           clknet_2_3_2_clk (net)
                  0.04    0.00    1.60 ^ clkbuf_2_3_3_clk/A (sky130_fd_sc_hd__clkbuf_8)
                  0.05    0.14    1.74 ^ clkbuf_2_3_3_clk/X (sky130_fd_sc_hd__clkbuf_8)
     2    0.02                           clknet_2_3_3_clk (net)
                  0.05    0.00    1.74 ^ clkbuf_3_6_0_clk/A (sky130_fd_sc_hd__clkbuf_8)
                  0.04    0.13    1.87 ^ clkbuf_3_6_0_clk/X (sky130_fd_sc_hd__clkbuf_8)
     1    0.01                           clknet_3_6_0_clk (net)
                  0.04    0.00    1.87 ^ clkbuf_3_6_1_clk/A (sky130_fd_sc_hd__clkbuf_8)
                  0.07    0.15    2.02 ^ clkbuf_3_6_1_clk/X (sky130_fd_sc_hd__clkbuf_8)
     2    0.03                           clknet_3_6_1_clk (net)
                  0.07    0.00    2.02 ^ clkbuf_4_12_0_clk/A (sky130_fd_sc_hd__clkbuf_8)
                  0.04    0.13    2.16 ^ clkbuf_4_12_0_clk/X (sky130_fd_sc_hd__clkbuf_8)
     1    0.01                           clknet_4_12_0_clk (net)
                  0.04    0.00    2.16 ^ clkbuf_4_12_1_clk/A (sky130_fd_sc_hd__clkbuf_8)
                  0.05    0.14    2.30 ^ clkbuf_4_12_1_clk/X (sky130_fd_sc_hd__clkbuf_8)
     2    0.02                           clknet_4_12_1_clk (net)
                  0.05    0.00    2.30 ^ clkbuf_5_25_0_clk/A (sky130_fd_sc_hd__clkbuf_8)
                  0.06    0.15    2.45 ^ clkbuf_5_25_0_clk/X (sky130_fd_sc_hd__clkbuf_8)
     2    0.03                           clknet_5_25_0_clk (net)
                  0.06    0.00    2.45 ^ clkbuf_6_51_0_clk/A (sky130_fd_sc_hd__clkbuf_8)
                  0.05    0.14    2.59 ^ clkbuf_6_51_0_clk/X (sky130_fd_sc_hd__clkbuf_8)
     2    0.02                           clknet_6_51_0_clk (net)
                  0.05    0.00    2.59 ^ clkbuf_7_102_0_clk/A (sky130_fd_sc_hd__clkbuf_8)
                  0.32    0.35    2.94 ^ clkbuf_7_102_0_clk/X (sky130_fd_sc_hd__clkbuf_8)
    18    0.20                           clknet_7_102_0_clk (net)
                  0.32    0.00    2.94 ^ clkbuf_opt_47_0_clk/A (sky130_fd_sc_hd__clkbuf_16)
                  0.04    0.20    3.14 ^ clkbuf_opt_47_0_clk/X (sky130_fd_sc_hd__clkbuf_16)
     1    0.01                           clknet_opt_47_0_clk (net)
                  0.04    0.00    3.15 ^ clkbuf_leaf_843_clk/A (sky130_fd_sc_hd__clkbuf_16)
                  0.06    0.15    3.29 ^ clkbuf_leaf_843_clk/X (sky130_fd_sc_hd__clkbuf_16)
    14    0.04                           clknet_leaf_843_clk (net)
                  0.06    0.00    3.29 ^ _89387_/CLK (sky130_fd_sc_hd__dfxtp_1)
                          0.25    3.54   clock uncertainty
                         -0.17    3.38   clock reconvergence pessimism
                         -0.03    3.35   library hold time
                                  3.35   data required time
-----------------------------------------------------------------------------
                                  3.35   data required time
                                 -3.26   data arrival time
-----------------------------------------------------------------------------
                                 -0.08   slack (VIOLATED)


Startpoint: _94691_ (rising edge-triggered flip-flop clocked by clk)
Endpoint: _89320_ (rising edge-triggered flip-flop clocked by clk)
Path Group: clk
Path Type: min

Fanout     Cap    Slew   Delay    Time   Description
-----------------------------------------------------------------------------
                          0.00    0.00   clock clk (rise edge)
                          0.00    0.00   clock source latency
                  0.41    0.30    0.30 ^ clk (in)
     1    0.10                           clk (net)
                  0.42    0.00    0.30 ^ clkbuf_0_clk/A (sky130_fd_sc_hd__clkbuf_16)
                  0.05    0.21    0.50 ^ clkbuf_0_clk/X (sky130_fd_sc_hd__clkbuf_16)
     2    0.02                           clknet_0_clk (net)
                  0.05    0.00    0.50 ^ clkbuf_1_1_0_clk/A (sky130_fd_sc_hd__clkbuf_8)
                  0.04    0.12    0.62 ^ clkbuf_1_1_0_clk/X (sky130_fd_sc_hd__clkbuf_8)
     1    0.01                           clknet_1_1_0_clk (net)
                  0.04    0.00    0.62 ^ clkbuf_1_1_1_clk/A (sky130_fd_sc_hd__clkbuf_8)
                  0.04    0.11    0.73 ^ clkbuf_1_1_1_clk/X (sky130_fd_sc_hd__clkbuf_8)
     1    0.01                           clknet_1_1_1_clk (net)
                  0.04    0.00    0.73 ^ clkbuf_1_1_2_clk/A (sky130_fd_sc_hd__clkbuf_8)
                  0.04    0.11    0.84 ^ clkbuf_1_1_2_clk/X (sky130_fd_sc_hd__clkbuf_8)
     1    0.01                           clknet_1_1_2_clk (net)
                  0.04    0.00    0.85 ^ clkbuf_1_1_3_clk/A (sky130_fd_sc_hd__clkbuf_8)
                  0.03    0.11    0.95 ^ clkbuf_1_1_3_clk/X (sky130_fd_sc_hd__clkbuf_8)
     1    0.01                           clknet_1_1_3_clk (net)
                  0.03    0.00    0.95 ^ clkbuf_1_1_4_clk/A (sky130_fd_sc_hd__clkbuf_8)
                  0.08    0.14    1.10 ^ clkbuf_1_1_4_clk/X (sky130_fd_sc_hd__clkbuf_8)
     2    0.04                           clknet_1_1_4_clk (net)
                  0.08    0.00    1.10 ^ clkbuf_2_3_0_clk/A (sky130_fd_sc_hd__clkbuf_8)
                  0.04    0.13    1.22 ^ clkbuf_2_3_0_clk/X (sky130_fd_sc_hd__clkbuf_8)
     1    0.01                           clknet_2_3_0_clk (net)
                  0.04    0.00    1.22 ^ clkbuf_2_3_1_clk/A (sky130_fd_sc_hd__clkbuf_8)
                  0.04    0.11    1.34 ^ clkbuf_2_3_1_clk/X (sky130_fd_sc_hd__clkbuf_8)
     1    0.01                           clknet_2_3_1_clk (net)
                  0.04    0.00    1.34 ^ clkbuf_2_3_2_clk/A (sky130_fd_sc_hd__clkbuf_8)
                  0.04    0.11    1.45 ^ clkbuf_2_3_2_clk/X (sky130_fd_sc_hd__clkbuf_8)
     1    0.01                           clknet_2_3_2_clk (net)
                  0.04    0.00    1.45 ^ clkbuf_2_3_3_clk/A (sky130_fd_sc_hd__clkbuf_8)
                  0.05    0.13    1.58 ^ clkbuf_2_3_3_clk/X (sky130_fd_sc_hd__clkbuf_8)
     2    0.02                           clknet_2_3_3_clk (net)
                  0.05    0.00    1.58 ^ clkbuf_3_7_0_clk/A (sky130_fd_sc_hd__clkbuf_8)
                  0.04    0.12    1.69 ^ clkbuf_3_7_0_clk/X (sky130_fd_sc_hd__clkbuf_8)
     1    0.01                           clknet_3_7_0_clk (net)
                  0.04    0.00    1.69 ^ clkbuf_3_7_1_clk/A (sky130_fd_sc_hd__clkbuf_8)
                  0.07    0.14    1.83 ^ clkbuf_3_7_1_clk/X (sky130_fd_sc_hd__clkbuf_8)
     2    0.03                           clknet_3_7_1_clk (net)
                  0.07    0.00    1.83 ^ clkbuf_4_15_0_clk/A (sky130_fd_sc_hd__clkbuf_8)
                  0.04    0.12    1.95 ^ clkbuf_4_15_0_clk/X (sky130_fd_sc_hd__clkbuf_8)
     1    0.01                           clknet_4_15_0_clk (net)
                  0.04    0.00    1.95 ^ clkbuf_4_15_1_clk/A (sky130_fd_sc_hd__clkbuf_8)
                  0.05    0.13    2.08 ^ clkbuf_4_15_1_clk/X (sky130_fd_sc_hd__clkbuf_8)
     2    0.02                           clknet_4_15_1_clk (net)
                  0.05    0.00    2.08 ^ clkbuf_5_30_0_clk/A (sky130_fd_sc_hd__clkbuf_8)
                  0.06    0.14    2.22 ^ clkbuf_5_30_0_clk/X (sky130_fd_sc_hd__clkbuf_8)
     2    0.03                           clknet_5_30_0_clk (net)
                  0.06    0.00    2.22 ^ clkbuf_6_60_0_clk/A (sky130_fd_sc_hd__clkbuf_8)
                  0.04    0.12    2.34 ^ clkbuf_6_60_0_clk/X (sky130_fd_sc_hd__clkbuf_8)
     2    0.01                           clknet_6_60_0_clk (net)
                  0.04    0.00    2.34 ^ clkbuf_7_120_0_clk/A (sky130_fd_sc_hd__clkbuf_8)
                  0.19    0.22    2.56 ^ clkbuf_7_120_0_clk/X (sky130_fd_sc_hd__clkbuf_8)
    10    0.11                           clknet_7_120_0_clk (net)
                  0.19    0.00    2.56 ^ clkbuf_leaf_854_clk/A (sky130_fd_sc_hd__clkbuf_16)
                  0.08    0.19    2.76 ^ clkbuf_leaf_854_clk/X (sky130_fd_sc_hd__clkbuf_16)
    25    0.06                           clknet_leaf_854_clk (net)
                  0.08    0.00    2.76 ^ _94691_/CLK (sky130_fd_sc_hd__dfxtp_2)
                  0.13    0.38    3.13 ^ _94691_/Q (sky130_fd_sc_hd__dfxtp_2)
     5    0.03                           core_u.front2back_next_pc[0] (net)
                  0.13    0.00    3.14 ^ _56502_/B2 (sky130_fd_sc_hd__a22o_1)
                  0.04    0.13    3.27 ^ _56502_/X (sky130_fd_sc_hd__a22o_1)
     1    0.00                           _02587_ (net)
                  0.04    0.00    3.27 ^ _89320_/D (sky130_fd_sc_hd__dfxtp_1)
                                  3.27   data arrival time

                          0.00    0.00   clock clk (rise edge)
                          0.00    0.00   clock source latency
                  0.41    0.33    0.33 ^ clk (in)
     1    0.10                           clk (net)
                  0.42    0.00    0.33 ^ clkbuf_0_clk/A (sky130_fd_sc_hd__clkbuf_16)
                  0.05    0.23    0.56 ^ clkbuf_0_clk/X (sky130_fd_sc_hd__clkbuf_16)
     2    0.02                           clknet_0_clk (net)
                  0.05    0.00    0.56 ^ clkbuf_1_1_0_clk/A (sky130_fd_sc_hd__clkbuf_8)
                  0.04    0.13    0.69 ^ clkbuf_1_1_0_clk/X (sky130_fd_sc_hd__clkbuf_8)
     1    0.01                           clknet_1_1_0_clk (net)
                  0.04    0.00    0.69 ^ clkbuf_1_1_1_clk/A (sky130_fd_sc_hd__clkbuf_8)
                  0.04    0.12    0.81 ^ clkbuf_1_1_1_clk/X (sky130_fd_sc_hd__clkbuf_8)
     1    0.01                           clknet_1_1_1_clk (net)
                  0.04    0.00    0.81 ^ clkbuf_1_1_2_clk/A (sky130_fd_sc_hd__clkbuf_8)
                  0.04    0.12    0.93 ^ clkbuf_1_1_2_clk/X (sky130_fd_sc_hd__clkbuf_8)
     1    0.01                           clknet_1_1_2_clk (net)
                  0.04    0.00    0.93 ^ clkbuf_1_1_3_clk/A (sky130_fd_sc_hd__clkbuf_8)
                  0.03    0.12    1.05 ^ clkbuf_1_1_3_clk/X (sky130_fd_sc_hd__clkbuf_8)
     1    0.01                           clknet_1_1_3_clk (net)
                  0.03    0.00    1.05 ^ clkbuf_1_1_4_clk/A (sky130_fd_sc_hd__clkbuf_8)
                  0.08    0.16    1.21 ^ clkbuf_1_1_4_clk/X (sky130_fd_sc_hd__clkbuf_8)
     2    0.04                           clknet_1_1_4_clk (net)
                  0.08    0.00    1.21 ^ clkbuf_2_3_0_clk/A (sky130_fd_sc_hd__clkbuf_8)
                  0.04    0.14    1.35 ^ clkbuf_2_3_0_clk/X (sky130_fd_sc_hd__clkbuf_8)
     1    0.01                           clknet_2_3_0_clk (net)
                  0.04    0.00    1.35 ^ clkbuf_2_3_1_clk/A (sky130_fd_sc_hd__clkbuf_8)
                  0.04    0.12    1.48 ^ clkbuf_2_3_1_clk/X (sky130_fd_sc_hd__clkbuf_8)
     1    0.01                           clknet_2_3_1_clk (net)
                  0.04    0.00    1.48 ^ clkbuf_2_3_2_clk/A (sky130_fd_sc_hd__clkbuf_8)
                  0.04    0.12    1.60 ^ clkbuf_2_3_2_clk/X (sky130_fd_sc_hd__clkbuf_8)
     1    0.01                           clknet_2_3_2_clk (net)
                  0.04    0.00    1.60 ^ clkbuf_2_3_3_clk/A (sky130_fd_sc_hd__clkbuf_8)
                  0.05    0.14    1.74 ^ clkbuf_2_3_3_clk/X (sky130_fd_sc_hd__clkbuf_8)
     2    0.02                           clknet_2_3_3_clk (net)
                  0.05    0.00    1.74 ^ clkbuf_3_6_0_clk/A (sky130_fd_sc_hd__clkbuf_8)
                  0.04    0.13    1.87 ^ clkbuf_3_6_0_clk/X (sky130_fd_sc_hd__clkbuf_8)
     1    0.01                           clknet_3_6_0_clk (net)
                  0.04    0.00    1.87 ^ clkbuf_3_6_1_clk/A (sky130_fd_sc_hd__clkbuf_8)
                  0.07    0.15    2.02 ^ clkbuf_3_6_1_clk/X (sky130_fd_sc_hd__clkbuf_8)
     2    0.03                           clknet_3_6_1_clk (net)
                  0.07    0.00    2.02 ^ clkbuf_4_12_0_clk/A (sky130_fd_sc_hd__clkbuf_8)
                  0.04    0.13    2.16 ^ clkbuf_4_12_0_clk/X (sky130_fd_sc_hd__clkbuf_8)
     1    0.01                           clknet_4_12_0_clk (net)
                  0.04    0.00    2.16 ^ clkbuf_4_12_1_clk/A (sky130_fd_sc_hd__clkbuf_8)
                  0.05    0.14    2.30 ^ clkbuf_4_12_1_clk/X (sky130_fd_sc_hd__clkbuf_8)
     2    0.02                           clknet_4_12_1_clk (net)
                  0.05    0.00    2.30 ^ clkbuf_5_25_0_clk/A (sky130_fd_sc_hd__clkbuf_8)
                  0.06    0.15    2.45 ^ clkbuf_5_25_0_clk/X (sky130_fd_sc_hd__clkbuf_8)
     2    0.03                           clknet_5_25_0_clk (net)
                  0.06    0.00    2.45 ^ clkbuf_6_51_0_clk/A (sky130_fd_sc_hd__clkbuf_8)
                  0.05    0.14    2.59 ^ clkbuf_6_51_0_clk/X (sky130_fd_sc_hd__clkbuf_8)
     2    0.02                           clknet_6_51_0_clk (net)
                  0.05    0.00    2.59 ^ clkbuf_7_102_0_clk/A (sky130_fd_sc_hd__clkbuf_8)
                  0.32    0.35    2.94 ^ clkbuf_7_102_0_clk/X (sky130_fd_sc_hd__clkbuf_8)
    18    0.20                           clknet_7_102_0_clk (net)
                  0.32    0.00    2.94 ^ clkbuf_opt_47_0_clk/A (sky130_fd_sc_hd__clkbuf_16)
                  0.04    0.20    3.14 ^ clkbuf_opt_47_0_clk/X (sky130_fd_sc_hd__clkbuf_16)
     1    0.01                           clknet_opt_47_0_clk (net)
                  0.04    0.00    3.15 ^ clkbuf_leaf_843_clk/A (sky130_fd_sc_hd__clkbuf_16)
                  0.06    0.15    3.29 ^ clkbuf_leaf_843_clk/X (sky130_fd_sc_hd__clkbuf_16)
    14    0.04                           clknet_leaf_843_clk (net)
                  0.06    0.00    3.29 ^ _89320_/CLK (sky130_fd_sc_hd__dfxtp_1)
                          0.25    3.54   clock uncertainty
                         -0.17    3.38   clock reconvergence pessimism
                         -0.03    3.35   library hold time
                                  3.35   data required time
-----------------------------------------------------------------------------
                                  3.35   data required time
                                 -3.27   data arrival time
-----------------------------------------------------------------------------
                                 -0.08   slack (VIOLATED)


Startpoint: _94689_ (rising edge-triggered flip-flop clocked by clk)
Endpoint: _89599_ (rising edge-triggered flip-flop clocked by clk)
Path Group: clk
Path Type: min

Fanout     Cap    Slew   Delay    Time   Description
-----------------------------------------------------------------------------
                          0.00    0.00   clock clk (rise edge)
                          0.00    0.00   clock source latency
                  0.41    0.30    0.30 ^ clk (in)
     1    0.10                           clk (net)
                  0.42    0.00    0.30 ^ clkbuf_0_clk/A (sky130_fd_sc_hd__clkbuf_16)
                  0.05    0.21    0.50 ^ clkbuf_0_clk/X (sky130_fd_sc_hd__clkbuf_16)
     2    0.02                           clknet_0_clk (net)
                  0.05    0.00    0.50 ^ clkbuf_1_1_0_clk/A (sky130_fd_sc_hd__clkbuf_8)
                  0.04    0.12    0.62 ^ clkbuf_1_1_0_clk/X (sky130_fd_sc_hd__clkbuf_8)
     1    0.01                           clknet_1_1_0_clk (net)
                  0.04    0.00    0.62 ^ clkbuf_1_1_1_clk/A (sky130_fd_sc_hd__clkbuf_8)
                  0.04    0.11    0.73 ^ clkbuf_1_1_1_clk/X (sky130_fd_sc_hd__clkbuf_8)
     1    0.01                           clknet_1_1_1_clk (net)
                  0.04    0.00    0.73 ^ clkbuf_1_1_2_clk/A (sky130_fd_sc_hd__clkbuf_8)
                  0.04    0.11    0.84 ^ clkbuf_1_1_2_clk/X (sky130_fd_sc_hd__clkbuf_8)
     1    0.01                           clknet_1_1_2_clk (net)
                  0.04    0.00    0.85 ^ clkbuf_1_1_3_clk/A (sky130_fd_sc_hd__clkbuf_8)
                  0.03    0.11    0.95 ^ clkbuf_1_1_3_clk/X (sky130_fd_sc_hd__clkbuf_8)
     1    0.01                           clknet_1_1_3_clk (net)
                  0.03    0.00    0.95 ^ clkbuf_1_1_4_clk/A (sky130_fd_sc_hd__clkbuf_8)
                  0.08    0.14    1.10 ^ clkbuf_1_1_4_clk/X (sky130_fd_sc_hd__clkbuf_8)
     2    0.04                           clknet_1_1_4_clk (net)
                  0.08    0.00    1.10 ^ clkbuf_2_3_0_clk/A (sky130_fd_sc_hd__clkbuf_8)
                  0.04    0.13    1.22 ^ clkbuf_2_3_0_clk/X (sky130_fd_sc_hd__clkbuf_8)
     1    0.01                           clknet_2_3_0_clk (net)
                  0.04    0.00    1.22 ^ clkbuf_2_3_1_clk/A (sky130_fd_sc_hd__clkbuf_8)
                  0.04    0.11    1.34 ^ clkbuf_2_3_1_clk/X (sky130_fd_sc_hd__clkbuf_8)
     1    0.01                           clknet_2_3_1_clk (net)
                  0.04    0.00    1.34 ^ clkbuf_2_3_2_clk/A (sky130_fd_sc_hd__clkbuf_8)
                  0.04    0.11    1.45 ^ clkbuf_2_3_2_clk/X (sky130_fd_sc_hd__clkbuf_8)
     1    0.01                           clknet_2_3_2_clk (net)
                  0.04    0.00    1.45 ^ clkbuf_2_3_3_clk/A (sky130_fd_sc_hd__clkbuf_8)
                  0.05    0.13    1.58 ^ clkbuf_2_3_3_clk/X (sky130_fd_sc_hd__clkbuf_8)
     2    0.02                           clknet_2_3_3_clk (net)
                  0.05    0.00    1.58 ^ clkbuf_3_7_0_clk/A (sky130_fd_sc_hd__clkbuf_8)
                  0.04    0.12    1.69 ^ clkbuf_3_7_0_clk/X (sky130_fd_sc_hd__clkbuf_8)
     1    0.01                           clknet_3_7_0_clk (net)
                  0.04    0.00    1.69 ^ clkbuf_3_7_1_clk/A (sky130_fd_sc_hd__clkbuf_8)
                  0.07    0.14    1.83 ^ clkbuf_3_7_1_clk/X (sky130_fd_sc_hd__clkbuf_8)
     2    0.03                           clknet_3_7_1_clk (net)
                  0.07    0.00    1.83 ^ clkbuf_4_15_0_clk/A (sky130_fd_sc_hd__clkbuf_8)
                  0.04    0.12    1.95 ^ clkbuf_4_15_0_clk/X (sky130_fd_sc_hd__clkbuf_8)
     1    0.01                           clknet_4_15_0_clk (net)
                  0.04    0.00    1.95 ^ clkbuf_4_15_1_clk/A (sky130_fd_sc_hd__clkbuf_8)
                  0.05    0.13    2.08 ^ clkbuf_4_15_1_clk/X (sky130_fd_sc_hd__clkbuf_8)
     2    0.02                           clknet_4_15_1_clk (net)
                  0.05    0.00    2.08 ^ clkbuf_5_30_0_clk/A (sky130_fd_sc_hd__clkbuf_8)
                  0.06    0.14    2.22 ^ clkbuf_5_30_0_clk/X (sky130_fd_sc_hd__clkbuf_8)
     2    0.03                           clknet_5_30_0_clk (net)
                  0.06    0.00    2.22 ^ clkbuf_6_60_0_clk/A (sky130_fd_sc_hd__clkbuf_8)
                  0.04    0.12    2.34 ^ clkbuf_6_60_0_clk/X (sky130_fd_sc_hd__clkbuf_8)
     2    0.01                           clknet_6_60_0_clk (net)
                  0.04    0.00    2.34 ^ clkbuf_7_120_0_clk/A (sky130_fd_sc_hd__clkbuf_8)
                  0.19    0.22    2.56 ^ clkbuf_7_120_0_clk/X (sky130_fd_sc_hd__clkbuf_8)
    10    0.11                           clknet_7_120_0_clk (net)
                  0.19    0.00    2.56 ^ clkbuf_leaf_854_clk/A (sky130_fd_sc_hd__clkbuf_16)
                  0.08    0.19    2.76 ^ clkbuf_leaf_854_clk/X (sky130_fd_sc_hd__clkbuf_16)
    25    0.06                           clknet_leaf_854_clk (net)
                  0.08    0.00    2.76 ^ _94689_/CLK (sky130_fd_sc_hd__dfxtp_2)
                  0.13    0.38    3.14 ^ _94689_/Q (sky130_fd_sc_hd__dfxtp_2)
     5    0.03                           core_u.front2back_pc[31] (net)
                  0.13    0.00    3.14 ^ _57164_/A1 (sky130_fd_sc_hd__a22o_1)
                  0.04    0.15    3.28 ^ _57164_/X (sky130_fd_sc_hd__a22o_1)
     1    0.00                           _02866_ (net)
                  0.04    0.00    3.28 ^ _89599_/D (sky130_fd_sc_hd__dfxtp_1)
                                  3.28   data arrival time

                          0.00    0.00   clock clk (rise edge)
                          0.00    0.00   clock source latency
                  0.41    0.33    0.33 ^ clk (in)
     1    0.10                           clk (net)
                  0.42    0.00    0.33 ^ clkbuf_0_clk/A (sky130_fd_sc_hd__clkbuf_16)
                  0.05    0.23    0.56 ^ clkbuf_0_clk/X (sky130_fd_sc_hd__clkbuf_16)
     2    0.02                           clknet_0_clk (net)
                  0.05    0.00    0.56 ^ clkbuf_1_1_0_clk/A (sky130_fd_sc_hd__clkbuf_8)
                  0.04    0.13    0.69 ^ clkbuf_1_1_0_clk/X (sky130_fd_sc_hd__clkbuf_8)
     1    0.01                           clknet_1_1_0_clk (net)
                  0.04    0.00    0.69 ^ clkbuf_1_1_1_clk/A (sky130_fd_sc_hd__clkbuf_8)
                  0.04    0.12    0.81 ^ clkbuf_1_1_1_clk/X (sky130_fd_sc_hd__clkbuf_8)
     1    0.01                           clknet_1_1_1_clk (net)
                  0.04    0.00    0.81 ^ clkbuf_1_1_2_clk/A (sky130_fd_sc_hd__clkbuf_8)
                  0.04    0.12    0.93 ^ clkbuf_1_1_2_clk/X (sky130_fd_sc_hd__clkbuf_8)
     1    0.01                           clknet_1_1_2_clk (net)
                  0.04    0.00    0.93 ^ clkbuf_1_1_3_clk/A (sky130_fd_sc_hd__clkbuf_8)
                  0.03    0.12    1.05 ^ clkbuf_1_1_3_clk/X (sky130_fd_sc_hd__clkbuf_8)
     1    0.01                           clknet_1_1_3_clk (net)
                  0.03    0.00    1.05 ^ clkbuf_1_1_4_clk/A (sky130_fd_sc_hd__clkbuf_8)
                  0.08    0.16    1.21 ^ clkbuf_1_1_4_clk/X (sky130_fd_sc_hd__clkbuf_8)
     2    0.04                           clknet_1_1_4_clk (net)
                  0.08    0.00    1.21 ^ clkbuf_2_3_0_clk/A (sky130_fd_sc_hd__clkbuf_8)
                  0.04    0.14    1.35 ^ clkbuf_2_3_0_clk/X (sky130_fd_sc_hd__clkbuf_8)
     1    0.01                           clknet_2_3_0_clk (net)
                  0.04    0.00    1.35 ^ clkbuf_2_3_1_clk/A (sky130_fd_sc_hd__clkbuf_8)
                  0.04    0.12    1.48 ^ clkbuf_2_3_1_clk/X (sky130_fd_sc_hd__clkbuf_8)
     1    0.01                           clknet_2_3_1_clk (net)
                  0.04    0.00    1.48 ^ clkbuf_2_3_2_clk/A (sky130_fd_sc_hd__clkbuf_8)
                  0.04    0.12    1.60 ^ clkbuf_2_3_2_clk/X (sky130_fd_sc_hd__clkbuf_8)
     1    0.01                           clknet_2_3_2_clk (net)
                  0.04    0.00    1.60 ^ clkbuf_2_3_3_clk/A (sky130_fd_sc_hd__clkbuf_8)
                  0.05    0.14    1.74 ^ clkbuf_2_3_3_clk/X (sky130_fd_sc_hd__clkbuf_8)
     2    0.02                           clknet_2_3_3_clk (net)
                  0.05    0.00    1.74 ^ clkbuf_3_6_0_clk/A (sky130_fd_sc_hd__clkbuf_8)
                  0.04    0.13    1.87 ^ clkbuf_3_6_0_clk/X (sky130_fd_sc_hd__clkbuf_8)
     1    0.01                           clknet_3_6_0_clk (net)
                  0.04    0.00    1.87 ^ clkbuf_3_6_1_clk/A (sky130_fd_sc_hd__clkbuf_8)
                  0.07    0.15    2.02 ^ clkbuf_3_6_1_clk/X (sky130_fd_sc_hd__clkbuf_8)
     2    0.03                           clknet_3_6_1_clk (net)
                  0.07    0.00    2.02 ^ clkbuf_4_12_0_clk/A (sky130_fd_sc_hd__clkbuf_8)
                  0.04    0.13    2.16 ^ clkbuf_4_12_0_clk/X (sky130_fd_sc_hd__clkbuf_8)
     1    0.01                           clknet_4_12_0_clk (net)
                  0.04    0.00    2.16 ^ clkbuf_4_12_1_clk/A (sky130_fd_sc_hd__clkbuf_8)
                  0.05    0.14    2.30 ^ clkbuf_4_12_1_clk/X (sky130_fd_sc_hd__clkbuf_8)
     2    0.02                           clknet_4_12_1_clk (net)
                  0.05    0.00    2.30 ^ clkbuf_5_25_0_clk/A (sky130_fd_sc_hd__clkbuf_8)
                  0.06    0.15    2.45 ^ clkbuf_5_25_0_clk/X (sky130_fd_sc_hd__clkbuf_8)
     2    0.03                           clknet_5_25_0_clk (net)
                  0.06    0.00    2.45 ^ clkbuf_6_51_0_clk/A (sky130_fd_sc_hd__clkbuf_8)
                  0.05    0.14    2.59 ^ clkbuf_6_51_0_clk/X (sky130_fd_sc_hd__clkbuf_8)
     2    0.02                           clknet_6_51_0_clk (net)
                  0.05    0.00    2.59 ^ clkbuf_7_102_0_clk/A (sky130_fd_sc_hd__clkbuf_8)
                  0.32    0.35    2.94 ^ clkbuf_7_102_0_clk/X (sky130_fd_sc_hd__clkbuf_8)
    18    0.20                           clknet_7_102_0_clk (net)
                  0.32    0.00    2.94 ^ clkbuf_opt_47_0_clk/A (sky130_fd_sc_hd__clkbuf_16)
                  0.04    0.20    3.14 ^ clkbuf_opt_47_0_clk/X (sky130_fd_sc_hd__clkbuf_16)
     1    0.01                           clknet_opt_47_0_clk (net)
                  0.04    0.00    3.15 ^ clkbuf_leaf_843_clk/A (sky130_fd_sc_hd__clkbuf_16)
                  0.06    0.15    3.29 ^ clkbuf_leaf_843_clk/X (sky130_fd_sc_hd__clkbuf_16)
    14    0.04                           clknet_leaf_843_clk (net)
                  0.06    0.00    3.29 ^ _89599_/CLK (sky130_fd_sc_hd__dfxtp_1)
                          0.25    3.54   clock uncertainty
                         -0.17    3.38   clock reconvergence pessimism
                         -0.03    3.35   library hold time
                                  3.35   data required time
-----------------------------------------------------------------------------
                                  3.35   data required time
                                 -3.28   data arrival time
-----------------------------------------------------------------------------
                                 -0.06   slack (VIOLATED)


Startpoint: _94591_ (rising edge-triggered flip-flop clocked by clk)
Endpoint: _87993_ (rising edge-triggered flip-flop clocked by clk)
Path Group: clk
Path Type: min

Fanout     Cap    Slew   Delay    Time   Description
-----------------------------------------------------------------------------
                          0.00    0.00   clock clk (rise edge)
                          0.00    0.00   clock source latency
                  0.41    0.30    0.30 ^ clk (in)
     1    0.10                           clk (net)
                  0.42    0.00    0.30 ^ clkbuf_0_clk/A (sky130_fd_sc_hd__clkbuf_16)
                  0.05    0.21    0.50 ^ clkbuf_0_clk/X (sky130_fd_sc_hd__clkbuf_16)
     2    0.02                           clknet_0_clk (net)
                  0.05    0.00    0.50 ^ clkbuf_1_1_0_clk/A (sky130_fd_sc_hd__clkbuf_8)
                  0.04    0.12    0.62 ^ clkbuf_1_1_0_clk/X (sky130_fd_sc_hd__clkbuf_8)
     1    0.01                           clknet_1_1_0_clk (net)
                  0.04    0.00    0.62 ^ clkbuf_1_1_1_clk/A (sky130_fd_sc_hd__clkbuf_8)
                  0.04    0.11    0.73 ^ clkbuf_1_1_1_clk/X (sky130_fd_sc_hd__clkbuf_8)
     1    0.01                           clknet_1_1_1_clk (net)
                  0.04    0.00    0.73 ^ clkbuf_1_1_2_clk/A (sky130_fd_sc_hd__clkbuf_8)
                  0.04    0.11    0.84 ^ clkbuf_1_1_2_clk/X (sky130_fd_sc_hd__clkbuf_8)
     1    0.01                           clknet_1_1_2_clk (net)
                  0.04    0.00    0.85 ^ clkbuf_1_1_3_clk/A (sky130_fd_sc_hd__clkbuf_8)
                  0.03    0.11    0.95 ^ clkbuf_1_1_3_clk/X (sky130_fd_sc_hd__clkbuf_8)
     1    0.01                           clknet_1_1_3_clk (net)
                  0.03    0.00    0.95 ^ clkbuf_1_1_4_clk/A (sky130_fd_sc_hd__clkbuf_8)
                  0.08    0.14    1.10 ^ clkbuf_1_1_4_clk/X (sky130_fd_sc_hd__clkbuf_8)
     2    0.04                           clknet_1_1_4_clk (net)
                  0.08    0.00    1.10 ^ clkbuf_2_3_0_clk/A (sky130_fd_sc_hd__clkbuf_8)
                  0.04    0.13    1.22 ^ clkbuf_2_3_0_clk/X (sky130_fd_sc_hd__clkbuf_8)
     1    0.01                           clknet_2_3_0_clk (net)
                  0.04    0.00    1.22 ^ clkbuf_2_3_1_clk/A (sky130_fd_sc_hd__clkbuf_8)
                  0.04    0.11    1.34 ^ clkbuf_2_3_1_clk/X (sky130_fd_sc_hd__clkbuf_8)
     1    0.01                           clknet_2_3_1_clk (net)
                  0.04    0.00    1.34 ^ clkbuf_2_3_2_clk/A (sky130_fd_sc_hd__clkbuf_8)
                  0.04    0.11    1.45 ^ clkbuf_2_3_2_clk/X (sky130_fd_sc_hd__clkbuf_8)
     1    0.01                           clknet_2_3_2_clk (net)
                  0.04    0.00    1.45 ^ clkbuf_2_3_3_clk/A (sky130_fd_sc_hd__clkbuf_8)
                  0.05    0.13    1.58 ^ clkbuf_2_3_3_clk/X (sky130_fd_sc_hd__clkbuf_8)
     2    0.02                           clknet_2_3_3_clk (net)
                  0.05    0.00    1.58 ^ clkbuf_3_7_0_clk/A (sky130_fd_sc_hd__clkbuf_8)
                  0.04    0.12    1.69 ^ clkbuf_3_7_0_clk/X (sky130_fd_sc_hd__clkbuf_8)
     1    0.01                           clknet_3_7_0_clk (net)
                  0.04    0.00    1.69 ^ clkbuf_3_7_1_clk/A (sky130_fd_sc_hd__clkbuf_8)
                  0.07    0.14    1.83 ^ clkbuf_3_7_1_clk/X (sky130_fd_sc_hd__clkbuf_8)
     2    0.03                           clknet_3_7_1_clk (net)
                  0.07    0.00    1.83 ^ clkbuf_4_14_0_clk/A (sky130_fd_sc_hd__clkbuf_8)
                  0.04    0.12    1.95 ^ clkbuf_4_14_0_clk/X (sky130_fd_sc_hd__clkbuf_8)
     1    0.01                           clknet_4_14_0_clk (net)
                  0.04    0.00    1.95 ^ clkbuf_4_14_1_clk/A (sky130_fd_sc_hd__clkbuf_8)
                  0.05    0.13    2.08 ^ clkbuf_4_14_1_clk/X (sky130_fd_sc_hd__clkbuf_8)
     2    0.02                           clknet_4_14_1_clk (net)
                  0.05    0.00    2.08 ^ clkbuf_5_28_0_clk/A (sky130_fd_sc_hd__clkbuf_8)
                  0.06    0.14    2.22 ^ clkbuf_5_28_0_clk/X (sky130_fd_sc_hd__clkbuf_8)
     2    0.03                           clknet_5_28_0_clk (net)
                  0.06    0.00    2.22 ^ clkbuf_6_56_0_clk/A (sky130_fd_sc_hd__clkbuf_8)
                  0.05    0.13    2.34 ^ clkbuf_6_56_0_clk/X (sky130_fd_sc_hd__clkbuf_8)
     2    0.02                           clknet_6_56_0_clk (net)
                  0.05    0.00    2.34 ^ clkbuf_7_112_0_clk/A (sky130_fd_sc_hd__clkbuf_8)
                  0.12    0.18    2.53 ^ clkbuf_7_112_0_clk/X (sky130_fd_sc_hd__clkbuf_8)
     6    0.07                           clknet_7_112_0_clk (net)
                  0.12    0.00    2.53 ^ clkbuf_leaf_913_clk/A (sky130_fd_sc_hd__clkbuf_16)
                  0.05    0.15    2.68 ^ clkbuf_leaf_913_clk/X (sky130_fd_sc_hd__clkbuf_16)
     9    0.02                           clknet_leaf_913_clk (net)
                  0.05    0.00    2.68 ^ _94591_/CLK (sky130_fd_sc_hd__dfxtp_2)
                  0.13    0.37    3.04 ^ _94591_/Q (sky130_fd_sc_hd__dfxtp_2)
     5    0.03                           core_u.front2back_csr_data[17] (net)
                  0.13    0.00    3.04 ^ _52574_/B2 (sky130_fd_sc_hd__a22o_1)
                  0.04    0.13    3.17 ^ _52574_/X (sky130_fd_sc_hd__a22o_1)
     1    0.00                           _01260_ (net)
                  0.04    0.00    3.17 ^ _87993_/D (sky130_fd_sc_hd__dfxtp_1)
                                  3.17   data arrival time

                          0.00    0.00   clock clk (rise edge)
                          0.00    0.00   clock source latency
                  0.41    0.33    0.33 ^ clk (in)
     1    0.10                           clk (net)
                  0.42    0.00    0.33 ^ clkbuf_0_clk/A (sky130_fd_sc_hd__clkbuf_16)
                  0.05    0.23    0.56 ^ clkbuf_0_clk/X (sky130_fd_sc_hd__clkbuf_16)
     2    0.02                           clknet_0_clk (net)
                  0.05    0.00    0.56 ^ clkbuf_1_1_0_clk/A (sky130_fd_sc_hd__clkbuf_8)
                  0.04    0.13    0.69 ^ clkbuf_1_1_0_clk/X (sky130_fd_sc_hd__clkbuf_8)
     1    0.01                           clknet_1_1_0_clk (net)
                  0.04    0.00    0.69 ^ clkbuf_1_1_1_clk/A (sky130_fd_sc_hd__clkbuf_8)
                  0.04    0.12    0.81 ^ clkbuf_1_1_1_clk/X (sky130_fd_sc_hd__clkbuf_8)
     1    0.01                           clknet_1_1_1_clk (net)
                  0.04    0.00    0.81 ^ clkbuf_1_1_2_clk/A (sky130_fd_sc_hd__clkbuf_8)
                  0.04    0.12    0.93 ^ clkbuf_1_1_2_clk/X (sky130_fd_sc_hd__clkbuf_8)
     1    0.01                           clknet_1_1_2_clk (net)
                  0.04    0.00    0.93 ^ clkbuf_1_1_3_clk/A (sky130_fd_sc_hd__clkbuf_8)
                  0.03    0.12    1.05 ^ clkbuf_1_1_3_clk/X (sky130_fd_sc_hd__clkbuf_8)
     1    0.01                           clknet_1_1_3_clk (net)
                  0.03    0.00    1.05 ^ clkbuf_1_1_4_clk/A (sky130_fd_sc_hd__clkbuf_8)
                  0.08    0.16    1.21 ^ clkbuf_1_1_4_clk/X (sky130_fd_sc_hd__clkbuf_8)
     2    0.04                           clknet_1_1_4_clk (net)
                  0.08    0.00    1.21 ^ clkbuf_2_3_0_clk/A (sky130_fd_sc_hd__clkbuf_8)
                  0.04    0.14    1.35 ^ clkbuf_2_3_0_clk/X (sky130_fd_sc_hd__clkbuf_8)
     1    0.01                           clknet_2_3_0_clk (net)
                  0.04    0.00    1.35 ^ clkbuf_2_3_1_clk/A (sky130_fd_sc_hd__clkbuf_8)
                  0.04    0.12    1.48 ^ clkbuf_2_3_1_clk/X (sky130_fd_sc_hd__clkbuf_8)
     1    0.01                           clknet_2_3_1_clk (net)
                  0.04    0.00    1.48 ^ clkbuf_2_3_2_clk/A (sky130_fd_sc_hd__clkbuf_8)
                  0.04    0.12    1.60 ^ clkbuf_2_3_2_clk/X (sky130_fd_sc_hd__clkbuf_8)
     1    0.01                           clknet_2_3_2_clk (net)
                  0.04    0.00    1.60 ^ clkbuf_2_3_3_clk/A (sky130_fd_sc_hd__clkbuf_8)
                  0.05    0.14    1.74 ^ clkbuf_2_3_3_clk/X (sky130_fd_sc_hd__clkbuf_8)
     2    0.02                           clknet_2_3_3_clk (net)
                  0.05    0.00    1.74 ^ clkbuf_3_6_0_clk/A (sky130_fd_sc_hd__clkbuf_8)
                  0.04    0.13    1.87 ^ clkbuf_3_6_0_clk/X (sky130_fd_sc_hd__clkbuf_8)
     1    0.01                           clknet_3_6_0_clk (net)
                  0.04    0.00    1.87 ^ clkbuf_3_6_1_clk/A (sky130_fd_sc_hd__clkbuf_8)
                  0.07    0.15    2.02 ^ clkbuf_3_6_1_clk/X (sky130_fd_sc_hd__clkbuf_8)
     2    0.03                           clknet_3_6_1_clk (net)
                  0.07    0.00    2.02 ^ clkbuf_4_12_0_clk/A (sky130_fd_sc_hd__clkbuf_8)
                  0.04    0.13    2.16 ^ clkbuf_4_12_0_clk/X (sky130_fd_sc_hd__clkbuf_8)
     1    0.01                           clknet_4_12_0_clk (net)
                  0.04    0.00    2.16 ^ clkbuf_4_12_1_clk/A (sky130_fd_sc_hd__clkbuf_8)
                  0.05    0.14    2.30 ^ clkbuf_4_12_1_clk/X (sky130_fd_sc_hd__clkbuf_8)
     2    0.02                           clknet_4_12_1_clk (net)
                  0.05    0.00    2.30 ^ clkbuf_5_25_0_clk/A (sky130_fd_sc_hd__clkbuf_8)
                  0.06    0.15    2.45 ^ clkbuf_5_25_0_clk/X (sky130_fd_sc_hd__clkbuf_8)
     2    0.03                           clknet_5_25_0_clk (net)
                  0.06    0.00    2.45 ^ clkbuf_6_50_0_clk/A (sky130_fd_sc_hd__clkbuf_8)
                  0.05    0.14    2.59 ^ clkbuf_6_50_0_clk/X (sky130_fd_sc_hd__clkbuf_8)
     2    0.02                           clknet_6_50_0_clk (net)
                  0.05    0.00    2.59 ^ clkbuf_7_101_0_clk/A (sky130_fd_sc_hd__clkbuf_8)
                  0.20    0.26    2.85 ^ clkbuf_7_101_0_clk/X (sky130_fd_sc_hd__clkbuf_8)
    11    0.12                           clknet_7_101_0_clk (net)
                  0.20    0.00    2.85 ^ clkbuf_opt_46_0_clk/A (sky130_fd_sc_hd__clkbuf_16)
                  0.04    0.17    3.02 ^ clkbuf_opt_46_0_clk/X (sky130_fd_sc_hd__clkbuf_16)
     1    0.01                           clknet_opt_46_0_clk (net)
                  0.04    0.00    3.02 ^ clkbuf_leaf_823_clk/A (sky130_fd_sc_hd__clkbuf_16)
                  0.06    0.15    3.17 ^ clkbuf_leaf_823_clk/X (sky130_fd_sc_hd__clkbuf_16)
    16    0.04                           clknet_leaf_823_clk (net)
                  0.06    0.00    3.17 ^ _87993_/CLK (sky130_fd_sc_hd__dfxtp_1)
                          0.25    3.42   clock uncertainty
                         -0.17    3.25   clock reconvergence pessimism
                         -0.03    3.22   library hold time
                                  3.22   data required time
-----------------------------------------------------------------------------
                                  3.22   data required time
                                 -3.17   data arrival time
-----------------------------------------------------------------------------
                                 -0.05   slack (VIOLATED)


Startpoint: _94591_ (rising edge-triggered flip-flop clocked by clk)
Endpoint: _89234_ (rising edge-triggered flip-flop clocked by clk)
Path Group: clk
Path Type: min

Fanout     Cap    Slew   Delay    Time   Description
-----------------------------------------------------------------------------
                          0.00    0.00   clock clk (rise edge)
                          0.00    0.00   clock source latency
                  0.41    0.30    0.30 ^ clk (in)
     1    0.10                           clk (net)
                  0.42    0.00    0.30 ^ clkbuf_0_clk/A (sky130_fd_sc_hd__clkbuf_16)
                  0.05    0.21    0.50 ^ clkbuf_0_clk/X (sky130_fd_sc_hd__clkbuf_16)
     2    0.02                           clknet_0_clk (net)
                  0.05    0.00    0.50 ^ clkbuf_1_1_0_clk/A (sky130_fd_sc_hd__clkbuf_8)
                  0.04    0.12    0.62 ^ clkbuf_1_1_0_clk/X (sky130_fd_sc_hd__clkbuf_8)
     1    0.01                           clknet_1_1_0_clk (net)
                  0.04    0.00    0.62 ^ clkbuf_1_1_1_clk/A (sky130_fd_sc_hd__clkbuf_8)
                  0.04    0.11    0.73 ^ clkbuf_1_1_1_clk/X (sky130_fd_sc_hd__clkbuf_8)
     1    0.01                           clknet_1_1_1_clk (net)
                  0.04    0.00    0.73 ^ clkbuf_1_1_2_clk/A (sky130_fd_sc_hd__clkbuf_8)
                  0.04    0.11    0.84 ^ clkbuf_1_1_2_clk/X (sky130_fd_sc_hd__clkbuf_8)
     1    0.01                           clknet_1_1_2_clk (net)
                  0.04    0.00    0.85 ^ clkbuf_1_1_3_clk/A (sky130_fd_sc_hd__clkbuf_8)
                  0.03    0.11    0.95 ^ clkbuf_1_1_3_clk/X (sky130_fd_sc_hd__clkbuf_8)
     1    0.01                           clknet_1_1_3_clk (net)
                  0.03    0.00    0.95 ^ clkbuf_1_1_4_clk/A (sky130_fd_sc_hd__clkbuf_8)
                  0.08    0.14    1.10 ^ clkbuf_1_1_4_clk/X (sky130_fd_sc_hd__clkbuf_8)
     2    0.04                           clknet_1_1_4_clk (net)
                  0.08    0.00    1.10 ^ clkbuf_2_3_0_clk/A (sky130_fd_sc_hd__clkbuf_8)
                  0.04    0.13    1.22 ^ clkbuf_2_3_0_clk/X (sky130_fd_sc_hd__clkbuf_8)
     1    0.01                           clknet_2_3_0_clk (net)
                  0.04    0.00    1.22 ^ clkbuf_2_3_1_clk/A (sky130_fd_sc_hd__clkbuf_8)
                  0.04    0.11    1.34 ^ clkbuf_2_3_1_clk/X (sky130_fd_sc_hd__clkbuf_8)
     1    0.01                           clknet_2_3_1_clk (net)
                  0.04    0.00    1.34 ^ clkbuf_2_3_2_clk/A (sky130_fd_sc_hd__clkbuf_8)
                  0.04    0.11    1.45 ^ clkbuf_2_3_2_clk/X (sky130_fd_sc_hd__clkbuf_8)
     1    0.01                           clknet_2_3_2_clk (net)
                  0.04    0.00    1.45 ^ clkbuf_2_3_3_clk/A (sky130_fd_sc_hd__clkbuf_8)
                  0.05    0.13    1.58 ^ clkbuf_2_3_3_clk/X (sky130_fd_sc_hd__clkbuf_8)
     2    0.02                           clknet_2_3_3_clk (net)
                  0.05    0.00    1.58 ^ clkbuf_3_7_0_clk/A (sky130_fd_sc_hd__clkbuf_8)
                  0.04    0.12    1.69 ^ clkbuf_3_7_0_clk/X (sky130_fd_sc_hd__clkbuf_8)
     1    0.01                           clknet_3_7_0_clk (net)
                  0.04    0.00    1.69 ^ clkbuf_3_7_1_clk/A (sky130_fd_sc_hd__clkbuf_8)
                  0.07    0.14    1.83 ^ clkbuf_3_7_1_clk/X (sky130_fd_sc_hd__clkbuf_8)
     2    0.03                           clknet_3_7_1_clk (net)
                  0.07    0.00    1.83 ^ clkbuf_4_14_0_clk/A (sky130_fd_sc_hd__clkbuf_8)
                  0.04    0.12    1.95 ^ clkbuf_4_14_0_clk/X (sky130_fd_sc_hd__clkbuf_8)
     1    0.01                           clknet_4_14_0_clk (net)
                  0.04    0.00    1.95 ^ clkbuf_4_14_1_clk/A (sky130_fd_sc_hd__clkbuf_8)
                  0.05    0.13    2.08 ^ clkbuf_4_14_1_clk/X (sky130_fd_sc_hd__clkbuf_8)
     2    0.02                           clknet_4_14_1_clk (net)
                  0.05    0.00    2.08 ^ clkbuf_5_28_0_clk/A (sky130_fd_sc_hd__clkbuf_8)
                  0.06    0.14    2.22 ^ clkbuf_5_28_0_clk/X (sky130_fd_sc_hd__clkbuf_8)
     2    0.03                           clknet_5_28_0_clk (net)
                  0.06    0.00    2.22 ^ clkbuf_6_56_0_clk/A (sky130_fd_sc_hd__clkbuf_8)
                  0.05    0.13    2.34 ^ clkbuf_6_56_0_clk/X (sky130_fd_sc_hd__clkbuf_8)
     2    0.02                           clknet_6_56_0_clk (net)
                  0.05    0.00    2.34 ^ clkbuf_7_112_0_clk/A (sky130_fd_sc_hd__clkbuf_8)
                  0.12    0.18    2.53 ^ clkbuf_7_112_0_clk/X (sky130_fd_sc_hd__clkbuf_8)
     6    0.07                           clknet_7_112_0_clk (net)
                  0.12    0.00    2.53 ^ clkbuf_leaf_913_clk/A (sky130_fd_sc_hd__clkbuf_16)
                  0.05    0.15    2.68 ^ clkbuf_leaf_913_clk/X (sky130_fd_sc_hd__clkbuf_16)
     9    0.02                           clknet_leaf_913_clk (net)
                  0.05    0.00    2.68 ^ _94591_/CLK (sky130_fd_sc_hd__dfxtp_2)
                  0.13    0.37    3.04 ^ _94591_/Q (sky130_fd_sc_hd__dfxtp_2)
     5    0.03                           core_u.front2back_csr_data[17] (net)
                  0.13    0.00    3.04 ^ _56394_/A1 (sky130_fd_sc_hd__a22o_1)
                  0.04    0.15    3.19 ^ _56394_/X (sky130_fd_sc_hd__a22o_1)
     1    0.00                           _02501_ (net)
                  0.04    0.00    3.19 ^ _89234_/D (sky130_fd_sc_hd__dfxtp_1)
                                  3.19   data arrival time

                          0.00    0.00   clock clk (rise edge)
                          0.00    0.00   clock source latency
                  0.41    0.33    0.33 ^ clk (in)
     1    0.10                           clk (net)
                  0.42    0.00    0.33 ^ clkbuf_0_clk/A (sky130_fd_sc_hd__clkbuf_16)
                  0.05    0.23    0.56 ^ clkbuf_0_clk/X (sky130_fd_sc_hd__clkbuf_16)
     2    0.02                           clknet_0_clk (net)
                  0.05    0.00    0.56 ^ clkbuf_1_1_0_clk/A (sky130_fd_sc_hd__clkbuf_8)
                  0.04    0.13    0.69 ^ clkbuf_1_1_0_clk/X (sky130_fd_sc_hd__clkbuf_8)
     1    0.01                           clknet_1_1_0_clk (net)
                  0.04    0.00    0.69 ^ clkbuf_1_1_1_clk/A (sky130_fd_sc_hd__clkbuf_8)
                  0.04    0.12    0.81 ^ clkbuf_1_1_1_clk/X (sky130_fd_sc_hd__clkbuf_8)
     1    0.01                           clknet_1_1_1_clk (net)
                  0.04    0.00    0.81 ^ clkbuf_1_1_2_clk/A (sky130_fd_sc_hd__clkbuf_8)
                  0.04    0.12    0.93 ^ clkbuf_1_1_2_clk/X (sky130_fd_sc_hd__clkbuf_8)
     1    0.01                           clknet_1_1_2_clk (net)
                  0.04    0.00    0.93 ^ clkbuf_1_1_3_clk/A (sky130_fd_sc_hd__clkbuf_8)
                  0.03    0.12    1.05 ^ clkbuf_1_1_3_clk/X (sky130_fd_sc_hd__clkbuf_8)
     1    0.01                           clknet_1_1_3_clk (net)
                  0.03    0.00    1.05 ^ clkbuf_1_1_4_clk/A (sky130_fd_sc_hd__clkbuf_8)
                  0.08    0.16    1.21 ^ clkbuf_1_1_4_clk/X (sky130_fd_sc_hd__clkbuf_8)
     2    0.04                           clknet_1_1_4_clk (net)
                  0.08    0.00    1.21 ^ clkbuf_2_3_0_clk/A (sky130_fd_sc_hd__clkbuf_8)
                  0.04    0.14    1.35 ^ clkbuf_2_3_0_clk/X (sky130_fd_sc_hd__clkbuf_8)
     1    0.01                           clknet_2_3_0_clk (net)
                  0.04    0.00    1.35 ^ clkbuf_2_3_1_clk/A (sky130_fd_sc_hd__clkbuf_8)
                  0.04    0.12    1.48 ^ clkbuf_2_3_1_clk/X (sky130_fd_sc_hd__clkbuf_8)
     1    0.01                           clknet_2_3_1_clk (net)
                  0.04    0.00    1.48 ^ clkbuf_2_3_2_clk/A (sky130_fd_sc_hd__clkbuf_8)
                  0.04    0.12    1.60 ^ clkbuf_2_3_2_clk/X (sky130_fd_sc_hd__clkbuf_8)
     1    0.01                           clknet_2_3_2_clk (net)
                  0.04    0.00    1.60 ^ clkbuf_2_3_3_clk/A (sky130_fd_sc_hd__clkbuf_8)
                  0.05    0.14    1.74 ^ clkbuf_2_3_3_clk/X (sky130_fd_sc_hd__clkbuf_8)
     2    0.02                           clknet_2_3_3_clk (net)
                  0.05    0.00    1.74 ^ clkbuf_3_6_0_clk/A (sky130_fd_sc_hd__clkbuf_8)
                  0.04    0.13    1.87 ^ clkbuf_3_6_0_clk/X (sky130_fd_sc_hd__clkbuf_8)
     1    0.01                           clknet_3_6_0_clk (net)
                  0.04    0.00    1.87 ^ clkbuf_3_6_1_clk/A (sky130_fd_sc_hd__clkbuf_8)
                  0.07    0.15    2.02 ^ clkbuf_3_6_1_clk/X (sky130_fd_sc_hd__clkbuf_8)
     2    0.03                           clknet_3_6_1_clk (net)
                  0.07    0.00    2.02 ^ clkbuf_4_12_0_clk/A (sky130_fd_sc_hd__clkbuf_8)
                  0.04    0.13    2.16 ^ clkbuf_4_12_0_clk/X (sky130_fd_sc_hd__clkbuf_8)
     1    0.01                           clknet_4_12_0_clk (net)
                  0.04    0.00    2.16 ^ clkbuf_4_12_1_clk/A (sky130_fd_sc_hd__clkbuf_8)
                  0.05    0.14    2.30 ^ clkbuf_4_12_1_clk/X (sky130_fd_sc_hd__clkbuf_8)
     2    0.02                           clknet_4_12_1_clk (net)
                  0.05    0.00    2.30 ^ clkbuf_5_25_0_clk/A (sky130_fd_sc_hd__clkbuf_8)
                  0.06    0.15    2.45 ^ clkbuf_5_25_0_clk/X (sky130_fd_sc_hd__clkbuf_8)
     2    0.03                           clknet_5_25_0_clk (net)
                  0.06    0.00    2.45 ^ clkbuf_6_50_0_clk/A (sky130_fd_sc_hd__clkbuf_8)
                  0.05    0.14    2.59 ^ clkbuf_6_50_0_clk/X (sky130_fd_sc_hd__clkbuf_8)
     2    0.02                           clknet_6_50_0_clk (net)
                  0.05    0.00    2.59 ^ clkbuf_7_101_0_clk/A (sky130_fd_sc_hd__clkbuf_8)
                  0.20    0.26    2.85 ^ clkbuf_7_101_0_clk/X (sky130_fd_sc_hd__clkbuf_8)
    11    0.12                           clknet_7_101_0_clk (net)
                  0.20    0.00    2.85 ^ clkbuf_opt_46_0_clk/A (sky130_fd_sc_hd__clkbuf_16)
                  0.04    0.17    3.02 ^ clkbuf_opt_46_0_clk/X (sky130_fd_sc_hd__clkbuf_16)
     1    0.01                           clknet_opt_46_0_clk (net)
                  0.04    0.00    3.02 ^ clkbuf_leaf_823_clk/A (sky130_fd_sc_hd__clkbuf_16)
                  0.06    0.15    3.17 ^ clkbuf_leaf_823_clk/X (sky130_fd_sc_hd__clkbuf_16)
    16    0.04                           clknet_leaf_823_clk (net)
                  0.06    0.00    3.17 ^ _89234_/CLK (sky130_fd_sc_hd__dfxtp_1)
                          0.25    3.42   clock uncertainty
                         -0.17    3.25   clock reconvergence pessimism
                         -0.03    3.22   library hold time
                                  3.22   data required time
-----------------------------------------------------------------------------
                                  3.22   data required time
                                 -3.19   data arrival time
-----------------------------------------------------------------------------
                                 -0.03   slack (VIOLATED)


