OpenROAD 4174c3ad802d2ac1d04d387d2c4b883903f6647e 
This program is licensed under the BSD-3 license. See the LICENSE file for details.
Components of this program may be licensed under more restrictive licenses which must be honored.
[WARNING PDN-0189] Supply pin vccd1 of instance dcache_data_ram_1 is not connected to any net.
[WARNING PDN-0189] Supply pin vssd1 of instance dcache_data_ram_1 is not connected to any net.
[WARNING PDN-0189] Supply pin vccd1 of instance dcache_data_ram_2 is not connected to any net.
[WARNING PDN-0189] Supply pin vssd1 of instance dcache_data_ram_2 is not connected to any net.
[WARNING PDN-0189] Supply pin vccd1 of instance dcache_tag_ram is not connected to any net.
[WARNING PDN-0189] Supply pin vssd1 of instance dcache_tag_ram is not connected to any net.
[WARNING PDN-0189] Supply pin vccd1 of instance icache_data_ram is not connected to any net.
[WARNING PDN-0189] Supply pin vssd1 of instance icache_data_ram is not connected to any net.
[WARNING PDN-0189] Supply pin vccd1 of instance icache_tag_ram is not connected to any net.
[WARNING PDN-0189] Supply pin vssd1 of instance icache_tag_ram is not connected to any net.
[INFO PDN-0001] Inserting grid: stdcell_grid
[INFO PDN-0001] Inserting grid: macro - dcache_data_ram_1
[INFO PDN-0001] Inserting grid: macro - dcache_data_ram_2
[INFO PDN-0001] Inserting grid: macro - dcache_tag_ram
[INFO PDN-0001] Inserting grid: macro - icache_data_ram
[INFO PDN-0001] Inserting grid: macro - icache_tag_ram
[WARNING PSM-0016] Voltage pad location (VSRC) file not specified, defaulting pad location to checkerboard pattern on core area.
[WARNING PSM-0017] X direction bump pitch is not specified, defaulting to 140um.
[WARNING PSM-0018] Y direction bump pitch is not specified, defaulting to 140um.
[WARNING PSM-0019] Voltage on net VPWR is not explicitly set.
[WARNING PSM-0022] Using voltage 1.800V for VDD network.
[WARNING PSM-0065] VSRC location not specified, using default checkerboard pattern with one VDD every size bumps in x-direction and one in two bumps in the y-direction
[INFO PSM-0076] Setting metal node density to be standard cell height times 5.
[WARNING PSM-0030] VSRC location at (108.370um, 112.640um) and size 10.000um, is not located on an existing power stripe node. Moving to closest node at (175.440um, 180.710um).
[WARNING PSM-0030] VSRC location at (948.370um, 112.640um) and size 10.000um, is not located on an existing power stripe node. Moving to closest node at (1031.410um, 180.710um).
[WARNING PSM-0030] VSRC location at (388.370um, 252.640um) and size 10.000um, is not located on an existing power stripe node. Moving to closest node at (329.040um, 180.710um).
[WARNING PSM-0030] VSRC location at (1228.370um, 252.640um) and size 10.000um, is not located on an existing power stripe node. Moving to closest node at (1031.410um, 180.710um).
[WARNING PSM-0067] Multiple voltage supply values mappedat the same node (1031.410um, 180.710um).If you provided a vsrc file. Check for duplicate entries.Choosing voltage value 1.800.
[WARNING PSM-0030] VSRC location at (668.370um, 392.640um) and size 10.000um, is not located on an existing power stripe node. Moving to closest node at (636.240um, 333.890um).
[WARNING PSM-0030] VSRC location at (1508.370um, 392.640um) and size 10.000um, is not located on an existing power stripe node. Moving to closest node at (1511.490um, 333.890um).
[WARNING PSM-0030] VSRC location at (108.370um, 532.640um) and size 10.000um, is not located on an existing power stripe node. Moving to closest node at (175.440um, 487.070um).
[WARNING PSM-0030] VSRC location at (948.370um, 532.640um) and size 10.000um, is not located on an existing power stripe node. Moving to closest node at (1031.410um, 487.070um).
[WARNING PSM-0030] VSRC location at (388.370um, 672.640um) and size 10.000um, is not located on an existing power stripe node. Moving to closest node at (329.040um, 640.250um).
[WARNING PSM-0030] VSRC location at (1228.370um, 672.640um) and size 10.000um, is not located on an existing power stripe node. Moving to closest node at (1031.410um, 640.250um).
[WARNING PSM-0030] VSRC location at (668.370um, 812.640um) and size 10.000um, is not located on an existing power stripe node. Moving to closest node at (636.240um, 793.430um).
[WARNING PSM-0030] VSRC location at (1508.370um, 812.640um) and size 10.000um, is not located on an existing power stripe node. Moving to closest node at (1511.490um, 793.430um).
[WARNING PSM-0030] VSRC location at (108.370um, 952.640um) and size 10.000um, is not located on an existing power stripe node. Moving to closest node at (175.440um, 946.610um).
[WARNING PSM-0030] VSRC location at (948.370um, 952.640um) and size 10.000um, is not located on an existing power stripe node. Moving to closest node at (943.440um, 946.610um).
[WARNING PSM-0030] VSRC location at (388.370um, 1092.640um) and size 10.000um, is not located on an existing power stripe node. Moving to closest node at (329.040um, 1099.790um).
[WARNING PSM-0030] VSRC location at (1228.370um, 1092.640um) and size 10.000um, is not located on an existing power stripe node. Moving to closest node at (1250.640um, 1099.790um).
[WARNING PSM-0030] VSRC location at (668.370um, 1232.640um) and size 10.000um, is not located on an existing power stripe node. Moving to closest node at (636.240um, 1252.970um).
[WARNING PSM-0030] VSRC location at (1508.370um, 1232.640um) and size 10.000um, is not located on an existing power stripe node. Moving to closest node at (1557.840um, 1252.970um).
[WARNING PSM-0030] VSRC location at (108.370um, 1372.640um) and size 10.000um, is not located on an existing power stripe node. Moving to closest node at (175.440um, 1406.150um).
[WARNING PSM-0030] VSRC location at (948.370um, 1372.640um) and size 10.000um, is not located on an existing power stripe node. Moving to closest node at (943.440um, 1406.150um).
[WARNING PSM-0030] VSRC location at (388.370um, 1512.640um) and size 10.000um, is not located on an existing power stripe node. Moving to closest node at (329.040um, 1559.330um).
[WARNING PSM-0030] VSRC location at (1228.370um, 1512.640um) and size 10.000um, is not located on an existing power stripe node. Moving to closest node at (1250.640um, 1559.330um).
[WARNING PSM-0030] VSRC location at (668.370um, 1652.640um) and size 10.000um, is not located on an existing power stripe node. Moving to closest node at (636.240um, 1712.510um).
[WARNING PSM-0030] VSRC location at (1508.370um, 1652.640um) and size 10.000um, is not located on an existing power stripe node. Moving to closest node at (1557.840um, 1712.510um).
[INFO PSM-0031] Number of PDN nodes on net VPWR = 48709.
[INFO PSM-0064] Number of voltage sources = 24.
[INFO PSM-0040] All PDN stripes on net VPWR are connected.
[WARNING PSM-0016] Voltage pad location (VSRC) file not specified, defaulting pad location to checkerboard pattern on core area.
[WARNING PSM-0017] X direction bump pitch is not specified, defaulting to 140um.
[WARNING PSM-0018] Y direction bump pitch is not specified, defaulting to 140um.
[WARNING PSM-0019] Voltage on net VGND is not explicitly set.
[WARNING PSM-0021] Using voltage 0.000V for ground network.
[WARNING PSM-0065] VSRC location not specified, using default checkerboard pattern with one VDD every size bumps in x-direction and one in two bumps in the y-direction
[INFO PSM-0076] Setting metal node density to be standard cell height times 5.
[WARNING PSM-0030] VSRC location at (108.370um, 112.640um) and size 10.000um, is not located on an existing power stripe node. Moving to closest node at (178.740um, 184.010um).
[WARNING PSM-0030] VSRC location at (948.370um, 112.640um) and size 10.000um, is not located on an existing power stripe node. Moving to closest node at (1031.410um, 184.010um).
[WARNING PSM-0030] VSRC location at (388.370um, 252.640um) and size 10.000um, is not located on an existing power stripe node. Moving to closest node at (332.340um, 184.010um).
[WARNING PSM-0030] VSRC location at (1228.370um, 252.640um) and size 10.000um, is not located on an existing power stripe node. Moving to closest node at (1031.410um, 184.010um).
[WARNING PSM-0067] Multiple voltage supply values mappedat the same node (1031.410um, 184.010um).If you provided a vsrc file. Check for duplicate entries.Choosing voltage value 0.000.
[WARNING PSM-0030] VSRC location at (668.370um, 392.640um) and size 10.000um, is not located on an existing power stripe node. Moving to closest node at (639.540um, 337.190um).
[WARNING PSM-0030] VSRC location at (1508.370um, 392.640um) and size 10.000um, is not located on an existing power stripe node. Moving to closest node at (1511.490um, 337.190um).
[WARNING PSM-0030] VSRC location at (108.370um, 532.640um) and size 10.000um, is not located on an existing power stripe node. Moving to closest node at (178.740um, 490.370um).
[WARNING PSM-0030] VSRC location at (948.370um, 532.640um) and size 10.000um, is not located on an existing power stripe node. Moving to closest node at (1031.410um, 490.370um).
[WARNING PSM-0030] VSRC location at (388.370um, 672.640um) and size 10.000um, is not located on an existing power stripe node. Moving to closest node at (332.340um, 643.550um).
[WARNING PSM-0030] VSRC location at (1228.370um, 672.640um) and size 10.000um, is not located on an existing power stripe node. Moving to closest node at (1031.410um, 643.550um).
[WARNING PSM-0030] VSRC location at (668.370um, 812.640um) and size 10.000um, is not located on an existing power stripe node. Moving to closest node at (639.540um, 796.730um).
[WARNING PSM-0030] VSRC location at (1508.370um, 812.640um) and size 10.000um, is not located on an existing power stripe node. Moving to closest node at (1511.490um, 796.730um).
[WARNING PSM-0030] VSRC location at (108.370um, 952.640um) and size 10.000um, is not located on an existing power stripe node. Moving to closest node at (178.740um, 949.910um).
[WARNING PSM-0030] VSRC location at (388.370um, 1092.640um) and size 10.000um, is not located on an existing power stripe node. Moving to closest node at (332.340um, 1103.090um).
[WARNING PSM-0030] VSRC location at (1228.370um, 1092.640um) and size 10.000um, is not located on an existing power stripe node. Moving to closest node at (1253.940um, 1103.090um).
[WARNING PSM-0030] VSRC location at (668.370um, 1232.640um) and size 10.000um, is not located on an existing power stripe node. Moving to closest node at (639.540um, 1256.270um).
[WARNING PSM-0030] VSRC location at (1508.370um, 1232.640um) and size 10.000um, is not located on an existing power stripe node. Moving to closest node at (1561.140um, 1256.270um).
[WARNING PSM-0030] VSRC location at (108.370um, 1372.640um) and size 10.000um, is not located on an existing power stripe node. Moving to closest node at (178.740um, 1409.450um).
[WARNING PSM-0030] VSRC location at (948.370um, 1372.640um) and size 10.000um, is not located on an existing power stripe node. Moving to closest node at (946.740um, 1409.450um).
[WARNING PSM-0030] VSRC location at (388.370um, 1512.640um) and size 10.000um, is not located on an existing power stripe node. Moving to closest node at (332.340um, 1562.630um).
[WARNING PSM-0030] VSRC location at (1228.370um, 1512.640um) and size 10.000um, is not located on an existing power stripe node. Moving to closest node at (1253.940um, 1562.630um).
[WARNING PSM-0030] VSRC location at (668.370um, 1652.640um) and size 10.000um, is not located on an existing power stripe node. Moving to closest node at (639.540um, 1715.810um).
[WARNING PSM-0030] VSRC location at (1508.370um, 1652.640um) and size 10.000um, is not located on an existing power stripe node. Moving to closest node at (1561.140um, 1715.810um).
[INFO PSM-0031] Number of PDN nodes on net VGND = 48584.
[INFO PSM-0064] Number of voltage sources = 24.
[INFO PSM-0040] All PDN stripes on net VGND are connected.
Setting global connections for newly added cells...
Writing OpenROAD database to /openlane/designs/lab1/runs/RUN_2022.10.25_03.48.37/tmp/floorplan/8-pdn.odb...
Writing layout to /openlane/designs/lab1/runs/RUN_2022.10.25_03.48.37/tmp/floorplan/8-pdn.def...
