
===========================================================================
report_checks -path_delay max (Setup)
============================================================================
Startpoint: m2_wbd_ack_i (input port clocked by clk)
Endpoint: m2_wbd_cyc_o (output port clocked by clk)
Path Group: clk
Path Type: max

Fanout     Cap    Slew   Delay    Time   Description
-----------------------------------------------------------------------------
                  0.15    0.00    0.00   clock clk (rise edge)
                          0.00    0.00   clock network delay (ideal)
                         10.00   10.00 v input external delay
                  0.05    0.04   10.04 v m2_wbd_ack_i (in)
     7    0.02                           m2_wbd_ack_i (net)
                  0.05    0.00   10.04 v _44817_/A (sky130_fd_sc_hd__nand2_2)
                  0.10    0.10   10.14 ^ _44817_/Y (sky130_fd_sc_hd__nand2_2)
     6    0.02                           _10509_ (net)
                  0.10    0.00   10.14 ^ _44818_/A (sky130_fd_sc_hd__or3b_2)
                  0.03    0.13   10.27 ^ _44818_/X (sky130_fd_sc_hd__or3b_2)
     1    0.00                           _10510_ (net)
                  0.03    0.00   10.27 ^ _44819_/A (sky130_fd_sc_hd__buf_1)
                  0.37    0.32   10.59 ^ _44819_/X (sky130_fd_sc_hd__buf_1)
     8    0.03                           _10511_ (net)
                  0.37    0.00   10.59 ^ _44820_/A (sky130_fd_sc_hd__buf_1)
                  0.38    0.38   10.97 ^ _44820_/X (sky130_fd_sc_hd__buf_1)
    10    0.03                           _10512_ (net)
                  0.38    0.00   10.98 ^ _44821_/A (sky130_fd_sc_hd__buf_1)
                  0.38    0.39   11.36 ^ _44821_/X (sky130_fd_sc_hd__buf_1)
    10    0.03                           _10513_ (net)
                  0.38    0.00   11.36 ^ _44822_/A (sky130_fd_sc_hd__buf_1)
                  0.34    0.35   11.72 ^ _44822_/X (sky130_fd_sc_hd__buf_1)
    10    0.03                           _10514_ (net)
                  0.34    0.00   11.72 ^ _44972_/A (sky130_fd_sc_hd__buf_1)
                  0.28    0.30   12.02 ^ _44972_/X (sky130_fd_sc_hd__buf_1)
    10    0.02                           _10664_ (net)
                  0.28    0.00   12.02 ^ _44973_/A (sky130_fd_sc_hd__buf_1)
                  0.29    0.31   12.34 ^ _44973_/X (sky130_fd_sc_hd__buf_1)
    10    0.02                           _10665_ (net)
                  0.29    0.00   12.34 ^ _44974_/A (sky130_fd_sc_hd__buf_1)
                  0.29    0.31   12.65 ^ _44974_/X (sky130_fd_sc_hd__buf_1)
    10    0.02                           _10666_ (net)
                  0.29    0.00   12.65 ^ _44988_/A (sky130_fd_sc_hd__buf_1)
                  0.47    0.44   13.09 ^ _44988_/X (sky130_fd_sc_hd__buf_1)
    10    0.04                           _10680_ (net)
                  0.47    0.00   13.09 ^ _44989_/A (sky130_fd_sc_hd__buf_1)
                  0.51    0.49   13.58 ^ _44989_/X (sky130_fd_sc_hd__buf_1)
    10    0.04                           _10681_ (net)
                  0.51    0.00   13.58 ^ _45593_/A (sky130_fd_sc_hd__buf_1)
                  0.39    0.40   13.98 ^ _45593_/X (sky130_fd_sc_hd__buf_1)
    10    0.03                           _11246_ (net)
                  0.39    0.00   13.98 ^ _46390_/A (sky130_fd_sc_hd__buf_1)
                  0.29    0.32   14.30 ^ _46390_/X (sky130_fd_sc_hd__buf_1)
    10    0.02                           _11856_ (net)
                  0.29    0.00   14.30 ^ _47867_/A (sky130_fd_sc_hd__buf_1)
                  0.30    0.32   14.62 ^ _47867_/X (sky130_fd_sc_hd__buf_1)
    10    0.03                           _13132_ (net)
                  0.30    0.00   14.62 ^ _47868_/B (sky130_fd_sc_hd__and2_2)
                  0.04    0.20   14.82 ^ _47868_/X (sky130_fd_sc_hd__and2_2)
     1    0.00                           _13133_ (net)
                  0.04    0.00   14.83 ^ _47869_/A (sky130_fd_sc_hd__buf_1)
                  0.43    0.32   15.15 ^ _47869_/X (sky130_fd_sc_hd__buf_1)
     1    0.03                           m2_wbd_cyc_o (net)
                  0.43    0.00   15.15 ^ m2_wbd_cyc_o (out)
                                 15.15   data arrival time

                  0.15   50.00   50.00   clock clk (rise edge)
                          0.00   50.00   clock network delay (ideal)
                         -0.25   49.75   clock uncertainty
                          0.00   49.75   clock reconvergence pessimism
                        -10.00   39.75   output external delay
                                 39.75   data required time
-----------------------------------------------------------------------------
                                 39.75   data required time
                                -15.15   data arrival time
-----------------------------------------------------------------------------
                                 24.60   slack (MET)


Startpoint: m2_wbd_ack_i (input port clocked by clk)
Endpoint: m2_wbd_dat_o[0] (output port clocked by clk)
Path Group: clk
Path Type: max

Fanout     Cap    Slew   Delay    Time   Description
-----------------------------------------------------------------------------
                  0.15    0.00    0.00   clock clk (rise edge)
                          0.00    0.00   clock network delay (ideal)
                         10.00   10.00 ^ input external delay
                  0.11    0.08   10.08 ^ m2_wbd_ack_i (in)
     7    0.02                           m2_wbd_ack_i (net)
                  0.11    0.00   10.08 ^ _44817_/A (sky130_fd_sc_hd__nand2_2)
                  0.09    0.09   10.17 v _44817_/Y (sky130_fd_sc_hd__nand2_2)
     6    0.02                           _10509_ (net)
                  0.09    0.00   10.18 v _44961_/B (sky130_fd_sc_hd__nor2_2)
                  0.15    0.16   10.34 ^ _44961_/Y (sky130_fd_sc_hd__nor2_2)
     4    0.01                           _10653_ (net)
                  0.15    0.00   10.34 ^ _45013_/A (sky130_fd_sc_hd__buf_1)
                  0.38    0.36   10.70 ^ _45013_/X (sky130_fd_sc_hd__buf_1)
    10    0.03                           _10704_ (net)
                  0.38    0.00   10.70 ^ _45014_/A (sky130_fd_sc_hd__buf_1)
                  0.36    0.37   11.07 ^ _45014_/X (sky130_fd_sc_hd__buf_1)
    10    0.03                           _10705_ (net)
                  0.36    0.00   11.07 ^ _45042_/A (sky130_fd_sc_hd__buf_1)
                  0.53    0.49   11.57 ^ _45042_/X (sky130_fd_sc_hd__buf_1)
    10    0.05                           _10731_ (net)
                  0.53    0.00   11.57 ^ _46637_/A (sky130_fd_sc_hd__nor2_2)
                  0.12    0.14   11.71 v _46637_/Y (sky130_fd_sc_hd__nor2_2)
     4    0.01                           _12052_ (net)
                  0.12    0.00   11.71 v _46747_/B (sky130_fd_sc_hd__and2_2)
                  0.06    0.26   11.97 v _46747_/X (sky130_fd_sc_hd__and2_2)
     5    0.01                           _12132_ (net)
                  0.06    0.00   11.98 v _46748_/A (sky130_fd_sc_hd__buf_1)
                  0.14    0.19   12.17 v _46748_/X (sky130_fd_sc_hd__buf_1)
    10    0.02                           _12133_ (net)
                  0.14    0.00   12.17 v _46760_/A1 (sky130_fd_sc_hd__a221o_2)
                  0.05    0.39   12.57 v _46760_/X (sky130_fd_sc_hd__a221o_2)
     1    0.00                           _12145_ (net)
                  0.05    0.00   12.57 v _46761_/B1 (sky130_fd_sc_hd__o21a_2)
                  0.13    0.18   12.75 v _46761_/X (sky130_fd_sc_hd__o21a_2)
     1    0.03                           m2_wbd_dat_o[0] (net)
                  0.13    0.00   12.75 v m2_wbd_dat_o[0] (out)
                                 12.75   data arrival time

                  0.15   50.00   50.00   clock clk (rise edge)
                          0.00   50.00   clock network delay (ideal)
                         -0.25   49.75   clock uncertainty
                          0.00   49.75   clock reconvergence pessimism
                        -10.00   39.75   output external delay
                                 39.75   data required time
-----------------------------------------------------------------------------
                                 39.75   data required time
                                -12.75   data arrival time
-----------------------------------------------------------------------------
                                 27.00   slack (MET)


Startpoint: m2_wbd_ack_i (input port clocked by clk)
Endpoint: m2_wbd_dat_o[10] (output port clocked by clk)
Path Group: clk
Path Type: max

Fanout     Cap    Slew   Delay    Time   Description
-----------------------------------------------------------------------------
                  0.15    0.00    0.00   clock clk (rise edge)
                          0.00    0.00   clock network delay (ideal)
                         10.00   10.00 ^ input external delay
                  0.11    0.08   10.08 ^ m2_wbd_ack_i (in)
     7    0.02                           m2_wbd_ack_i (net)
                  0.11    0.00   10.08 ^ _44817_/A (sky130_fd_sc_hd__nand2_2)
                  0.09    0.09   10.17 v _44817_/Y (sky130_fd_sc_hd__nand2_2)
     6    0.02                           _10509_ (net)
                  0.09    0.00   10.18 v _44961_/B (sky130_fd_sc_hd__nor2_2)
                  0.15    0.16   10.34 ^ _44961_/Y (sky130_fd_sc_hd__nor2_2)
     4    0.01                           _10653_ (net)
                  0.15    0.00   10.34 ^ _45013_/A (sky130_fd_sc_hd__buf_1)
                  0.38    0.36   10.70 ^ _45013_/X (sky130_fd_sc_hd__buf_1)
    10    0.03                           _10704_ (net)
                  0.38    0.00   10.70 ^ _45014_/A (sky130_fd_sc_hd__buf_1)
                  0.36    0.37   11.07 ^ _45014_/X (sky130_fd_sc_hd__buf_1)
    10    0.03                           _10705_ (net)
                  0.36    0.00   11.07 ^ _45042_/A (sky130_fd_sc_hd__buf_1)
                  0.53    0.49   11.57 ^ _45042_/X (sky130_fd_sc_hd__buf_1)
    10    0.05                           _10731_ (net)
                  0.53    0.00   11.57 ^ _46637_/A (sky130_fd_sc_hd__nor2_2)
                  0.12    0.14   11.71 v _46637_/Y (sky130_fd_sc_hd__nor2_2)
     4    0.01                           _12052_ (net)
                  0.12    0.00   11.71 v _46747_/B (sky130_fd_sc_hd__and2_2)
                  0.06    0.26   11.97 v _46747_/X (sky130_fd_sc_hd__and2_2)
     5    0.01                           _12132_ (net)
                  0.06    0.00   11.98 v _46839_/A (sky130_fd_sc_hd__buf_1)
                  0.14    0.19   12.17 v _46839_/X (sky130_fd_sc_hd__buf_1)
    10    0.02                           _12214_ (net)
                  0.14    0.00   12.17 v _46849_/A1 (sky130_fd_sc_hd__a221o_2)
                  0.05    0.39   12.57 v _46849_/X (sky130_fd_sc_hd__a221o_2)
     1    0.00                           _12224_ (net)
                  0.05    0.00   12.57 v _46850_/B1 (sky130_fd_sc_hd__o21a_2)
                  0.13    0.18   12.75 v _46850_/X (sky130_fd_sc_hd__o21a_2)
     1    0.03                           m2_wbd_dat_o[10] (net)
                  0.13    0.00   12.75 v m2_wbd_dat_o[10] (out)
                                 12.75   data arrival time

                  0.15   50.00   50.00   clock clk (rise edge)
                          0.00   50.00   clock network delay (ideal)
                         -0.25   49.75   clock uncertainty
                          0.00   49.75   clock reconvergence pessimism
                        -10.00   39.75   output external delay
                                 39.75   data required time
-----------------------------------------------------------------------------
                                 39.75   data required time
                                -12.75   data arrival time
-----------------------------------------------------------------------------
                                 27.00   slack (MET)


Startpoint: m2_wbd_ack_i (input port clocked by clk)
Endpoint: m2_wbd_dat_o[11] (output port clocked by clk)
Path Group: clk
Path Type: max

Fanout     Cap    Slew   Delay    Time   Description
-----------------------------------------------------------------------------
                  0.15    0.00    0.00   clock clk (rise edge)
                          0.00    0.00   clock network delay (ideal)
                         10.00   10.00 ^ input external delay
                  0.11    0.08   10.08 ^ m2_wbd_ack_i (in)
     7    0.02                           m2_wbd_ack_i (net)
                  0.11    0.00   10.08 ^ _44817_/A (sky130_fd_sc_hd__nand2_2)
                  0.09    0.09   10.17 v _44817_/Y (sky130_fd_sc_hd__nand2_2)
     6    0.02                           _10509_ (net)
                  0.09    0.00   10.18 v _44961_/B (sky130_fd_sc_hd__nor2_2)
                  0.15    0.16   10.34 ^ _44961_/Y (sky130_fd_sc_hd__nor2_2)
     4    0.01                           _10653_ (net)
                  0.15    0.00   10.34 ^ _45013_/A (sky130_fd_sc_hd__buf_1)
                  0.38    0.36   10.70 ^ _45013_/X (sky130_fd_sc_hd__buf_1)
    10    0.03                           _10704_ (net)
                  0.38    0.00   10.70 ^ _45014_/A (sky130_fd_sc_hd__buf_1)
                  0.36    0.37   11.07 ^ _45014_/X (sky130_fd_sc_hd__buf_1)
    10    0.03                           _10705_ (net)
                  0.36    0.00   11.07 ^ _45042_/A (sky130_fd_sc_hd__buf_1)
                  0.53    0.49   11.57 ^ _45042_/X (sky130_fd_sc_hd__buf_1)
    10    0.05                           _10731_ (net)
                  0.53    0.00   11.57 ^ _46637_/A (sky130_fd_sc_hd__nor2_2)
                  0.12    0.14   11.71 v _46637_/Y (sky130_fd_sc_hd__nor2_2)
     4    0.01                           _12052_ (net)
                  0.12    0.00   11.71 v _46747_/B (sky130_fd_sc_hd__and2_2)
                  0.06    0.26   11.97 v _46747_/X (sky130_fd_sc_hd__and2_2)
     5    0.01                           _12132_ (net)
                  0.06    0.00   11.98 v _46839_/A (sky130_fd_sc_hd__buf_1)
                  0.14    0.19   12.17 v _46839_/X (sky130_fd_sc_hd__buf_1)
    10    0.02                           _12214_ (net)
                  0.14    0.00   12.17 v _46857_/A1 (sky130_fd_sc_hd__a221o_2)
                  0.05    0.39   12.57 v _46857_/X (sky130_fd_sc_hd__a221o_2)
     1    0.00                           _12231_ (net)
                  0.05    0.00   12.57 v _46858_/B1 (sky130_fd_sc_hd__o21a_2)
                  0.13    0.18   12.75 v _46858_/X (sky130_fd_sc_hd__o21a_2)
     1    0.03                           m2_wbd_dat_o[11] (net)
                  0.13    0.00   12.75 v m2_wbd_dat_o[11] (out)
                                 12.75   data arrival time

                  0.15   50.00   50.00   clock clk (rise edge)
                          0.00   50.00   clock network delay (ideal)
                         -0.25   49.75   clock uncertainty
                          0.00   49.75   clock reconvergence pessimism
                        -10.00   39.75   output external delay
                                 39.75   data required time
-----------------------------------------------------------------------------
                                 39.75   data required time
                                -12.75   data arrival time
-----------------------------------------------------------------------------
                                 27.00   slack (MET)


Startpoint: m2_wbd_ack_i (input port clocked by clk)
Endpoint: m2_wbd_dat_o[12] (output port clocked by clk)
Path Group: clk
Path Type: max

Fanout     Cap    Slew   Delay    Time   Description
-----------------------------------------------------------------------------
                  0.15    0.00    0.00   clock clk (rise edge)
                          0.00    0.00   clock network delay (ideal)
                         10.00   10.00 ^ input external delay
                  0.11    0.08   10.08 ^ m2_wbd_ack_i (in)
     7    0.02                           m2_wbd_ack_i (net)
                  0.11    0.00   10.08 ^ _44817_/A (sky130_fd_sc_hd__nand2_2)
                  0.09    0.09   10.17 v _44817_/Y (sky130_fd_sc_hd__nand2_2)
     6    0.02                           _10509_ (net)
                  0.09    0.00   10.18 v _44961_/B (sky130_fd_sc_hd__nor2_2)
                  0.15    0.16   10.34 ^ _44961_/Y (sky130_fd_sc_hd__nor2_2)
     4    0.01                           _10653_ (net)
                  0.15    0.00   10.34 ^ _45013_/A (sky130_fd_sc_hd__buf_1)
                  0.38    0.36   10.70 ^ _45013_/X (sky130_fd_sc_hd__buf_1)
    10    0.03                           _10704_ (net)
                  0.38    0.00   10.70 ^ _45014_/A (sky130_fd_sc_hd__buf_1)
                  0.36    0.37   11.07 ^ _45014_/X (sky130_fd_sc_hd__buf_1)
    10    0.03                           _10705_ (net)
                  0.36    0.00   11.07 ^ _45042_/A (sky130_fd_sc_hd__buf_1)
                  0.53    0.49   11.57 ^ _45042_/X (sky130_fd_sc_hd__buf_1)
    10    0.05                           _10731_ (net)
                  0.53    0.00   11.57 ^ _46637_/A (sky130_fd_sc_hd__nor2_2)
                  0.12    0.14   11.71 v _46637_/Y (sky130_fd_sc_hd__nor2_2)
     4    0.01                           _12052_ (net)
                  0.12    0.00   11.71 v _46747_/B (sky130_fd_sc_hd__and2_2)
                  0.06    0.26   11.97 v _46747_/X (sky130_fd_sc_hd__and2_2)
     5    0.01                           _12132_ (net)
                  0.06    0.00   11.98 v _46839_/A (sky130_fd_sc_hd__buf_1)
                  0.14    0.19   12.17 v _46839_/X (sky130_fd_sc_hd__buf_1)
    10    0.02                           _12214_ (net)
                  0.14    0.00   12.17 v _46865_/A1 (sky130_fd_sc_hd__a221o_2)
                  0.05    0.39   12.57 v _46865_/X (sky130_fd_sc_hd__a221o_2)
     1    0.00                           _12238_ (net)
                  0.05    0.00   12.57 v _46866_/B1 (sky130_fd_sc_hd__o21a_2)
                  0.13    0.18   12.75 v _46866_/X (sky130_fd_sc_hd__o21a_2)
     1    0.03                           m2_wbd_dat_o[12] (net)
                  0.13    0.00   12.75 v m2_wbd_dat_o[12] (out)
                                 12.75   data arrival time

                  0.15   50.00   50.00   clock clk (rise edge)
                          0.00   50.00   clock network delay (ideal)
                         -0.25   49.75   clock uncertainty
                          0.00   49.75   clock reconvergence pessimism
                        -10.00   39.75   output external delay
                                 39.75   data required time
-----------------------------------------------------------------------------
                                 39.75   data required time
                                -12.75   data arrival time
-----------------------------------------------------------------------------
                                 27.00   slack (MET)


