OpenROAD 4174c3ad802d2ac1d04d387d2c4b883903f6647e 
This program is licensed under the BSD-3 license. See the LICENSE file for details.
Components of this program may be licensed under more restrictive licenses which must be honored.
[INFO]: Setting RC values...
[INFO RSZ-0027] Inserted 68 input buffers.
[INFO RSZ-0028] Inserted 109 output buffers.
[INFO RSZ-0058] Using max wire length 3048um.
[INFO RSZ-0034] Found 5 slew violations.
[INFO RSZ-0035] Found 1 fanout violations.
[INFO RSZ-0036] Found 5 capacitance violations.
[INFO RSZ-0038] Inserted 9 buffers in 6 nets.
[INFO RSZ-0039] Resized 51042 instances.
[INFO RSZ-0042] Inserted 95 tie sky130_fd_sc_hd__conb_1 instances.
[INFO RSZ-0042] Inserted 5 tie sky130_fd_sc_hd__conb_1 instances.
Placement Analysis
---------------------------------
total displacement     462681.7 u
average displacement        5.5 u
max displacement          995.3 u
original HPWL         3774063.8 u
legalized HPWL        4322095.0 u
delta HPWL                   15 %

[INFO DPL-0020] Mirrored 21993 instances
[INFO DPL-0021] HPWL before          4322095.0 u
[INFO DPL-0022] HPWL after           4271943.3 u
[INFO DPL-0023] HPWL delta               -1.2 %
Setting global connections for newly added cells...
Writing OpenROAD database to /openlane/designs/lab1/runs/RUN_2022.10.25_03.48.37/tmp/placement/10-resizer.odb...
Writing netlist to /openlane/designs/lab1/runs/RUN_2022.10.25_03.48.37/tmp/placement/10-resizer.nl.v...
Writing powered netlist to /openlane/designs/lab1/runs/RUN_2022.10.25_03.48.37/tmp/placement/10-resizer.pnl.v...
Writing layout to /openlane/designs/lab1/runs/RUN_2022.10.25_03.48.37/tmp/placement/10-resizer.def...
Writing timing constraints to /openlane/designs/lab1/runs/RUN_2022.10.25_03.48.37/tmp/placement/10-resizer.sdc...
min_report

===========================================================================
report_checks -path_delay min (Hold)
============================================================================
Startpoint: _94965_ (rising edge-triggered flip-flop clocked by clk)
Endpoint: _94965_ (rising edge-triggered flip-flop clocked by clk)
Path Group: clk
Path Type: min

Fanout     Cap    Slew   Delay    Time   Description
-----------------------------------------------------------------------------
                  0.15    0.00    0.00   clock clk (rise edge)
                          0.00    0.00   clock network delay (ideal)
                  0.15    0.00    0.00 ^ _94965_/CLK (sky130_fd_sc_hd__dfxtp_1)
                  0.08    0.35    0.35 ^ _94965_/Q (sky130_fd_sc_hd__dfxtp_1)
     2    0.01                           l1dcache_u.counter[7] (net)
                  0.08    0.00    0.35 ^ _84497_/A (sky130_fd_sc_hd__xor2_1)
                  0.03    0.06    0.41 v _84497_/X (sky130_fd_sc_hd__xor2_1)
     1    0.00                           _08075_ (net)
                  0.03    0.00    0.41 v _94965_/D (sky130_fd_sc_hd__dfxtp_1)
                                  0.41   data arrival time

                  0.15    0.00    0.00   clock clk (rise edge)
                          0.00    0.00   clock network delay (ideal)
                          0.25    0.25   clock uncertainty
                          0.00    0.25   clock reconvergence pessimism
                                  0.25 ^ _94965_/CLK (sky130_fd_sc_hd__dfxtp_1)
                         -0.03    0.22   library hold time
                                  0.22   data required time
-----------------------------------------------------------------------------
                                  0.22   data required time
                                 -0.41   data arrival time
-----------------------------------------------------------------------------
                                  0.19   slack (MET)


Startpoint: _95265_ (rising edge-triggered flip-flop clocked by clk)
Endpoint: _95264_ (rising edge-triggered flip-flop clocked by clk)
Path Group: clk
Path Type: min

Fanout     Cap    Slew   Delay    Time   Description
-----------------------------------------------------------------------------
                  0.15    0.00    0.00   clock clk (rise edge)
                          0.00    0.00   clock network delay (ideal)
                  0.15    0.00    0.00 ^ _95265_/CLK (sky130_fd_sc_hd__dfxtp_1)
                  0.04    0.32    0.32 ^ _95265_/Q (sky130_fd_sc_hd__dfxtp_1)
     1    0.00                           l1dcache_u.S2_OPCODE_Q.dff_q (net)
                  0.04    0.00    0.32 ^ _46052_/A1 (sky130_fd_sc_hd__a21o_1)
                  0.05    0.10    0.42 ^ _46052_/X (sky130_fd_sc_hd__a21o_1)
     2    0.00                           l1dcache_u.S2_OPCODE.d (net)
                  0.05    0.00    0.42 ^ _95264_/D (sky130_fd_sc_hd__dfxtp_4)
                                  0.42   data arrival time

                  0.15    0.00    0.00   clock clk (rise edge)
                          0.00    0.00   clock network delay (ideal)
                          0.25    0.25   clock uncertainty
                          0.00    0.25   clock reconvergence pessimism
                                  0.25 ^ _95264_/CLK (sky130_fd_sc_hd__dfxtp_4)
                         -0.02    0.23   library hold time
                                  0.23   data required time
-----------------------------------------------------------------------------
                                  0.23   data required time
                                 -0.42   data arrival time
-----------------------------------------------------------------------------
                                  0.19   slack (MET)


Startpoint: _95023_ (rising edge-triggered flip-flop clocked by clk)
Endpoint: _95185_ (rising edge-triggered flip-flop clocked by clk)
Path Group: clk
Path Type: min

Fanout     Cap    Slew   Delay    Time   Description
-----------------------------------------------------------------------------
                  0.15    0.00    0.00   clock clk (rise edge)
                          0.00    0.00   clock network delay (ideal)
                  0.15    0.00    0.00 ^ _95023_/CLK (sky130_fd_sc_hd__dfxtp_1)
                  0.04    0.32    0.32 ^ _95023_/Q (sky130_fd_sc_hd__dfxtp_1)
     1    0.00                           l1dcache_u.S2_VALID_Q.dff_q (net)
                  0.04    0.00    0.32 ^ _47865_/A1 (sky130_fd_sc_hd__a21o_1)
                  0.05    0.10    0.42 ^ _47865_/X (sky130_fd_sc_hd__a21o_1)
     2    0.00                           l1dcache_u.S2_VALID.d (net)
                  0.05    0.00    0.42 ^ _95185_/D (sky130_fd_sc_hd__dfxtp_4)
                                  0.42   data arrival time

                  0.15    0.00    0.00   clock clk (rise edge)
                          0.00    0.00   clock network delay (ideal)
                          0.25    0.25   clock uncertainty
                          0.00    0.25   clock reconvergence pessimism
                                  0.25 ^ _95185_/CLK (sky130_fd_sc_hd__dfxtp_4)
                         -0.02    0.23   library hold time
                                  0.23   data required time
-----------------------------------------------------------------------------
                                  0.23   data required time
                                 -0.42   data arrival time
-----------------------------------------------------------------------------
                                  0.19   slack (MET)


Startpoint: _91691_ (rising edge-triggered flip-flop clocked by clk)
Endpoint: _91691_ (rising edge-triggered flip-flop clocked by clk)
Path Group: clk
Path Type: min

Fanout     Cap    Slew   Delay    Time   Description
-----------------------------------------------------------------------------
                  0.15    0.00    0.00   clock clk (rise edge)
                          0.00    0.00   clock network delay (ideal)
                  0.15    0.00    0.00 ^ _91691_/CLK (sky130_fd_sc_hd__dfxtp_1)
                  0.06    0.34    0.34 ^ _91691_/Q (sky130_fd_sc_hd__dfxtp_1)
     2    0.01                           core_u.hehe_backend.backend_new_fu.fu_lsu.nblsu_lsq.load_store_queue[0][6] (net)
                  0.06    0.00    0.34 ^ _65126_/A1 (sky130_fd_sc_hd__a21o_1)
                  0.03    0.10    0.43 ^ _65126_/X (sky130_fd_sc_hd__a21o_1)
     1    0.00                           _04952_ (net)
                  0.03    0.00    0.43 ^ _91691_/D (sky130_fd_sc_hd__dfxtp_1)
                                  0.43   data arrival time

                  0.15    0.00    0.00   clock clk (rise edge)
                          0.00    0.00   clock network delay (ideal)
                          0.25    0.25   clock uncertainty
                          0.00    0.25   clock reconvergence pessimism
                                  0.25 ^ _91691_/CLK (sky130_fd_sc_hd__dfxtp_1)
                         -0.01    0.24   library hold time
                                  0.24   data required time
-----------------------------------------------------------------------------
                                  0.24   data required time
                                 -0.43   data arrival time
-----------------------------------------------------------------------------
                                  0.20   slack (MET)


Startpoint: _96086_ (rising edge-triggered flip-flop clocked by clk)
Endpoint: _96086_ (rising edge-triggered flip-flop clocked by clk)
Path Group: clk
Path Type: min

Fanout     Cap    Slew   Delay    Time   Description
-----------------------------------------------------------------------------
                  0.15    0.00    0.00   clock clk (rise edge)
                          0.00    0.00   clock network delay (ideal)
                  0.15    0.00    0.00 ^ _96086_/CLK (sky130_fd_sc_hd__dfxtp_1)
                  0.06    0.34    0.34 ^ _96086_/Q (sky130_fd_sc_hd__dfxtp_1)
     2    0.01                           l1dcache_u.data_save[58] (net)
                  0.06    0.00    0.34 ^ _86385_/A1 (sky130_fd_sc_hd__a21o_1)
                  0.03    0.09    0.43 ^ _86385_/X (sky130_fd_sc_hd__a21o_1)
     1    0.00                           _09009_ (net)
                  0.03    0.00    0.43 ^ _96086_/D (sky130_fd_sc_hd__dfxtp_1)
                                  0.43   data arrival time

                  0.15    0.00    0.00   clock clk (rise edge)
                          0.00    0.00   clock network delay (ideal)
                          0.25    0.25   clock uncertainty
                          0.00    0.25   clock reconvergence pessimism
                                  0.25 ^ _96086_/CLK (sky130_fd_sc_hd__dfxtp_1)
                         -0.01    0.24   library hold time
                                  0.24   data required time
-----------------------------------------------------------------------------
                                  0.24   data required time
                                 -0.43   data arrival time
-----------------------------------------------------------------------------
                                  0.20   slack (MET)


min_report_end
max_report

===========================================================================
report_checks -path_delay max (Setup)
============================================================================
Startpoint: m2_wbd_ack_i (input port clocked by clk)
Endpoint: m2_wbd_cyc_o (output port clocked by clk)
Path Group: clk
Path Type: max

Fanout     Cap    Slew   Delay    Time   Description
-----------------------------------------------------------------------------
                  0.15    0.00    0.00   clock clk (rise edge)
                          0.00    0.00   clock network delay (ideal)
                         10.00   10.00 v input external delay
                  0.02    0.02   10.02 v m2_wbd_ack_i (in)
     1    0.01                           m2_wbd_ack_i (net)
                  0.02    0.00   10.02 v input1/A (sky130_fd_sc_hd__buf_12)
                  0.07    0.16   10.17 v input1/X (sky130_fd_sc_hd__buf_12)
     7    0.19                           net1 (net)
                  0.29    0.15   10.32 v _44817_/A (sky130_fd_sc_hd__nand2_8)
                  0.14    0.23   10.55 ^ _44817_/Y (sky130_fd_sc_hd__nand2_8)
     6    0.07                           _10509_ (net)
                  0.14    0.00   10.55 ^ _44818_/A (sky130_fd_sc_hd__or3b_2)
                  0.10    0.20   10.75 ^ _44818_/X (sky130_fd_sc_hd__or3b_2)
     1    0.02                           _10510_ (net)
                  0.10    0.00   10.75 ^ _44819_/A (sky130_fd_sc_hd__clkbuf_4)
                  0.14    0.23   10.99 ^ _44819_/X (sky130_fd_sc_hd__clkbuf_4)
     8    0.04                           _10511_ (net)
                  0.14    0.00   10.99 ^ _44820_/A (sky130_fd_sc_hd__clkbuf_4)
                  0.13    0.24   11.23 ^ _44820_/X (sky130_fd_sc_hd__clkbuf_4)
    10    0.04                           _10512_ (net)
                  0.13    0.00   11.23 ^ _44821_/A (sky130_fd_sc_hd__buf_8)
                  0.17    0.21   11.44 ^ _44821_/X (sky130_fd_sc_hd__buf_8)
    10    0.10                           _10513_ (net)
                  0.17    0.02   11.46 ^ _44822_/A (sky130_fd_sc_hd__clkbuf_16)
                  0.13    0.24   11.70 ^ _44822_/X (sky130_fd_sc_hd__clkbuf_16)
    10    0.11                           _10514_ (net)
                  0.13    0.00   11.70 ^ _44972_/A (sky130_fd_sc_hd__clkbuf_16)
                  0.12    0.22   11.92 ^ _44972_/X (sky130_fd_sc_hd__clkbuf_16)
    10    0.11                           _10664_ (net)
                  0.13    0.03   11.95 ^ _44973_/A (sky130_fd_sc_hd__buf_8)
                  0.16    0.20   12.15 ^ _44973_/X (sky130_fd_sc_hd__buf_8)
    10    0.10                           _10665_ (net)
                  0.17    0.03   12.18 ^ _44974_/A (sky130_fd_sc_hd__buf_8)
                  0.17    0.23   12.41 ^ _44974_/X (sky130_fd_sc_hd__buf_8)
    10    0.10                           _10666_ (net)
                  0.18    0.03   12.44 ^ _44988_/A (sky130_fd_sc_hd__clkbuf_4)
                  0.16    0.28   12.72 ^ _44988_/X (sky130_fd_sc_hd__clkbuf_4)
    10    0.05                           _10680_ (net)
                  0.16    0.00   12.72 ^ _44989_/A (sky130_fd_sc_hd__buf_6)
                  0.14    0.21   12.93 ^ _44989_/X (sky130_fd_sc_hd__buf_6)
    10    0.07                           _10681_ (net)
                  0.14    0.00   12.94 ^ _45593_/A (sky130_fd_sc_hd__buf_8)
                  0.15    0.21   13.15 ^ _45593_/X (sky130_fd_sc_hd__buf_8)
    10    0.09                           _11246_ (net)
                  0.16    0.01   13.17 ^ _46390_/A (sky130_fd_sc_hd__clkbuf_4)
                  0.14    0.25   13.42 ^ _46390_/X (sky130_fd_sc_hd__clkbuf_4)
    10    0.04                           _11856_ (net)
                  0.14    0.00   13.43 ^ _47867_/A (sky130_fd_sc_hd__buf_4)
                  0.14    0.23   13.65 ^ _47867_/X (sky130_fd_sc_hd__buf_4)
    10    0.05                           _13132_ (net)
                  0.14    0.00   13.66 ^ _47868_/B (sky130_fd_sc_hd__and2_4)
                  0.26    0.33   13.99 ^ _47868_/X (sky130_fd_sc_hd__and2_4)
     1    0.09                           _13133_ (net)
                  0.27    0.04   14.03 ^ _47869_/A (sky130_fd_sc_hd__clkbuf_1)
                  0.06    0.14   14.18 ^ _47869_/X (sky130_fd_sc_hd__clkbuf_1)
     1    0.00                           net103 (net)
                  0.06    0.00   14.18 ^ output103/A (sky130_fd_sc_hd__buf_2)
                  0.57    0.47   14.65 ^ output103/X (sky130_fd_sc_hd__buf_2)
     1    0.03                           m2_wbd_cyc_o (net)
                  0.58    0.07   14.72 ^ m2_wbd_cyc_o (out)
                                 14.72   data arrival time

                  0.15   50.00   50.00   clock clk (rise edge)
                          0.00   50.00   clock network delay (ideal)
                         -0.25   49.75   clock uncertainty
                          0.00   49.75   clock reconvergence pessimism
                        -10.00   39.75   output external delay
                                 39.75   data required time
-----------------------------------------------------------------------------
                                 39.75   data required time
                                -14.72   data arrival time
-----------------------------------------------------------------------------
                                 25.03   slack (MET)


Startpoint: m2_wbd_ack_i (input port clocked by clk)
Endpoint: m2_wbd_dat_o[7] (output port clocked by clk)
Path Group: clk
Path Type: max

Fanout     Cap    Slew   Delay    Time   Description
-----------------------------------------------------------------------------
                  0.15    0.00    0.00   clock clk (rise edge)
                          0.00    0.00   clock network delay (ideal)
                         10.00   10.00 ^ input external delay
                  0.05    0.04   10.04 ^ m2_wbd_ack_i (in)
     1    0.01                           m2_wbd_ack_i (net)
                  0.05    0.00   10.04 ^ input1/A (sky130_fd_sc_hd__buf_12)
                  0.17    0.18   10.22 ^ input1/X (sky130_fd_sc_hd__buf_12)
     7    0.19                           net1 (net)
                  0.36    0.16   10.38 ^ _44817_/A (sky130_fd_sc_hd__nand2_8)
                  0.15    0.17   10.55 v _44817_/Y (sky130_fd_sc_hd__nand2_8)
     6    0.06                           _10509_ (net)
                  0.15    0.01   10.56 v _44961_/B (sky130_fd_sc_hd__nor2_2)
                  0.23    0.25   10.81 ^ _44961_/Y (sky130_fd_sc_hd__nor2_2)
     4    0.02                           _10653_ (net)
                  0.23    0.00   10.81 ^ _45013_/A (sky130_fd_sc_hd__buf_4)
                  0.15    0.26   11.07 ^ _45013_/X (sky130_fd_sc_hd__buf_4)
    10    0.05                           _10704_ (net)
                  0.15    0.00   11.07 ^ _45014_/A (sky130_fd_sc_hd__buf_4)
                  0.18    0.26   11.33 ^ _45014_/X (sky130_fd_sc_hd__buf_4)
    10    0.06                           _10705_ (net)
                  0.18    0.00   11.33 ^ _45042_/A (sky130_fd_sc_hd__buf_6)
                  0.15    0.22   11.56 ^ _45042_/X (sky130_fd_sc_hd__buf_6)
    10    0.07                           _10731_ (net)
                  0.15    0.00   11.56 ^ _46637_/A (sky130_fd_sc_hd__nor2_4)
                  0.07    0.10   11.66 v _46637_/Y (sky130_fd_sc_hd__nor2_4)
     4    0.03                           _12052_ (net)
                  0.07    0.00   11.66 v _46755_/B (sky130_fd_sc_hd__nor2_1)
                  0.28    0.25   11.91 ^ _46755_/Y (sky130_fd_sc_hd__nor2_1)
     5    0.01                           _12140_ (net)
                  0.28    0.00   11.91 ^ _46756_/A (sky130_fd_sc_hd__clkbuf_4)
                  0.13    0.29   12.20 ^ _46756_/X (sky130_fd_sc_hd__clkbuf_4)
    10    0.04                           _12141_ (net)
                  0.13    0.00   12.20 ^ _46821_/B2 (sky130_fd_sc_hd__a221o_1)
                  0.08    0.19   12.39 ^ _46821_/X (sky130_fd_sc_hd__a221o_1)
     1    0.01                           _12199_ (net)
                  0.08    0.00   12.39 ^ _46822_/B1 (sky130_fd_sc_hd__o21a_4)
                  0.45    0.40   12.79 ^ _46822_/X (sky130_fd_sc_hd__o21a_4)
     1    0.15                           net133 (net)
                  0.50    0.12   12.92 ^ output133/A (sky130_fd_sc_hd__buf_2)
                  0.55    0.56   13.48 ^ output133/X (sky130_fd_sc_hd__buf_2)
     1    0.03                           m2_wbd_dat_o[7] (net)
                  0.56    0.06   13.54 ^ m2_wbd_dat_o[7] (out)
                                 13.54   data arrival time

                  0.15   50.00   50.00   clock clk (rise edge)
                          0.00   50.00   clock network delay (ideal)
                         -0.25   49.75   clock uncertainty
                          0.00   49.75   clock reconvergence pessimism
                        -10.00   39.75   output external delay
                                 39.75   data required time
-----------------------------------------------------------------------------
                                 39.75   data required time
                                -13.54   data arrival time
-----------------------------------------------------------------------------
                                 26.21   slack (MET)


Startpoint: m2_wbd_ack_i (input port clocked by clk)
Endpoint: m2_wbd_dat_o[14] (output port clocked by clk)
Path Group: clk
Path Type: max

Fanout     Cap    Slew   Delay    Time   Description
-----------------------------------------------------------------------------
                  0.15    0.00    0.00   clock clk (rise edge)
                          0.00    0.00   clock network delay (ideal)
                         10.00   10.00 ^ input external delay
                  0.05    0.04   10.04 ^ m2_wbd_ack_i (in)
     1    0.01                           m2_wbd_ack_i (net)
                  0.05    0.00   10.04 ^ input1/A (sky130_fd_sc_hd__buf_12)
                  0.17    0.18   10.22 ^ input1/X (sky130_fd_sc_hd__buf_12)
     7    0.19                           net1 (net)
                  0.36    0.16   10.38 ^ _44817_/A (sky130_fd_sc_hd__nand2_8)
                  0.15    0.17   10.55 v _44817_/Y (sky130_fd_sc_hd__nand2_8)
     6    0.06                           _10509_ (net)
                  0.15    0.01   10.56 v _44961_/B (sky130_fd_sc_hd__nor2_2)
                  0.23    0.25   10.81 ^ _44961_/Y (sky130_fd_sc_hd__nor2_2)
     4    0.02                           _10653_ (net)
                  0.23    0.00   10.81 ^ _45013_/A (sky130_fd_sc_hd__buf_4)
                  0.15    0.26   11.07 ^ _45013_/X (sky130_fd_sc_hd__buf_4)
    10    0.05                           _10704_ (net)
                  0.15    0.00   11.07 ^ _45014_/A (sky130_fd_sc_hd__buf_4)
                  0.18    0.26   11.33 ^ _45014_/X (sky130_fd_sc_hd__buf_4)
    10    0.06                           _10705_ (net)
                  0.18    0.00   11.33 ^ _45042_/A (sky130_fd_sc_hd__buf_6)
                  0.15    0.22   11.56 ^ _45042_/X (sky130_fd_sc_hd__buf_6)
    10    0.07                           _10731_ (net)
                  0.15    0.00   11.56 ^ _46637_/A (sky130_fd_sc_hd__nor2_4)
                  0.07    0.10   11.66 v _46637_/Y (sky130_fd_sc_hd__nor2_4)
     4    0.03                           _12052_ (net)
                  0.07    0.00   11.66 v _46755_/B (sky130_fd_sc_hd__nor2_1)
                  0.28    0.25   11.91 ^ _46755_/Y (sky130_fd_sc_hd__nor2_1)
     5    0.01                           _12140_ (net)
                  0.28    0.00   11.91 ^ _46848_/A (sky130_fd_sc_hd__clkbuf_4)
                  0.13    0.29   12.20 ^ _46848_/X (sky130_fd_sc_hd__clkbuf_4)
    10    0.04                           _12223_ (net)
                  0.13    0.00   12.20 ^ _46881_/B2 (sky130_fd_sc_hd__a221o_1)
                  0.07    0.18   12.38 ^ _46881_/X (sky130_fd_sc_hd__a221o_1)
     1    0.00                           _12252_ (net)
                  0.07    0.00   12.38 ^ _46882_/B1 (sky130_fd_sc_hd__o21a_4)
                  0.46    0.40   12.79 ^ _46882_/X (sky130_fd_sc_hd__o21a_4)
     1    0.16                           net109 (net)
                  0.51    0.13   12.91 ^ output109/A (sky130_fd_sc_hd__buf_2)
                  0.53    0.56   13.47 ^ output109/X (sky130_fd_sc_hd__buf_2)
     1    0.03                           m2_wbd_dat_o[14] (net)
                  0.54    0.06   13.53 ^ m2_wbd_dat_o[14] (out)
                                 13.53   data arrival time

                  0.15   50.00   50.00   clock clk (rise edge)
                          0.00   50.00   clock network delay (ideal)
                         -0.25   49.75   clock uncertainty
                          0.00   49.75   clock reconvergence pessimism
                        -10.00   39.75   output external delay
                                 39.75   data required time
-----------------------------------------------------------------------------
                                 39.75   data required time
                                -13.53   data arrival time
-----------------------------------------------------------------------------
                                 26.22   slack (MET)


Startpoint: m2_wbd_ack_i (input port clocked by clk)
Endpoint: m2_wbd_dat_o[11] (output port clocked by clk)
Path Group: clk
Path Type: max

Fanout     Cap    Slew   Delay    Time   Description
-----------------------------------------------------------------------------
                  0.15    0.00    0.00   clock clk (rise edge)
                          0.00    0.00   clock network delay (ideal)
                         10.00   10.00 ^ input external delay
                  0.05    0.04   10.04 ^ m2_wbd_ack_i (in)
     1    0.01                           m2_wbd_ack_i (net)
                  0.05    0.00   10.04 ^ input1/A (sky130_fd_sc_hd__buf_12)
                  0.17    0.18   10.22 ^ input1/X (sky130_fd_sc_hd__buf_12)
     7    0.19                           net1 (net)
                  0.36    0.16   10.38 ^ _44817_/A (sky130_fd_sc_hd__nand2_8)
                  0.15    0.17   10.55 v _44817_/Y (sky130_fd_sc_hd__nand2_8)
     6    0.06                           _10509_ (net)
                  0.15    0.01   10.56 v _44961_/B (sky130_fd_sc_hd__nor2_2)
                  0.23    0.25   10.81 ^ _44961_/Y (sky130_fd_sc_hd__nor2_2)
     4    0.02                           _10653_ (net)
                  0.23    0.00   10.81 ^ _45013_/A (sky130_fd_sc_hd__buf_4)
                  0.15    0.26   11.07 ^ _45013_/X (sky130_fd_sc_hd__buf_4)
    10    0.05                           _10704_ (net)
                  0.15    0.00   11.07 ^ _45014_/A (sky130_fd_sc_hd__buf_4)
                  0.18    0.26   11.33 ^ _45014_/X (sky130_fd_sc_hd__buf_4)
    10    0.06                           _10705_ (net)
                  0.18    0.00   11.33 ^ _45042_/A (sky130_fd_sc_hd__buf_6)
                  0.15    0.22   11.56 ^ _45042_/X (sky130_fd_sc_hd__buf_6)
    10    0.07                           _10731_ (net)
                  0.15    0.00   11.56 ^ _46637_/A (sky130_fd_sc_hd__nor2_4)
                  0.07    0.10   11.66 v _46637_/Y (sky130_fd_sc_hd__nor2_4)
     4    0.03                           _12052_ (net)
                  0.07    0.00   11.66 v _46755_/B (sky130_fd_sc_hd__nor2_1)
                  0.28    0.25   11.91 ^ _46755_/Y (sky130_fd_sc_hd__nor2_1)
     5    0.01                           _12140_ (net)
                  0.28    0.00   11.91 ^ _46848_/A (sky130_fd_sc_hd__clkbuf_4)
                  0.13    0.29   12.20 ^ _46848_/X (sky130_fd_sc_hd__clkbuf_4)
    10    0.04                           _12223_ (net)
                  0.13    0.00   12.20 ^ _46857_/B2 (sky130_fd_sc_hd__a221o_1)
                  0.11    0.21   12.42 ^ _46857_/X (sky130_fd_sc_hd__a221o_1)
     1    0.01                           _12231_ (net)
                  0.11    0.00   12.42 ^ _46858_/B1 (sky130_fd_sc_hd__o21a_4)
                  0.43    0.40   12.82 ^ _46858_/X (sky130_fd_sc_hd__o21a_4)
     1    0.15                           net106 (net)
                  0.48    0.11   12.93 ^ output106/A (sky130_fd_sc_hd__buf_2)
                  0.46    0.51   13.44 ^ output106/X (sky130_fd_sc_hd__buf_2)
     1    0.03                           m2_wbd_dat_o[11] (net)
                  0.47    0.04   13.48 ^ m2_wbd_dat_o[11] (out)
                                 13.48   data arrival time

                  0.15   50.00   50.00   clock clk (rise edge)
                          0.00   50.00   clock network delay (ideal)
                         -0.25   49.75   clock uncertainty
                          0.00   49.75   clock reconvergence pessimism
                        -10.00   39.75   output external delay
                                 39.75   data required time
-----------------------------------------------------------------------------
                                 39.75   data required time
                                -13.48   data arrival time
-----------------------------------------------------------------------------
                                 26.27   slack (MET)


Startpoint: m2_wbd_ack_i (input port clocked by clk)
Endpoint: m2_wbd_dat_o[24] (output port clocked by clk)
Path Group: clk
Path Type: max

Fanout     Cap    Slew   Delay    Time   Description
-----------------------------------------------------------------------------
                  0.15    0.00    0.00   clock clk (rise edge)
                          0.00    0.00   clock network delay (ideal)
                         10.00   10.00 ^ input external delay
                  0.05    0.04   10.04 ^ m2_wbd_ack_i (in)
     1    0.01                           m2_wbd_ack_i (net)
                  0.05    0.00   10.04 ^ input1/A (sky130_fd_sc_hd__buf_12)
                  0.17    0.18   10.22 ^ input1/X (sky130_fd_sc_hd__buf_12)
     7    0.19                           net1 (net)
                  0.36    0.16   10.38 ^ _44817_/A (sky130_fd_sc_hd__nand2_8)
                  0.15    0.17   10.55 v _44817_/Y (sky130_fd_sc_hd__nand2_8)
     6    0.06                           _10509_ (net)
                  0.15    0.01   10.56 v _44961_/B (sky130_fd_sc_hd__nor2_2)
                  0.23    0.25   10.81 ^ _44961_/Y (sky130_fd_sc_hd__nor2_2)
     4    0.02                           _10653_ (net)
                  0.23    0.00   10.81 ^ _45013_/A (sky130_fd_sc_hd__buf_4)
                  0.15    0.26   11.07 ^ _45013_/X (sky130_fd_sc_hd__buf_4)
    10    0.05                           _10704_ (net)
                  0.15    0.00   11.07 ^ _45014_/A (sky130_fd_sc_hd__buf_4)
                  0.18    0.26   11.33 ^ _45014_/X (sky130_fd_sc_hd__buf_4)
    10    0.06                           _10705_ (net)
                  0.18    0.00   11.33 ^ _45042_/A (sky130_fd_sc_hd__buf_6)
                  0.15    0.22   11.56 ^ _45042_/X (sky130_fd_sc_hd__buf_6)
    10    0.07                           _10731_ (net)
                  0.15    0.00   11.56 ^ _46637_/A (sky130_fd_sc_hd__nor2_4)
                  0.07    0.10   11.66 v _46637_/Y (sky130_fd_sc_hd__nor2_4)
     4    0.03                           _12052_ (net)
                  0.07    0.00   11.66 v _46755_/B (sky130_fd_sc_hd__nor2_1)
                  0.28    0.25   11.91 ^ _46755_/Y (sky130_fd_sc_hd__nor2_1)
     5    0.01                           _12140_ (net)
                  0.28    0.00   11.91 ^ _46936_/A (sky130_fd_sc_hd__clkbuf_4)
                  0.12    0.28   12.19 ^ _46936_/X (sky130_fd_sc_hd__clkbuf_4)
    10    0.04                           _12301_ (net)
                  0.12    0.00   12.19 ^ _46969_/B2 (sky130_fd_sc_hd__a221o_1)
                  0.10    0.20   12.39 ^ _46969_/X (sky130_fd_sc_hd__a221o_1)
     1    0.01                           _12330_ (net)
                  0.10    0.00   12.39 ^ _46970_/B1 (sky130_fd_sc_hd__o21a_4)
                  0.53    0.46   12.85 ^ _46970_/X (sky130_fd_sc_hd__o21a_4)
     1    0.19                           net120 (net)
                  0.63    0.18   13.03 ^ output120/A (sky130_fd_sc_hd__buf_2)
                  0.17    0.34   13.38 ^ output120/X (sky130_fd_sc_hd__buf_2)
     1    0.03                           m2_wbd_dat_o[24] (net)
                  0.17    0.00   13.38 ^ m2_wbd_dat_o[24] (out)
                                 13.38   data arrival time

                  0.15   50.00   50.00   clock clk (rise edge)
                          0.00   50.00   clock network delay (ideal)
                         -0.25   49.75   clock uncertainty
                          0.00   49.75   clock reconvergence pessimism
                        -10.00   39.75   output external delay
                                 39.75   data required time
-----------------------------------------------------------------------------
                                 39.75   data required time
                                -13.38   data arrival time
-----------------------------------------------------------------------------
                                 26.37   slack (MET)


max_report_end
check_report

===========================================================================
report_checks -unconstrained
============================================================================
Startpoint: m2_wbd_ack_i (input port clocked by clk)
Endpoint: m2_wbd_cyc_o (output port clocked by clk)
Path Group: clk
Path Type: max

Fanout     Cap    Slew   Delay    Time   Description
-----------------------------------------------------------------------------
                  0.15    0.00    0.00   clock clk (rise edge)
                          0.00    0.00   clock network delay (ideal)
                         10.00   10.00 v input external delay
                  0.02    0.02   10.02 v m2_wbd_ack_i (in)
     1    0.01                           m2_wbd_ack_i (net)
                  0.02    0.00   10.02 v input1/A (sky130_fd_sc_hd__buf_12)
                  0.07    0.16   10.17 v input1/X (sky130_fd_sc_hd__buf_12)
     7    0.19                           net1 (net)
                  0.29    0.15   10.32 v _44817_/A (sky130_fd_sc_hd__nand2_8)
                  0.14    0.23   10.55 ^ _44817_/Y (sky130_fd_sc_hd__nand2_8)
     6    0.07                           _10509_ (net)
                  0.14    0.00   10.55 ^ _44818_/A (sky130_fd_sc_hd__or3b_2)
                  0.10    0.20   10.75 ^ _44818_/X (sky130_fd_sc_hd__or3b_2)
     1    0.02                           _10510_ (net)
                  0.10    0.00   10.75 ^ _44819_/A (sky130_fd_sc_hd__clkbuf_4)
                  0.14    0.23   10.99 ^ _44819_/X (sky130_fd_sc_hd__clkbuf_4)
     8    0.04                           _10511_ (net)
                  0.14    0.00   10.99 ^ _44820_/A (sky130_fd_sc_hd__clkbuf_4)
                  0.13    0.24   11.23 ^ _44820_/X (sky130_fd_sc_hd__clkbuf_4)
    10    0.04                           _10512_ (net)
                  0.13    0.00   11.23 ^ _44821_/A (sky130_fd_sc_hd__buf_8)
                  0.17    0.21   11.44 ^ _44821_/X (sky130_fd_sc_hd__buf_8)
    10    0.10                           _10513_ (net)
                  0.17    0.02   11.46 ^ _44822_/A (sky130_fd_sc_hd__clkbuf_16)
                  0.13    0.24   11.70 ^ _44822_/X (sky130_fd_sc_hd__clkbuf_16)
    10    0.11                           _10514_ (net)
                  0.13    0.00   11.70 ^ _44972_/A (sky130_fd_sc_hd__clkbuf_16)
                  0.12    0.22   11.92 ^ _44972_/X (sky130_fd_sc_hd__clkbuf_16)
    10    0.11                           _10664_ (net)
                  0.13    0.03   11.95 ^ _44973_/A (sky130_fd_sc_hd__buf_8)
                  0.16    0.20   12.15 ^ _44973_/X (sky130_fd_sc_hd__buf_8)
    10    0.10                           _10665_ (net)
                  0.17    0.03   12.18 ^ _44974_/A (sky130_fd_sc_hd__buf_8)
                  0.17    0.23   12.41 ^ _44974_/X (sky130_fd_sc_hd__buf_8)
    10    0.10                           _10666_ (net)
                  0.18    0.03   12.44 ^ _44988_/A (sky130_fd_sc_hd__clkbuf_4)
                  0.16    0.28   12.72 ^ _44988_/X (sky130_fd_sc_hd__clkbuf_4)
    10    0.05                           _10680_ (net)
                  0.16    0.00   12.72 ^ _44989_/A (sky130_fd_sc_hd__buf_6)
                  0.14    0.21   12.93 ^ _44989_/X (sky130_fd_sc_hd__buf_6)
    10    0.07                           _10681_ (net)
                  0.14    0.00   12.94 ^ _45593_/A (sky130_fd_sc_hd__buf_8)
                  0.15    0.21   13.15 ^ _45593_/X (sky130_fd_sc_hd__buf_8)
    10    0.09                           _11246_ (net)
                  0.16    0.01   13.17 ^ _46390_/A (sky130_fd_sc_hd__clkbuf_4)
                  0.14    0.25   13.42 ^ _46390_/X (sky130_fd_sc_hd__clkbuf_4)
    10    0.04                           _11856_ (net)
                  0.14    0.00   13.43 ^ _47867_/A (sky130_fd_sc_hd__buf_4)
                  0.14    0.23   13.65 ^ _47867_/X (sky130_fd_sc_hd__buf_4)
    10    0.05                           _13132_ (net)
                  0.14    0.00   13.66 ^ _47868_/B (sky130_fd_sc_hd__and2_4)
                  0.26    0.33   13.99 ^ _47868_/X (sky130_fd_sc_hd__and2_4)
     1    0.09                           _13133_ (net)
                  0.27    0.04   14.03 ^ _47869_/A (sky130_fd_sc_hd__clkbuf_1)
                  0.06    0.14   14.18 ^ _47869_/X (sky130_fd_sc_hd__clkbuf_1)
     1    0.00                           net103 (net)
                  0.06    0.00   14.18 ^ output103/A (sky130_fd_sc_hd__buf_2)
                  0.57    0.47   14.65 ^ output103/X (sky130_fd_sc_hd__buf_2)
     1    0.03                           m2_wbd_cyc_o (net)
                  0.58    0.07   14.72 ^ m2_wbd_cyc_o (out)
                                 14.72   data arrival time

                  0.15   50.00   50.00   clock clk (rise edge)
                          0.00   50.00   clock network delay (ideal)
                         -0.25   49.75   clock uncertainty
                          0.00   49.75   clock reconvergence pessimism
                        -10.00   39.75   output external delay
                                 39.75   data required time
-----------------------------------------------------------------------------
                                 39.75   data required time
                                -14.72   data arrival time
-----------------------------------------------------------------------------
                                 25.03   slack (MET)



===========================================================================
report_checks --slack_max -0.01
============================================================================
No paths found.
check_report_end
check_slew

===========================================================================
 report_check_types -max_slew -max_cap -max_fanout -violators
============================================================================

===========================================================================
max slew violation count 0
max fanout violation count 0
max cap violation count 0
============================================================================
check_slew_end
tns_report

===========================================================================
 report_tns
============================================================================
tns 0.00
tns_report_end
wns_report

===========================================================================
 report_wns
============================================================================
wns 0.00
wns_report_end
worst_slack

===========================================================================
 report_worst_slack -max (Setup)
============================================================================
worst slack 25.03

===========================================================================
 report_worst_slack -min (Hold)
============================================================================
worst slack 0.19
worst_slack_end
clock_skew

===========================================================================
 report_clock_skew
============================================================================
Clock clk
Latency      CRPR       Skew
_86929_/CLK ^
  59.12
_86929_/CLK ^
  53.49      0.00       5.63

clock_skew_end
power_report

===========================================================================
 report_power
============================================================================
Group                  Internal  Switching    Leakage      Total
                          Power      Power      Power      Power (Watts)
----------------------------------------------------------------
Sequential             7.86e-03   3.98e-04   7.84e-08   8.26e-03  56.1%
Combinational          2.67e-03   3.79e-03   1.77e-07   6.46e-03  43.9%
Macro                  0.00e+00   0.00e+00   0.00e+00   0.00e+00   0.0%
Pad                    0.00e+00   0.00e+00   0.00e+00   0.00e+00   0.0%
----------------------------------------------------------------
Total                  1.05e-02   4.19e-03   2.55e-07   1.47e-02 100.0%
                          71.6%      28.4%       0.0%
power_report_end
area_report

===========================================================================
 report_design_area
============================================================================
Design area 1571462 u^2 52% utilization.
area_report_end
Setting global connections for newly added cells...
Writing OpenROAD database to /openlane/designs/lab1/runs/RUN_2022.10.25_03.48.37/tmp/placement/10-resizer.odb...
Writing netlist to /openlane/designs/lab1/runs/RUN_2022.10.25_03.48.37/tmp/placement/10-resizer.nl.v...
Writing powered netlist to /openlane/designs/lab1/runs/RUN_2022.10.25_03.48.37/tmp/placement/10-resizer.pnl.v...
Writing layout to /openlane/designs/lab1/runs/RUN_2022.10.25_03.48.37/tmp/placement/10-resizer.def...
Writing timing constraints to /openlane/designs/lab1/runs/RUN_2022.10.25_03.48.37/tmp/placement/10-resizer.sdc...
