
57. Printing statistics.

=== lab1 ===

   Number of wires:              53097
   Number of wire bits:          53276
   Number of public wires:        9824
   Number of public wire bits:   10003
   Number of memories:               0
   Number of memory bits:            0
   Number of processes:              0
   Number of cells:              53016
     sky130_fd_sc_hd__a2111o_2      20
     sky130_fd_sc_hd__a2111oi_2      1
     sky130_fd_sc_hd__a211o_2      659
     sky130_fd_sc_hd__a211oi_2      12
     sky130_fd_sc_hd__a21bo_2       84
     sky130_fd_sc_hd__a21boi_2       9
     sky130_fd_sc_hd__a21o_2      1707
     sky130_fd_sc_hd__a21oi_2      566
     sky130_fd_sc_hd__a221o_2     3011
     sky130_fd_sc_hd__a221oi_2       3
     sky130_fd_sc_hd__a22o_2      2180
     sky130_fd_sc_hd__a22oi_2       31
     sky130_fd_sc_hd__a2bb2o_2      86
     sky130_fd_sc_hd__a311o_2      135
     sky130_fd_sc_hd__a311oi_2       5
     sky130_fd_sc_hd__a31o_2       598
     sky130_fd_sc_hd__a31oi_2       27
     sky130_fd_sc_hd__a32o_2       184
     sky130_fd_sc_hd__a32oi_2        1
     sky130_fd_sc_hd__a41o_2        12
     sky130_fd_sc_hd__and2_2       901
     sky130_fd_sc_hd__and2b_2       85
     sky130_fd_sc_hd__and3_2      1228
     sky130_fd_sc_hd__and3b_2       34
     sky130_fd_sc_hd__and4_2        81
     sky130_fd_sc_hd__and4b_2       34
     sky130_fd_sc_hd__and4bb_2      13
     sky130_fd_sc_hd__buf_1       8739
     sky130_fd_sc_hd__buf_2          5
     sky130_fd_sc_hd__conb_1        69
     sky130_fd_sc_hd__dfxtp_2     9253
     sky130_fd_sc_hd__dlxtn_1       32
     sky130_fd_sc_hd__inv_2        667
     sky130_fd_sc_hd__mux2_2     11009
     sky130_fd_sc_hd__mux4_2       596
     sky130_fd_sc_hd__nand2_2      726
     sky130_fd_sc_hd__nand2b_2       4
     sky130_fd_sc_hd__nand3_2       22
     sky130_fd_sc_hd__nand3b_2      15
     sky130_fd_sc_hd__nand4_2        8
     sky130_fd_sc_hd__nor2_2      3367
     sky130_fd_sc_hd__nor2b_2        4
     sky130_fd_sc_hd__nor3_2        39
     sky130_fd_sc_hd__nor3b_2        5
     sky130_fd_sc_hd__nor4_2         7
     sky130_fd_sc_hd__nor4b_2        3
     sky130_fd_sc_hd__o2111a_2      16
     sky130_fd_sc_hd__o2111ai_2      3
     sky130_fd_sc_hd__o211a_2     1413
     sky130_fd_sc_hd__o211ai_2      29
     sky130_fd_sc_hd__o21a_2       820
     sky130_fd_sc_hd__o21ai_2      547
     sky130_fd_sc_hd__o21ba_2       82
     sky130_fd_sc_hd__o21bai_2       9
     sky130_fd_sc_hd__o221a_2      464
     sky130_fd_sc_hd__o221ai_2      10
     sky130_fd_sc_hd__o22a_2       237
     sky130_fd_sc_hd__o22ai_2       15
     sky130_fd_sc_hd__o2bb2a_2     133
     sky130_fd_sc_hd__o2bb2ai_2      1
     sky130_fd_sc_hd__o311a_2      146
     sky130_fd_sc_hd__o311ai_2       1
     sky130_fd_sc_hd__o31a_2        42
     sky130_fd_sc_hd__o31ai_2       10
     sky130_fd_sc_hd__o32a_2        36
     sky130_fd_sc_hd__o32ai_2        3
     sky130_fd_sc_hd__o41a_2         1
     sky130_fd_sc_hd__o41ai_2        1
     sky130_fd_sc_hd__or2_2       1853
     sky130_fd_sc_hd__or2b_2        86
     sky130_fd_sc_hd__or3_2        169
     sky130_fd_sc_hd__or3b_2       148
     sky130_fd_sc_hd__or4_2        111
     sky130_fd_sc_hd__or4b_2        31
     sky130_fd_sc_hd__or4bb_2        5
     sky130_fd_sc_hd__xnor2_2      194
     sky130_fd_sc_hd__xor2_2       118
     sky130_sram_1kbyte_1rw1r_32x256_8      5

   Area for cell type \sky130_sram_1kbyte_1rw1r_32x256_8 is unknown!

   Chip area for module '\lab1': 570951.337600

