
===========================================================================
report_checks -unconstrained
============================================================================
Startpoint: m2_wbd_ack_i (input port clocked by clk)
Endpoint: m2_wbd_cyc_o (output port clocked by clk)
Path Group: clk
Path Type: max

Fanout     Cap    Slew   Delay    Time   Description
-----------------------------------------------------------------------------
                  0.15    0.00    0.00   clock clk (rise edge)
                          0.00    0.00   clock network delay (ideal)
                         10.00   10.00 v input external delay
                  0.06    0.04   10.04 v m2_wbd_ack_i (in)
     7    0.02                           m2_wbd_ack_i (net)
                  0.06    0.00   10.04 v _44824_/A (sky130_fd_sc_hd__nand2_2)
                  0.10    0.10   10.14 ^ _44824_/Y (sky130_fd_sc_hd__nand2_2)
     6    0.02                           _10518_ (net)
                  0.10    0.00   10.14 ^ _44825_/A (sky130_fd_sc_hd__or3b_2)
                  0.03    0.13   10.27 ^ _44825_/X (sky130_fd_sc_hd__or3b_2)
     1    0.00                           _10519_ (net)
                  0.03    0.00   10.28 ^ _44826_/A (sky130_fd_sc_hd__buf_1)
                  0.38    0.32   10.60 ^ _44826_/X (sky130_fd_sc_hd__buf_1)
     8    0.03                           _10520_ (net)
                  0.38    0.00   10.60 ^ _44827_/A (sky130_fd_sc_hd__buf_1)
                  0.39    0.38   10.98 ^ _44827_/X (sky130_fd_sc_hd__buf_1)
    10    0.03                           _10521_ (net)
                  0.39    0.00   10.98 ^ _44828_/A (sky130_fd_sc_hd__buf_1)
                  0.39    0.38   11.37 ^ _44828_/X (sky130_fd_sc_hd__buf_1)
    10    0.03                           _10522_ (net)
                  0.39    0.00   11.37 ^ _44829_/A (sky130_fd_sc_hd__buf_1)
                  0.34    0.35   11.72 ^ _44829_/X (sky130_fd_sc_hd__buf_1)
    10    0.03                           _10523_ (net)
                  0.34    0.00   11.72 ^ _44978_/A (sky130_fd_sc_hd__buf_1)
                  0.28    0.30   12.02 ^ _44978_/X (sky130_fd_sc_hd__buf_1)
    10    0.02                           _10672_ (net)
                  0.28    0.00   12.02 ^ _44979_/A (sky130_fd_sc_hd__buf_1)
                  0.30    0.31   12.34 ^ _44979_/X (sky130_fd_sc_hd__buf_1)
    10    0.03                           _10673_ (net)
                  0.30    0.00   12.34 ^ _44980_/A (sky130_fd_sc_hd__buf_1)
                  0.29    0.31   12.65 ^ _44980_/X (sky130_fd_sc_hd__buf_1)
    10    0.02                           _10674_ (net)
                  0.29    0.00   12.65 ^ _44994_/A (sky130_fd_sc_hd__buf_1)
                  0.47    0.44   13.08 ^ _44994_/X (sky130_fd_sc_hd__buf_1)
    10    0.04                           _10688_ (net)
                  0.47    0.00   13.09 ^ _45297_/A (sky130_fd_sc_hd__buf_1)
                  0.52    0.48   13.57 ^ _45297_/X (sky130_fd_sc_hd__buf_1)
    10    0.05                           _10973_ (net)
                  0.52    0.00   13.57 ^ _45599_/A (sky130_fd_sc_hd__buf_1)
                  0.39    0.40   13.97 ^ _45599_/X (sky130_fd_sc_hd__buf_1)
    10    0.03                           _11254_ (net)
                  0.39    0.00   13.97 ^ _46397_/A (sky130_fd_sc_hd__buf_1)
                  0.29    0.31   14.28 ^ _46397_/X (sky130_fd_sc_hd__buf_1)
    10    0.02                           _11865_ (net)
                  0.29    0.00   14.28 ^ _47870_/A (sky130_fd_sc_hd__buf_1)
                  0.31    0.32   14.60 ^ _47870_/X (sky130_fd_sc_hd__buf_1)
    10    0.03                           _13137_ (net)
                  0.31    0.00   14.61 ^ _47871_/B (sky130_fd_sc_hd__and2_2)
                  0.04    0.20   14.80 ^ _47871_/X (sky130_fd_sc_hd__and2_2)
     1    0.00                           _13138_ (net)
                  0.04    0.00   14.81 ^ _47872_/A (sky130_fd_sc_hd__buf_1)
                  0.43    0.32   15.13 ^ _47872_/X (sky130_fd_sc_hd__buf_1)
     1    0.03                           m2_wbd_cyc_o (net)
                  0.43    0.00   15.13 ^ m2_wbd_cyc_o (out)
                                 15.13   data arrival time

                  0.15   50.00   50.00   clock clk (rise edge)
                          0.00   50.00   clock network delay (ideal)
                         -0.25   49.75   clock uncertainty
                          0.00   49.75   clock reconvergence pessimism
                        -10.00   39.75   output external delay
                                 39.75   data required time
-----------------------------------------------------------------------------
                                 39.75   data required time
                                -15.13   data arrival time
-----------------------------------------------------------------------------
                                 24.62   slack (MET)



===========================================================================
report_checks --slack_max -0.01
============================================================================
No paths found.
